Episode,Time,Reward,World,Stage,X Position,Y Position,Life,Score,Status,Reached Flag
0,0,37.32691025733948,-342.30000000000007,1,1,594,114,2,0,small,False
1,0,33.197674036026,-213.50000000000009,1,1,722,104,2,200,small,False
2,0,32.8629195690155,-342.1600000000001,1,1,593,95,2,0,small,False
3,0,32.91922903060913,-342.2800000000001,1,1,594,103,2,0,small,False
4,0,32.43486404418945,-341.88000000000005,1,1,594,99,2,100,small,False
5,0,32.564358711242676,-342.00000000000006,1,1,594,89,2,100,small,False
6,0,33.04681658744812,-211.8400000000001,1,1,722,100,2,300,small,False
7,0,32.96743559837341,-211.96000000000006,1,1,722,96,2,100,small,False
8,0,0.9560530185699463,204.7,1,1,40,79,1,0,small,False
9,0,0.8627967834472656,218.23999999999998,1,1,40,79,1,0,small,False
10,0,1.0707011222839355,201.2,1,1,40,79,1,0,small,False
0,0,36.82211470603943,-213.64000000000007,1,1,721,101,2,100,small,False
0,0,36.39520835876465,-341.74000000000007,1,1,594,93,2,100,small,False
1,0,0.8931577205657959,211.0,1,1,40,79,1,0,small,False
2,0,32.29893136024475,-342.0800000000001,1,1,594,89,2,0,small,False
3,0,33.19917058944702,-212.66000000000008,1,1,722,99,2,200,small,False
4,0,32.83051896095276,-342.9000000000001,1,1,594,79,2,200,small,False
5,0,33.20613169670105,-213.5600000000001,1,1,721,104,2,100,small,False
6,0,33.57129979133606,-342.9600000000001,1,1,594,84,2,100,small,False
7,0,32.56763291358948,-342.32000000000005,1,1,594,86,2,100,small,False
8,0,0.9583027362823486,208.7,1,1,40,79,1,0,small,False
9,0,0.8237330913543701,213.16,1,1,40,79,1,0,small,False
10,0,32.46727633476257,-341.5200000000001,1,1,594,89,2,0,small,False
11,0,32.71526098251343,-342.0400000000001,1,1,594,101,2,300,small,False
12,0,32.81609320640564,-342.6400000000001,1,1,594,99,2,0,small,False
13,0,0.8635234832763672,210.07999999999998,1,1,40,79,1,0,small,False
14,0,32.743616819381714,-341.7800000000001,1,1,594,101,2,0,small,False
15,0,33.79085087776184,-343.4600000000001,1,1,594,79,2,0,small,False
16,0,34.11647939682007,-341.5800000000001,1,1,594,79,2,0,small,False
17,0,3.856412649154663,555.3199999999999,1,1,40,79,1,0,small,False
18,0,33.14620566368103,-341.94000000000005,1,1,594,103,2,200,small,False
19,0,33.64523911476135,-341.6600000000001,1,1,594,79,2,100,small,False
20,0,33.189977169036865,-343.5400000000001,1,1,593,89,2,0,small,False
21,0,8.171043634414673,437.21999999999997,1,1,40,79,1,100,small,False
22,0,32.098560094833374,-342.4600000000001,1,1,594,103,2,100,small,False
23,0,32.67600655555725,-341.50000000000006,1,1,594,108,2,0,small,False
24,0,0.8769867420196533,208.9,1,1,40,79,1,0,small,False
0,0,34.10601210594177,-342.26000000000005,1,1,593,101,2,0,small,False
1,0,33.15209984779358,-213.38000000000008,1,1,722,105,2,200,small,False
2,0,0.8101427555084229,217.0,1,1,40,79,1,0,small,False
3,0,32.91192078590393,-343.4600000000001,1,1,594,114,2,0,small,False
4,0,1.3231537342071533,206.4,1,1,40,79,1,0,small,False
5,0,33.01975679397583,-343.1000000000001,1,1,594,108,2,0,small,False
6,0,32.357680797576904,-213.40000000000006,1,1,719,79,2,1100,tall,False
7,0,32.37614941596985,-344.38000000000005,1,1,592,106,2,0,small,False
8,0,32.59428572654724,-342.7200000000001,1,1,594,102,2,0,small,False
9,0,32.36026334762573,-343.4800000000001,1,1,594,102,2,100,small,False
10,0,32.74577593803406,-343.0400000000001,1,1,594,105,2,0,small,False
11,0,0.9181256294250488,212.1,1,1,40,79,1,0,small,False
12,0,0.9567041397094727,198.7,1,1,40,79,1,0,small,False
13,0,0.9409763813018799,199.0,1,1,40,79,1,0,small,False
14,0,32.15066146850586,-341.80000000000007,1,1,594,99,2,100,small,False
15,0,32.591144323349,-342.38000000000005,1,1,594,79,2,0,small,False
16,0,2.0288197994232178,600.9,1,1,40,79,1,0,small,False
17,0,32.48765444755554,-342.6400000000001,1,1,594,84,2,200,small,False
18,0,32.148876905441284,-343.8400000000001,1,1,593,93,2,0,small,False
19,0,32.30461645126343,-346.44000000000005,1,1,591,106,2,100,small,False
20,0,32.49657225608826,-212.88000000000008,1,1,722,101,2,200,small,False
21,0,32.33366680145264,-255.34000000000006,1,1,40,79,1,100,small,False
22,0,32.19994497299194,-342.9800000000001,1,1,594,91,2,100,small,False
23,0,35.62215995788574,-342.86000000000007,1,1,593,84,2,100,small,False
24,0,34.91897749900818,-343.2800000000001,1,1,594,104,2,0,small,False
25,0,37.43267512321472,-342.9000000000001,1,1,594,103,2,0,small,False
26,0,21.863660097122192,148.31999999999996,1,1,40,79,1,100,small,False
27,0,39.94446396827698,-213.74000000000007,1,1,722,95,2,200,small,False
28,0,40.583991050720215,-213.70000000000007,1,1,722,106,2,100,small,False
29,0,0.8552758693695068,220.29999999999998,1,1,40,79,1,0,small,False
30,0,1.1262609958648682,199.98,1,1,40,79,1,0,small,False
31,0,14.397112131118774,311.78,1,1,40,79,1,0,small,False
32,0,1.0711870193481445,211.5,1,1,40,79,1,0,small,False
33,0,39.97424030303955,-343.00000000000006,1,1,594,103,2,200,small,False
34,0,39.8437774181366,-342.3400000000001,1,1,594,84,2,0,small,False
35,0,37.44138836860657,-213.30000000000007,1,1,722,106,2,100,small,False
36,0,40.024070024490356,-342.6000000000001,1,1,594,79,2,0,small,False
37,0,36.65705156326294,-342.7000000000001,1,1,594,79,2,0,small,False
38,0,0.8908939361572266,210.29999999999998,1,1,40,79,1,0,small,False
39,0,38.9434757232666,-341.9800000000001,1,1,594,89,2,0,small,False
40,0,39.49551796913147,-213.54000000000008,1,1,722,96,2,100,small,False
41,0,39.852046251297,-213.64000000000007,1,1,722,96,2,100,small,False
42,0,39.92074394226074,-342.18000000000006,1,1,594,79,2,100,small,False
43,0,39.54266381263733,-342.5200000000001,1,1,594,79,2,200,small,False
44,0,39.95099759101868,-342.36000000000007,1,1,594,101,2,200,small,False
45,0,0.9754054546356201,222.73999999999998,1,1,40,79,1,0,small,False
46,0,40.05567193031311,-343.12000000000006,1,1,594,98,2,0,small,False
47,0,0.9650864601135254,218.16,1,1,40,79,1,0,small,False
48,0,36.98521542549133,-343.4600000000001,1,1,594,79,2,0,small,False
49,0,33.96633529663086,-215.2800000000001,1,1,722,79,2,100,small,False
50,0,35.25152564048767,-343.80000000000007,1,1,594,102,2,0,small,False
51,0,34.137144804000854,-343.80000000000007,1,1,594,85,2,0,small,False
52,0,0.6739542484283447,222.7,1,1,40,79,1,0,small,False
53,0,32.7212917804718,-343.62000000000006,1,1,594,79,2,0,small,False
54,0,35.44125556945801,-213.90000000000006,1,1,722,96,2,200,small,False
55,0,34.88711094856262,-342.4600000000001,1,1,594,102,2,0,small,False
56,0,35.249855041503906,-37.340000000000074,1,1,898,79,2,400,small,False
57,0,35.488094329833984,-210.44000000000008,1,1,722,101,2,300,small,False
58,0,0.7078688144683838,222.26,1,1,40,79,1,200,small,False
59,0,35.33062767982483,-210.02000000000007,1,1,722,96,2,300,small,False
60,0,1.8451063632965088,579.62,1,1,40,79,1,100,small,False
61,0,35.37139272689819,-208.52000000000007,1,1,722,101,2,500,small,False
62,0,7.884449481964111,459.44,1,1,40,79,1,0,small,False
63,0,35.688021659851074,-208.54000000000008,1,1,722,79,2,200,small,False
64,0,5.412242889404297,474.21999999999997,1,1,40,79,1,0,small,False
65,0,3.096837043762207,524.54,1,1,40,79,1,100,small,False
66,0,35.592984199523926,-213.48000000000008,1,1,722,79,2,200,small,False
67,0,37.20343852043152,-344.0800000000001,1,1,594,96,2,100,small,False
68,0,38.02587890625,-344.7800000000001,1,1,594,109,2,0,small,False
69,0,37.73220634460449,-345.2200000000001,1,1,594,106,2,0,small,False
70,0,0.821936845779419,225.1,1,1,40,79,1,0,small,False
71,0,38.623976945877075,-344.30000000000007,1,1,594,96,2,100,small,False
72,0,35.08689069747925,-342.38000000000005,1,1,594,89,2,0,small,False
73,0,33.480080127716064,-208.38000000000008,1,1,722,88,2,200,small,False
74,0,34.2416934967041,-204.44000000000008,1,1,722,99,2,200,small,False
75,0,0.8315300941467285,214.44,1,1,40,79,1,0,small,False
76,0,33.045154333114624,-5.500000000000064,1,1,40,79,1,200,small,False
77,0,35.61991810798645,-203.76000000000008,1,1,722,103,2,100,small,False
78,0,0.7707021236419678,225.28,1,1,40,79,1,200,small,False
79,0,8.482034921646118,1156.74,1,1,1320,79,1,200,small,False
80,0,2.607738971710205,549.76,1,1,40,79,1,0,small,False
81,0,1.9893429279327393,591.54,1,1,40,79,1,100,small,False
82,0,0.7264316082000732,224.22,1,1,40,79,1,0,small,False
83,0,0.725191593170166,223.48,1,1,40,79,1,0,small,False
84,0,0.7185366153717041,223.48,1,1,40,79,1,0,small,False
85,0,0.7311644554138184,223.48,1,1,40,79,1,0,small,False
86,0,0.7266829013824463,223.48,1,1,40,79,1,0,small,False
87,0,0.7111060619354248,223.48,1,1,40,79,1,0,small,False
88,0,0.7370522022247314,223.48,1,1,40,79,1,0,small,False
89,0,0.7310338020324707,223.48,1,1,40,79,1,0,small,False
90,0,0.6764204502105713,223.48,1,1,40,79,1,0,small,False
91,0,0.67356276512146,223.48,1,1,40,79,1,0,small,False
92,0,0.7005565166473389,223.48,1,1,40,79,1,0,small,False
93,0,0.7163636684417725,223.48,1,1,40,79,1,0,small,False
94,0,0.6858401298522949,223.48,1,1,40,79,1,0,small,False
95,0,0.676846981048584,223.48,1,1,40,79,1,0,small,False
96,0,0.6966254711151123,223.48,1,1,40,79,1,0,small,False
97,0,0.6916842460632324,223.48,1,1,40,79,1,0,small,False
98,0,0.6764638423919678,223.48,1,1,40,79,1,0,small,False
99,0,0.6632299423217773,223.48,1,1,40,79,1,0,small,False
100,0,0.6862156391143799,223.48,1,1,40,79,1,0,small,False
101,0,0.668701171875,223.48,1,1,40,79,1,0,small,False
102,0,0.6502325534820557,223.48,1,1,40,79,1,0,small,False
103,0,0.6898744106292725,223.48,1,1,40,79,1,0,small,False
104,0,0.7026183605194092,223.48,1,1,40,79,1,0,small,False
105,0,0.75211501121521,223.48,1,1,40,79,1,0,small,False
106,0,0.7569892406463623,223.48,1,1,40,79,1,0,small,False
107,0,0.6932580471038818,223.48,1,1,40,79,1,0,small,False
108,0,0.6982345581054688,223.48,1,1,40,79,1,0,small,False
109,0,0.6790018081665039,223.48,1,1,40,79,1,0,small,False
110,0,0.6898636817932129,223.48,1,1,40,79,1,0,small,False
111,0,0.6740210056304932,223.48,1,1,40,79,1,0,small,False
112,0,0.7020626068115234,223.48,1,1,40,79,1,0,small,False
113,0,0.6930351257324219,223.48,1,1,40,79,1,0,small,False
114,0,0.6796684265136719,223.48,1,1,40,79,1,0,small,False
115,0,0.6773228645324707,223.48,1,1,40,79,1,0,small,False
116,0,0.676891565322876,223.48,1,1,40,79,1,0,small,False
117,0,0.6671247482299805,223.48,1,1,40,79,1,0,small,False
118,0,0.6809964179992676,223.48,1,1,40,79,1,0,small,False
119,0,0.6624116897583008,223.48,1,1,40,79,1,0,small,False
120,0,0.6567013263702393,223.48,1,1,40,79,1,0,small,False
121,0,0.6667921543121338,223.48,1,1,40,79,1,0,small,False
122,0,0.6708173751831055,223.48,1,1,40,79,1,0,small,False
123,0,0.6629989147186279,223.48,1,1,40,79,1,0,small,False
124,0,0.6934652328491211,223.48,1,1,40,79,1,0,small,False
125,0,0.6689333915710449,223.48,1,1,40,79,1,0,small,False
126,0,0.6790213584899902,223.48,1,1,40,79,1,0,small,False
127,0,0.6699068546295166,223.48,1,1,40,79,1,0,small,False
128,0,0.6739153861999512,223.48,1,1,40,79,1,0,small,False
129,0,0.6833004951477051,223.48,1,1,40,79,1,0,small,False
130,0,0.6746149063110352,223.48,1,1,40,79,1,0,small,False
131,0,0.6741015911102295,223.48,1,1,40,79,1,0,small,False
132,0,0.6751494407653809,223.48,1,1,40,79,1,0,small,False
133,0,0.6908595561981201,223.48,1,1,40,79,1,0,small,False
134,0,0.6883559226989746,223.48,1,1,40,79,1,0,small,False
135,0,0.6814110279083252,223.48,1,1,40,79,1,0,small,False
136,0,0.6787147521972656,223.48,1,1,40,79,1,0,small,False
137,0,0.677046537399292,223.48,1,1,40,79,1,0,small,False
138,0,0.6946051120758057,223.48,1,1,40,79,1,0,small,False
139,0,0.6816270351409912,223.48,1,1,40,79,1,0,small,False
140,0,0.6720304489135742,223.48,1,1,40,79,1,0,small,False
141,0,0.6734225749969482,223.48,1,1,40,79,1,0,small,False
142,0,0.703864336013794,223.48,1,1,40,79,1,0,small,False
143,0,0.6996443271636963,223.48,1,1,40,79,1,0,small,False
144,0,0.7023928165435791,223.48,1,1,40,79,1,0,small,False
145,0,0.7080278396606445,223.48,1,1,40,79,1,0,small,False
146,0,0.699213981628418,223.48,1,1,40,79,1,0,small,False
147,0,0.6990625858306885,223.48,1,1,40,79,1,0,small,False
148,0,0.6813373565673828,223.48,1,1,40,79,1,0,small,False
149,0,0.690476655960083,223.48,1,1,40,79,1,0,small,False
150,0,0.6879932880401611,223.48,1,1,40,79,1,0,small,False
151,0,0.6858196258544922,223.48,1,1,40,79,1,0,small,False
152,0,0.6883735656738281,223.48,1,1,40,79,1,0,small,False
153,0,0.6824121475219727,223.48,1,1,40,79,1,0,small,False
154,0,0.6953637599945068,223.48,1,1,40,79,1,0,small,False
155,0,0.6936371326446533,223.48,1,1,40,79,1,0,small,False
156,0,0.6893303394317627,223.48,1,1,40,79,1,0,small,False
157,0,0.6923830509185791,223.48,1,1,40,79,1,0,small,False
158,0,0.695655107498169,223.48,1,1,40,79,1,0,small,False
159,0,0.6920709609985352,223.48,1,1,40,79,1,0,small,False
160,0,0.6927981376647949,223.48,1,1,40,79,1,0,small,False
161,0,0.7039146423339844,223.48,1,1,40,79,1,0,small,False
162,0,0.7364406585693359,223.48,1,1,40,79,1,0,small,False
163,0,0.6807765960693359,223.48,1,1,40,79,1,0,small,False
164,0,0.6887381076812744,223.48,1,1,40,79,1,0,small,False
165,0,0.6826984882354736,223.48,1,1,40,79,1,0,small,False
166,0,0.6793391704559326,223.48,1,1,40,79,1,0,small,False
167,0,0.6874494552612305,223.48,1,1,40,79,1,0,small,False
168,0,0.682506799697876,223.48,1,1,40,79,1,0,small,False
169,0,0.6832947731018066,223.48,1,1,40,79,1,0,small,False
170,0,0.7062160968780518,223.48,1,1,40,79,1,0,small,False
171,0,0.700873851776123,223.48,1,1,40,79,1,0,small,False
172,0,0.6927852630615234,223.48,1,1,40,79,1,0,small,False
173,0,0.6936635971069336,223.48,1,1,40,79,1,0,small,False
174,0,0.6904134750366211,223.48,1,1,40,79,1,0,small,False
175,0,0.7335619926452637,223.48,1,1,40,79,1,0,small,False
176,0,0.6903107166290283,223.48,1,1,40,79,1,0,small,False
177,0,0.6921284198760986,223.48,1,1,40,79,1,0,small,False
178,0,0.6999444961547852,223.48,1,1,40,79,1,0,small,False
179,0,0.6947643756866455,223.48,1,1,40,79,1,0,small,False
180,0,0.7068991661071777,223.48,1,1,40,79,1,0,small,False
181,0,0.7286174297332764,223.48,1,1,40,79,1,0,small,False
182,0,0.6842730045318604,223.48,1,1,40,79,1,0,small,False
183,0,0.728954553604126,223.48,1,1,40,79,1,0,small,False
184,0,0.6976742744445801,223.48,1,1,40,79,1,0,small,False
185,0,0.6840741634368896,223.48,1,1,40,79,1,0,small,False
186,0,0.6742818355560303,223.48,1,1,40,79,1,0,small,False
187,0,0.6806020736694336,223.48,1,1,40,79,1,0,small,False
188,0,0.6834254264831543,223.48,1,1,40,79,1,0,small,False
189,0,0.6721479892730713,223.48,1,1,40,79,1,0,small,False
190,0,0.6852991580963135,223.48,1,1,40,79,1,0,small,False
191,0,0.6812832355499268,223.48,1,1,40,79,1,0,small,False
192,0,0.6723072528839111,223.48,1,1,40,79,1,0,small,False
193,0,0.6954548358917236,223.48,1,1,40,79,1,0,small,False
194,0,0.7422220706939697,223.48,1,1,40,79,1,0,small,False
195,0,0.6985158920288086,223.48,1,1,40,79,1,0,small,False
196,0,0.6832582950592041,223.48,1,1,40,79,1,0,small,False
197,0,0.686192512512207,223.48,1,1,40,79,1,0,small,False
198,0,0.6829032897949219,223.48,1,1,40,79,1,0,small,False
199,0,0.6828961372375488,223.48,1,1,40,79,1,0,small,False
200,0,0.6883158683776855,223.48,1,1,40,79,1,0,small,False
201,0,0.6947457790374756,223.48,1,1,40,79,1,0,small,False
202,0,0.6767780780792236,223.48,1,1,40,79,1,0,small,False
203,0,0.6943247318267822,223.48,1,1,40,79,1,0,small,False
204,0,0.694359302520752,223.48,1,1,40,79,1,0,small,False
205,0,0.6828186511993408,223.48,1,1,40,79,1,0,small,False
206,0,0.6878368854522705,223.48,1,1,40,79,1,0,small,False
207,0,0.6882007122039795,223.48,1,1,40,79,1,0,small,False
208,0,0.6709532737731934,223.48,1,1,40,79,1,0,small,False
209,0,0.6901051998138428,223.48,1,1,40,79,1,0,small,False
210,0,0.6836960315704346,223.48,1,1,40,79,1,0,small,False
211,0,0.674523115158081,223.48,1,1,40,79,1,0,small,False
212,0,0.6860067844390869,223.48,1,1,40,79,1,0,small,False
213,0,0.6809771060943604,223.48,1,1,40,79,1,0,small,False
214,0,0.6777844429016113,223.48,1,1,40,79,1,0,small,False
215,0,0.6760745048522949,223.48,1,1,40,79,1,0,small,False
216,0,0.6710352897644043,223.48,1,1,40,79,1,0,small,False
217,0,0.6749083995819092,223.48,1,1,40,79,1,0,small,False
218,0,0.6845564842224121,223.48,1,1,40,79,1,0,small,False
219,0,0.6737809181213379,223.48,1,1,40,79,1,0,small,False
220,0,0.675239086151123,223.48,1,1,40,79,1,0,small,False
221,0,0.7002251148223877,223.48,1,1,40,79,1,0,small,False
222,0,0.6756980419158936,223.48,1,1,40,79,1,0,small,False
223,0,0.6730480194091797,223.48,1,1,40,79,1,0,small,False
224,0,0.6692831516265869,223.48,1,1,40,79,1,0,small,False
225,0,0.666353702545166,223.48,1,1,40,79,1,0,small,False
226,0,0.677647590637207,223.48,1,1,40,79,1,0,small,False
227,0,0.665924072265625,223.48,1,1,40,79,1,0,small,False
228,0,0.6836135387420654,223.48,1,1,40,79,1,0,small,False
229,0,0.678656816482544,223.48,1,1,40,79,1,0,small,False
230,0,0.6801867485046387,223.48,1,1,40,79,1,0,small,False
231,0,0.6696937084197998,223.48,1,1,40,79,1,0,small,False
232,0,0.6743731498718262,223.48,1,1,40,79,1,0,small,False
233,0,0.684014081954956,223.48,1,1,40,79,1,0,small,False
234,0,0.678769588470459,223.48,1,1,40,79,1,0,small,False
235,0,0.6808617115020752,223.48,1,1,40,79,1,0,small,False
236,0,0.6955692768096924,223.48,1,1,40,79,1,0,small,False
237,0,0.6797881126403809,223.48,1,1,40,79,1,0,small,False
238,0,0.6874675750732422,223.48,1,1,40,79,1,0,small,False
239,0,0.6775913238525391,223.48,1,1,40,79,1,0,small,False
240,0,0.6718409061431885,223.48,1,1,40,79,1,0,small,False
241,0,0.6817865371704102,223.48,1,1,40,79,1,0,small,False
242,0,0.6797614097595215,223.48,1,1,40,79,1,0,small,False
243,0,0.6736054420471191,223.48,1,1,40,79,1,0,small,False
244,0,0.681201696395874,223.48,1,1,40,79,1,0,small,False
245,0,0.6844565868377686,223.48,1,1,40,79,1,0,small,False
246,0,0.6793656349182129,223.48,1,1,40,79,1,0,small,False
247,0,0.6818406581878662,223.48,1,1,40,79,1,0,small,False
248,0,0.6805145740509033,223.48,1,1,40,79,1,0,small,False
249,0,0.6703212261199951,223.48,1,1,40,79,1,0,small,False
250,0,0.6869845390319824,223.48,1,1,40,79,1,0,small,False
251,0,0.6843278408050537,223.48,1,1,40,79,1,0,small,False
252,0,0.7046422958374023,223.48,1,1,40,79,1,0,small,False
253,0,0.6738393306732178,223.48,1,1,40,79,1,0,small,False
254,0,0.686248779296875,223.48,1,1,40,79,1,0,small,False
255,0,0.6709668636322021,223.48,1,1,40,79,1,0,small,False
256,0,0.6811084747314453,223.48,1,1,40,79,1,0,small,False
257,0,0.6880989074707031,223.48,1,1,40,79,1,0,small,False
258,0,0.6842238903045654,223.48,1,1,40,79,1,0,small,False
259,0,0.6786277294158936,223.48,1,1,40,79,1,0,small,False
260,0,0.6832339763641357,223.48,1,1,40,79,1,0,small,False
261,0,0.6761529445648193,223.48,1,1,40,79,1,0,small,False
262,0,0.68052077293396,223.48,1,1,40,79,1,0,small,False
263,0,0.714393138885498,223.48,1,1,40,79,1,0,small,False
264,0,0.7054529190063477,223.48,1,1,40,79,1,0,small,False
265,0,0.6913106441497803,223.48,1,1,40,79,1,0,small,False
266,0,0.6947126388549805,223.48,1,1,40,79,1,0,small,False
267,0,0.707568883895874,223.48,1,1,40,79,1,0,small,False
268,0,0.684424638748169,223.48,1,1,40,79,1,0,small,False
269,0,0.68670654296875,223.48,1,1,40,79,1,0,small,False
270,0,0.6830794811248779,223.48,1,1,40,79,1,0,small,False
271,0,0.6813642978668213,223.48,1,1,40,79,1,0,small,False
272,0,0.6785459518432617,223.48,1,1,40,79,1,0,small,False
273,0,0.7026247978210449,223.48,1,1,40,79,1,0,small,False
274,0,0.6785519123077393,223.48,1,1,40,79,1,0,small,False
275,0,0.679581880569458,223.48,1,1,40,79,1,0,small,False
276,0,0.688546895980835,223.48,1,1,40,79,1,0,small,False
277,0,0.6845521926879883,223.48,1,1,40,79,1,0,small,False
278,0,0.6766715049743652,223.48,1,1,40,79,1,0,small,False
279,0,0.6829545497894287,223.48,1,1,40,79,1,0,small,False
280,0,0.6790492534637451,223.48,1,1,40,79,1,0,small,False
281,0,0.6836521625518799,223.48,1,1,40,79,1,0,small,False
282,0,0.67803955078125,223.48,1,1,40,79,1,0,small,False
283,0,0.6829454898834229,223.48,1,1,40,79,1,0,small,False
284,0,0.6968734264373779,223.48,1,1,40,79,1,0,small,False
285,0,0.6979701519012451,223.48,1,1,40,79,1,0,small,False
286,0,0.719942569732666,223.48,1,1,40,79,1,0,small,False
287,0,0.6794312000274658,223.48,1,1,40,79,1,0,small,False
288,0,0.6837968826293945,223.48,1,1,40,79,1,0,small,False
289,0,0.6776149272918701,223.48,1,1,40,79,1,0,small,False
290,0,0.6744372844696045,223.48,1,1,40,79,1,0,small,False
291,0,0.6809689998626709,223.48,1,1,40,79,1,0,small,False
292,0,0.684213399887085,223.48,1,1,40,79,1,0,small,False
293,0,0.6831674575805664,223.48,1,1,40,79,1,0,small,False
294,0,0.685006856918335,223.48,1,1,40,79,1,0,small,False
295,0,32.90301251411438,-344.4200000000001,1,1,594,79,2,100,small,False
296,0,32.2143177986145,-344.9200000000001,1,1,594,79,2,100,small,False
297,0,32.77935600280762,-345.18000000000006,1,1,594,79,2,0,small,False
298,0,32.6547429561615,-344.4800000000001,1,1,594,101,2,100,small,False
299,0,32.29558873176575,-345.12000000000006,1,1,594,99,2,0,small,False
300,0,32.04845929145813,-344.9600000000001,1,1,594,79,2,100,small,False
301,0,3.990244150161743,71.89999999999999,1,1,40,79,1,0,small,False
302,0,32.767993211746216,-506.00000000000006,1,1,434,99,2,100,small,False
303,0,3.4144654273986816,18.099999999999998,1,1,40,79,1,0,small,False
304,0,0.9750063419342041,197.29999999999998,1,1,40,79,1,0,small,False
305,0,32.71319508552551,-342.44000000000005,1,1,594,84,2,100,small,False
306,0,32.50523781776428,-648.0,1,1,292,79,2,100,small,False
307,0,31.926963806152344,-829.0,1,1,111,79,2,0,small,False
308,0,31.811145305633545,-875.0000000000001,1,1,65,79,2,0,small,False
309,0,31.81590247154236,-873.0000000000001,1,1,67,79,2,0,small,False
310,0,32.401485443115234,-882.0000000000001,1,1,58,79,2,0,small,False
311,0,32.5725474357605,-887.0000000000001,1,1,53,79,2,0,small,False
312,0,35.27003765106201,-877.0000000000001,1,1,63,79,2,0,small,False
313,0,34.83423447608948,-866.0000000000001,1,1,74,79,2,0,small,False
314,0,36.26560091972351,-861.0000000000001,1,1,79,89,2,0,small,False
315,0,36.34448742866516,-840.0,1,1,100,79,2,0,small,False
316,0,35.17234969139099,-791.0,1,1,149,96,2,100,small,False
317,0,21.59073281288147,-451.3,1,1,40,79,1,0,small,False
318,0,34.770183801651,-511.00000000000006,1,1,429,101,2,100,small,False
319,0,33.14574456214905,-506.00000000000006,1,1,434,79,2,100,small,False
320,0,1.3240387439727783,173.5,1,1,40,79,1,0,small,False
321,0,32.889349937438965,-344.76000000000005,1,1,594,79,2,0,small,False
322,0,0.9263894557952881,205.5,1,1,40,79,1,0,small,False
323,0,34.515358209609985,-345.0200000000001,1,1,594,79,2,0,small,False
324,0,33.23242449760437,-345.06000000000006,1,1,594,79,2,100,small,False
325,0,0.7267353534698486,222.29999999999998,1,1,40,79,1,0,small,False
326,0,33.3122980594635,-345.4600000000001,1,1,594,79,2,100,small,False
327,0,0.6318264007568359,221.1,1,1,40,79,1,0,small,False
328,0,0.6784970760345459,221.29999999999998,1,1,40,79,1,0,small,False
329,0,0.6167194843292236,225.1,1,1,40,79,1,0,small,False
330,0,0.6090092658996582,225.29999999999998,1,1,40,79,1,0,small,False
331,0,0.6316642761230469,222.7,1,1,40,79,1,0,small,False
332,0,0.6020915508270264,226.29999999999998,1,1,40,79,1,0,small,False
333,0,0.6187200546264648,221.7,1,1,40,79,1,0,small,False
334,0,0.7700033187866211,225.7,1,1,40,79,1,0,small,False
335,0,0.7904772758483887,226.29999999999998,1,1,40,79,1,0,small,False
336,0,0.6847171783447266,226.29999999999998,1,1,40,79,1,0,small,False
337,0,0.6528089046478271,226.29999999999998,1,1,40,79,1,0,small,False
338,0,32.77525448799133,-506.00000000000006,1,1,434,79,2,0,small,False
339,0,0.620222806930542,226.29999999999998,1,1,40,79,1,0,small,False
340,0,0.6477317810058594,226.29999999999998,1,1,40,79,1,0,small,False
341,0,0.6479697227478027,226.29999999999998,1,1,40,79,1,0,small,False
342,0,0.6682760715484619,226.29999999999998,1,1,40,79,1,0,small,False
343,0,0.612008810043335,226.29999999999998,1,1,40,79,1,0,small,False
344,0,0.65224289894104,226.29999999999998,1,1,40,79,1,0,small,False
345,0,0.6278483867645264,226.29999999999998,1,1,40,79,1,0,small,False
346,0,0.6178226470947266,226.29999999999998,1,1,40,79,1,0,small,False
347,0,0.5951590538024902,226.29999999999998,1,1,40,79,1,0,small,False
348,0,0.5965816974639893,226.29999999999998,1,1,40,79,1,0,small,False
349,0,0.6088261604309082,226.29999999999998,1,1,40,79,1,0,small,False
350,0,0.5868568420410156,226.29999999999998,1,1,40,79,1,0,small,False
351,0,0.5882279872894287,226.29999999999998,1,1,40,79,1,0,small,False
352,0,0.5970048904418945,226.29999999999998,1,1,40,79,1,0,small,False
353,0,0.6011693477630615,226.29999999999998,1,1,40,79,1,0,small,False
354,0,0.6128287315368652,226.29999999999998,1,1,40,79,1,0,small,False
355,0,0.6148045063018799,226.29999999999998,1,1,40,79,1,0,small,False
356,0,0.5910258293151855,226.29999999999998,1,1,40,79,1,0,small,False
357,0,0.6249010562896729,226.29999999999998,1,1,40,79,1,0,small,False
358,0,0.6986119747161865,226.29999999999998,1,1,40,79,1,0,small,False
359,0,0.6175882816314697,226.29999999999998,1,1,40,79,1,0,small,False
360,0,0.5968625545501709,226.29999999999998,1,1,40,79,1,0,small,False
361,0,0.7634520530700684,226.29999999999998,1,1,40,79,1,0,small,False
362,0,0.8358006477355957,226.29999999999998,1,1,40,79,1,0,small,False
363,0,0.7639129161834717,226.29999999999998,1,1,40,79,1,0,small,False
364,0,0.6389939785003662,226.29999999999998,1,1,40,79,1,0,small,False
365,0,0.6680397987365723,226.29999999999998,1,1,40,79,1,0,small,False
366,0,0.6634469032287598,226.29999999999998,1,1,40,79,1,0,small,False
367,0,0.6435747146606445,226.29999999999998,1,1,40,79,1,0,small,False
368,0,0.6907658576965332,226.29999999999998,1,1,40,79,1,0,small,False
369,0,0.6108763217926025,226.29999999999998,1,1,40,79,1,0,small,False
370,0,0.6330139636993408,226.29999999999998,1,1,40,79,1,0,small,False
371,0,0.6079895496368408,226.29999999999998,1,1,40,79,1,0,small,False
372,0,0.6165587902069092,226.29999999999998,1,1,40,79,1,0,small,False
373,0,0.6780576705932617,226.29999999999998,1,1,40,79,1,0,small,False
374,0,0.744840145111084,226.29999999999998,1,1,40,79,1,0,small,False
375,0,0.6423087120056152,226.29999999999998,1,1,40,79,1,0,small,False
376,0,0.7648344039916992,226.29999999999998,1,1,40,79,1,0,small,False
377,0,0.6590540409088135,226.29999999999998,1,1,40,79,1,0,small,False
378,0,0.7240211963653564,226.29999999999998,1,1,40,79,1,0,small,False
379,0,0.6723501682281494,226.29999999999998,1,1,40,79,1,0,small,False
380,0,0.6107418537139893,226.29999999999998,1,1,40,79,1,0,small,False
381,0,0.699113130569458,226.29999999999998,1,1,40,79,1,0,small,False
382,0,0.7279684543609619,226.29999999999998,1,1,40,79,1,0,small,False
383,0,0.6285176277160645,226.29999999999998,1,1,40,79,1,0,small,False
384,0,0.7128655910491943,226.29999999999998,1,1,40,79,1,0,small,False
385,0,0.7008864879608154,226.29999999999998,1,1,40,79,1,0,small,False
386,0,0.6922464370727539,226.29999999999998,1,1,40,79,1,0,small,False
387,0,0.7107203006744385,226.29999999999998,1,1,40,79,1,0,small,False
388,0,0.7645053863525391,226.29999999999998,1,1,40,79,1,0,small,False
389,0,0.6261160373687744,226.29999999999998,1,1,40,79,1,0,small,False
390,0,0.6137301921844482,226.29999999999998,1,1,40,79,1,0,small,False
391,0,0.6260106563568115,226.29999999999998,1,1,40,79,1,0,small,False
392,0,0.6036159992218018,226.29999999999998,1,1,40,79,1,0,small,False
393,0,0.6147301197052002,226.29999999999998,1,1,40,79,1,0,small,False
394,0,0.6346874237060547,226.29999999999998,1,1,40,79,1,0,small,False
395,0,0.6078448295593262,226.29999999999998,1,1,40,79,1,0,small,False
396,0,0.6094284057617188,226.29999999999998,1,1,40,79,1,0,small,False
397,0,0.5990033149719238,226.29999999999998,1,1,40,79,1,0,small,False
398,0,0.6037089824676514,226.29999999999998,1,1,40,79,1,0,small,False
399,0,0.6058001518249512,226.29999999999998,1,1,40,79,1,0,small,False
400,0,0.6227405071258545,226.29999999999998,1,1,40,79,1,0,small,False
401,0,0.6113953590393066,226.29999999999998,1,1,40,79,1,0,small,False
402,0,0.6096997261047363,226.29999999999998,1,1,40,79,1,0,small,False
403,0,0.6216883659362793,226.29999999999998,1,1,40,79,1,0,small,False
404,0,0.6337141990661621,226.29999999999998,1,1,40,79,1,0,small,False
405,0,0.6177315711975098,226.29999999999998,1,1,40,79,1,0,small,False
406,0,0.6270022392272949,226.29999999999998,1,1,40,79,1,0,small,False
407,0,0.6565268039703369,226.29999999999998,1,1,40,79,1,0,small,False
408,0,0.661001443862915,226.29999999999998,1,1,40,79,1,0,small,False
409,0,0.6157932281494141,226.29999999999998,1,1,40,79,1,0,small,False
410,0,0.6217036247253418,226.29999999999998,1,1,40,79,1,0,small,False
411,0,0.6270031929016113,226.29999999999998,1,1,40,79,1,0,small,False
412,0,0.6234161853790283,226.29999999999998,1,1,40,79,1,0,small,False
413,0,0.6156842708587646,226.29999999999998,1,1,40,79,1,0,small,False
414,0,0.6148533821105957,226.29999999999998,1,1,40,79,1,0,small,False
415,0,0.6273715496063232,226.29999999999998,1,1,40,79,1,0,small,False
416,0,0.6118054389953613,226.29999999999998,1,1,40,79,1,0,small,False
417,0,0.6229724884033203,226.29999999999998,1,1,40,79,1,0,small,False
418,0,0.6058821678161621,226.29999999999998,1,1,40,79,1,0,small,False
419,0,0.5944199562072754,226.29999999999998,1,1,40,79,1,0,small,False
420,0,0.6202223300933838,226.29999999999998,1,1,40,79,1,0,small,False
421,0,0.6050534248352051,226.29999999999998,1,1,40,79,1,0,small,False
422,0,0.5953946113586426,226.29999999999998,1,1,40,79,1,0,small,False
423,0,0.5877828598022461,226.29999999999998,1,1,40,79,1,0,small,False
424,0,0.5910017490386963,226.29999999999998,1,1,40,79,1,0,small,False
425,0,0.5978095531463623,226.29999999999998,1,1,40,79,1,0,small,False
426,0,0.6137409210205078,226.29999999999998,1,1,40,79,1,0,small,False
427,0,0.599790096282959,226.29999999999998,1,1,40,79,1,0,small,False
428,0,0.6048150062561035,226.29999999999998,1,1,40,79,1,0,small,False
429,0,0.6027565002441406,226.29999999999998,1,1,40,79,1,0,small,False
430,0,0.5974371433258057,226.29999999999998,1,1,40,79,1,0,small,False
431,0,0.6247076988220215,226.29999999999998,1,1,40,79,1,0,small,False
432,0,0.7957937717437744,226.29999999999998,1,1,40,79,1,0,small,False
433,0,0.691669225692749,226.29999999999998,1,1,40,79,1,0,small,False
434,0,0.5987765789031982,226.29999999999998,1,1,40,79,1,0,small,False
435,0,0.6080224514007568,226.29999999999998,1,1,40,79,1,0,small,False
436,0,0.5967597961425781,226.29999999999998,1,1,40,79,1,0,small,False
437,0,0.6040012836456299,226.29999999999998,1,1,40,79,1,0,small,False
438,0,0.6038193702697754,226.29999999999998,1,1,40,79,1,0,small,False
439,0,0.5960023403167725,226.29999999999998,1,1,40,79,1,0,small,False
440,0,0.5967123508453369,226.29999999999998,1,1,40,79,1,0,small,False
441,0,0.5978689193725586,226.29999999999998,1,1,40,79,1,0,small,False
442,0,0.5985479354858398,226.29999999999998,1,1,40,79,1,0,small,False
443,0,0.6001970767974854,226.29999999999998,1,1,40,79,1,0,small,False
444,0,0.6050283908843994,226.29999999999998,1,1,40,79,1,0,small,False
445,0,0.6003990173339844,226.29999999999998,1,1,40,79,1,0,small,False
446,0,0.5999982357025146,226.29999999999998,1,1,40,79,1,0,small,False
447,0,0.5880446434020996,226.29999999999998,1,1,40,79,1,0,small,False
448,0,0.6040000915527344,226.29999999999998,1,1,40,79,1,0,small,False
449,0,0.58888840675354,226.29999999999998,1,1,40,79,1,0,small,False
450,0,0.5871014595031738,226.29999999999998,1,1,40,79,1,0,small,False
451,0,0.6010482311248779,226.29999999999998,1,1,40,79,1,0,small,False
452,0,0.6058423519134521,226.29999999999998,1,1,40,79,1,0,small,False
453,0,0.5849194526672363,226.29999999999998,1,1,40,79,1,0,small,False
454,0,0.5949916839599609,226.29999999999998,1,1,40,79,1,0,small,False
455,0,0.6083073616027832,226.29999999999998,1,1,40,79,1,0,small,False
456,0,0.6018259525299072,226.29999999999998,1,1,40,79,1,0,small,False
457,0,0.5970005989074707,226.29999999999998,1,1,40,79,1,0,small,False
458,0,0.596592903137207,226.29999999999998,1,1,40,79,1,0,small,False
459,0,0.5961430072784424,226.29999999999998,1,1,40,79,1,0,small,False
460,0,0.5998227596282959,226.29999999999998,1,1,40,79,1,0,small,False
461,0,0.6037712097167969,226.29999999999998,1,1,40,79,1,0,small,False
462,0,0.6100013256072998,226.29999999999998,1,1,40,79,1,0,small,False
463,0,0.5937290191650391,226.29999999999998,1,1,40,79,1,0,small,False
464,0,0.7314777374267578,226.29999999999998,1,1,40,79,1,0,small,False
465,0,0.612729549407959,226.29999999999998,1,1,40,79,1,0,small,False
466,0,0.6145458221435547,226.29999999999998,1,1,40,79,1,0,small,False
467,0,0.6089472770690918,226.29999999999998,1,1,40,79,1,0,small,False
468,0,0.5960884094238281,226.29999999999998,1,1,40,79,1,0,small,False
469,0,0.618065595626831,226.29999999999998,1,1,40,79,1,0,small,False
470,0,0.6150438785552979,226.29999999999998,1,1,40,79,1,0,small,False
471,0,0.5929584503173828,226.29999999999998,1,1,40,79,1,0,small,False
472,0,0.7074246406555176,226.29999999999998,1,1,40,79,1,0,small,False
473,0,0.6967253684997559,226.29999999999998,1,1,40,79,1,0,small,False
474,0,0.6447100639343262,226.29999999999998,1,1,40,79,1,0,small,False
475,0,0.6251723766326904,226.29999999999998,1,1,40,79,1,0,small,False
476,0,0.6096975803375244,226.29999999999998,1,1,40,79,1,0,small,False
477,0,0.6457138061523438,226.29999999999998,1,1,40,79,1,0,small,False
478,0,0.6307046413421631,226.29999999999998,1,1,40,79,1,0,small,False
479,0,0.6047945022583008,226.29999999999998,1,1,40,79,1,0,small,False
480,0,0.6325221061706543,226.29999999999998,1,1,40,79,1,0,small,False
481,0,0.6227061748504639,226.29999999999998,1,1,40,79,1,0,small,False
482,0,0.6067018508911133,226.29999999999998,1,1,40,79,1,0,small,False
483,0,0.6219711303710938,226.29999999999998,1,1,40,79,1,0,small,False
484,0,0.6109085083007812,226.29999999999998,1,1,40,79,1,0,small,False
485,0,0.6076979637145996,226.29999999999998,1,1,40,79,1,0,small,False
486,0,0.6010801792144775,226.29999999999998,1,1,40,79,1,0,small,False
487,0,0.6100559234619141,226.29999999999998,1,1,40,79,1,0,small,False
488,0,0.6049857139587402,226.29999999999998,1,1,40,79,1,0,small,False
489,0,0.6119942665100098,226.29999999999998,1,1,40,79,1,0,small,False
490,0,0.6126320362091064,226.29999999999998,1,1,40,79,1,0,small,False
491,0,0.6221237182617188,226.29999999999998,1,1,40,79,1,0,small,False
492,0,0.6380267143249512,226.29999999999998,1,1,40,79,1,0,small,False
493,0,0.6121687889099121,226.29999999999998,1,1,40,79,1,0,small,False
494,0,0.6018209457397461,226.29999999999998,1,1,40,79,1,0,small,False
495,0,0.6251354217529297,226.29999999999998,1,1,40,79,1,0,small,False
496,0,0.61698317527771,226.29999999999998,1,1,40,79,1,0,small,False
497,0,0.6180145740509033,226.29999999999998,1,1,40,79,1,0,small,False
498,0,0.6290130615234375,226.29999999999998,1,1,40,79,1,0,small,False
499,0,0.6285054683685303,226.29999999999998,1,1,40,79,1,0,small,False
500,0,0.638068437576294,226.29999999999998,1,1,40,79,1,0,small,False
501,0,0.6223940849304199,226.29999999999998,1,1,40,79,1,0,small,False
502,0,0.6309294700622559,226.29999999999998,1,1,40,79,1,0,small,False
503,0,0.6081154346466064,226.29999999999998,1,1,40,79,1,0,small,False
504,0,0.6049950122833252,226.29999999999998,1,1,40,79,1,0,small,False
505,0,0.6180884838104248,226.29999999999998,1,1,40,79,1,0,small,False
506,0,0.6166024208068848,226.29999999999998,1,1,40,79,1,0,small,False
507,0,0.7928311824798584,226.29999999999998,1,1,40,79,1,0,small,False
508,0,0.8119761943817139,226.29999999999998,1,1,40,79,1,0,small,False
509,0,0.7893004417419434,226.29999999999998,1,1,40,79,1,0,small,False
510,0,0.8420488834381104,226.29999999999998,1,1,40,79,1,0,small,False
511,0,0.6649129390716553,226.29999999999998,1,1,40,79,1,0,small,False
512,0,0.6829338073730469,226.29999999999998,1,1,40,79,1,0,small,False
513,0,0.6330397129058838,226.29999999999998,1,1,40,79,1,0,small,False
514,0,0.682903528213501,226.29999999999998,1,1,40,79,1,0,small,False
515,0,0.6488234996795654,226.29999999999998,1,1,40,79,1,0,small,False
516,0,0.6479885578155518,226.29999999999998,1,1,40,79,1,0,small,False
517,0,0.5969538688659668,226.29999999999998,1,1,40,79,1,0,small,False
518,0,0.7071468830108643,226.29999999999998,1,1,40,79,1,0,small,False
519,0,0.6828122138977051,226.29999999999998,1,1,40,79,1,0,small,False
520,0,0.6219687461853027,226.29999999999998,1,1,40,79,1,0,small,False
521,0,0.6170711517333984,226.29999999999998,1,1,40,79,1,0,small,False
522,0,0.5940399169921875,226.29999999999998,1,1,40,79,1,0,small,False
523,0,0.596219539642334,226.29999999999998,1,1,40,79,1,0,small,False
524,0,0.5979692935943604,226.29999999999998,1,1,40,79,1,0,small,False
525,0,0.6080543994903564,226.29999999999998,1,1,40,79,1,0,small,False
526,0,0.7728593349456787,226.29999999999998,1,1,40,79,1,0,small,False
527,0,0.7957470417022705,226.29999999999998,1,1,40,79,1,0,small,False
528,0,0.7860479354858398,226.29999999999998,1,1,40,79,1,0,small,False
529,0,0.7017631530761719,226.29999999999998,1,1,40,79,1,0,small,False
530,0,0.8005690574645996,226.29999999999998,1,1,40,79,1,0,small,False
531,0,0.6680643558502197,226.29999999999998,1,1,40,79,1,0,small,False
532,0,0.7249436378479004,226.29999999999998,1,1,40,79,1,0,small,False
533,0,0.5986487865447998,226.29999999999998,1,1,40,79,1,0,small,False
534,0,0.7726707458496094,226.29999999999998,1,1,40,79,1,0,small,False
535,0,0.6630105972290039,226.29999999999998,1,1,40,79,1,0,small,False
536,0,0.6349146366119385,226.29999999999998,1,1,40,79,1,0,small,False
537,0,0.6071159839630127,226.29999999999998,1,1,40,79,1,0,small,False
538,0,0.5931441783905029,226.29999999999998,1,1,40,79,1,0,small,False
539,0,0.5969746112823486,226.29999999999998,1,1,40,79,1,0,small,False
540,0,0.6667797565460205,226.29999999999998,1,1,40,79,1,0,small,False
541,0,0.653007984161377,226.29999999999998,1,1,40,79,1,0,small,False
542,0,0.6449940204620361,226.29999999999998,1,1,40,79,1,0,small,False
543,0,0.7900559902191162,226.29999999999998,1,1,40,79,1,0,small,False
544,0,0.7404108047485352,226.29999999999998,1,1,40,79,1,0,small,False
545,0,0.7488574981689453,226.29999999999998,1,1,40,79,1,0,small,False
546,0,0.662329912185669,226.29999999999998,1,1,40,79,1,0,small,False
547,0,0.7629292011260986,226.29999999999998,1,1,40,79,1,0,small,False
548,0,0.714846134185791,226.29999999999998,1,1,40,79,1,0,small,False
549,0,0.7709505558013916,226.29999999999998,1,1,40,79,1,0,small,False
550,0,0.7288291454315186,226.29999999999998,1,1,40,79,1,0,small,False
551,0,0.7449779510498047,226.29999999999998,1,1,40,79,1,0,small,False
552,0,0.7837581634521484,226.29999999999998,1,1,40,79,1,0,small,False
553,0,0.7713210582733154,226.29999999999998,1,1,40,79,1,0,small,False
554,0,0.6451151371002197,226.29999999999998,1,1,40,79,1,0,small,False
555,0,0.6725640296936035,226.29999999999998,1,1,40,79,1,0,small,False
556,0,0.648320198059082,226.29999999999998,1,1,40,79,1,0,small,False
557,0,0.6720864772796631,226.29999999999998,1,1,40,79,1,0,small,False
558,0,0.6487720012664795,226.29999999999998,1,1,40,79,1,0,small,False
559,0,0.6590240001678467,226.29999999999998,1,1,40,79,1,0,small,False
560,0,0.6620504856109619,226.29999999999998,1,1,40,79,1,0,small,False
561,0,0.669574499130249,226.29999999999998,1,1,40,79,1,0,small,False
562,0,0.6637485027313232,226.29999999999998,1,1,40,79,1,0,small,False
563,0,0.6551506519317627,226.29999999999998,1,1,40,79,1,0,small,False
564,0,0.6699621677398682,226.29999999999998,1,1,40,79,1,0,small,False
565,0,0.6590003967285156,226.29999999999998,1,1,40,79,1,0,small,False
566,0,0.6470701694488525,226.29999999999998,1,1,40,79,1,0,small,False
567,0,0.6688177585601807,226.29999999999998,1,1,40,79,1,0,small,False
568,0,0.647413969039917,226.29999999999998,1,1,40,79,1,0,small,False
569,0,0.6620373725891113,226.29999999999998,1,1,40,79,1,0,small,False
570,0,0.6727259159088135,226.29999999999998,1,1,40,79,1,0,small,False
571,0,0.6689181327819824,226.29999999999998,1,1,40,79,1,0,small,False
572,0,0.6584563255310059,226.29999999999998,1,1,40,79,1,0,small,False
573,0,0.6609508991241455,226.29999999999998,1,1,40,79,1,0,small,False
574,0,0.6759848594665527,226.29999999999998,1,1,40,79,1,0,small,False
575,0,0.6660161018371582,226.29999999999998,1,1,40,79,1,0,small,False
576,0,0.6616113185882568,226.29999999999998,1,1,40,79,1,0,small,False
577,0,0.741987943649292,226.29999999999998,1,1,40,79,1,0,small,False
578,0,0.7036991119384766,226.29999999999998,1,1,40,79,1,0,small,False
579,0,0.6599714756011963,226.29999999999998,1,1,40,79,1,0,small,False
580,0,0.664243221282959,226.29999999999998,1,1,40,79,1,0,small,False
581,0,0.6749320030212402,226.29999999999998,1,1,40,79,1,0,small,False
582,0,0.6644394397735596,226.29999999999998,1,1,40,79,1,0,small,False
583,0,0.6711525917053223,226.29999999999998,1,1,40,79,1,0,small,False
584,0,0.6443226337432861,226.29999999999998,1,1,40,79,1,0,small,False
585,0,0.6648662090301514,226.29999999999998,1,1,40,79,1,0,small,False
586,0,0.6731886863708496,226.29999999999998,1,1,40,79,1,0,small,False
587,0,0.6210000514984131,226.29999999999998,1,1,40,79,1,0,small,False
588,0,0.6069271564483643,226.29999999999998,1,1,40,79,1,0,small,False
589,0,0.5940015316009521,226.29999999999998,1,1,40,79,1,0,small,False
590,0,0.5909106731414795,226.29999999999998,1,1,40,79,1,0,small,False
591,0,0.5989878177642822,226.29999999999998,1,1,40,79,1,0,small,False
592,0,0.6030864715576172,226.29999999999998,1,1,40,79,1,0,small,False
593,0,0.5950157642364502,226.29999999999998,1,1,40,79,1,0,small,False
594,0,0.5918464660644531,226.29999999999998,1,1,40,79,1,0,small,False
595,0,0.6218092441558838,226.29999999999998,1,1,40,79,1,0,small,False
596,0,0.5990035533905029,226.29999999999998,1,1,40,79,1,0,small,False
597,0,0.5918736457824707,226.29999999999998,1,1,40,79,1,0,small,False
598,0,0.6038253307342529,226.29999999999998,1,1,40,79,1,0,small,False
599,0,0.604229211807251,226.29999999999998,1,1,40,79,1,0,small,False
600,0,0.5987539291381836,226.29999999999998,1,1,40,79,1,0,small,False
601,0,0.5978355407714844,226.29999999999998,1,1,40,79,1,0,small,False
602,0,0.590404748916626,226.29999999999998,1,1,40,79,1,0,small,False
603,0,0.6020040512084961,226.29999999999998,1,1,40,79,1,0,small,False
604,0,0.6021018028259277,226.29999999999998,1,1,40,79,1,0,small,False
605,0,0.6029994487762451,226.29999999999998,1,1,40,79,1,0,small,False
606,0,0.6060154438018799,226.29999999999998,1,1,40,79,1,0,small,False
607,0,0.5927848815917969,226.29999999999998,1,1,40,79,1,0,small,False
608,0,0.6020021438598633,226.29999999999998,1,1,40,79,1,0,small,False
609,0,0.5975987911224365,226.29999999999998,1,1,40,79,1,0,small,False
610,0,0.5930898189544678,226.29999999999998,1,1,40,79,1,0,small,False
611,0,0.5982651710510254,226.29999999999998,1,1,40,79,1,0,small,False
612,0,0.6075925827026367,226.29999999999998,1,1,40,79,1,0,small,False
613,0,0.6077079772949219,226.29999999999998,1,1,40,79,1,0,small,False
614,0,0.6050248146057129,226.29999999999998,1,1,40,79,1,0,small,False
615,0,0.607062578201294,226.29999999999998,1,1,40,79,1,0,small,False
616,0,0.6079232692718506,226.29999999999998,1,1,40,79,1,0,small,False
617,0,0.6119239330291748,226.29999999999998,1,1,40,79,1,0,small,False
618,0,0.6559298038482666,226.29999999999998,1,1,40,79,1,0,small,False
619,0,0.6070389747619629,226.29999999999998,1,1,40,79,1,0,small,False
620,0,0.6038289070129395,226.29999999999998,1,1,40,79,1,0,small,False
621,0,0.617063045501709,226.29999999999998,1,1,40,79,1,0,small,False
622,0,0.6029617786407471,226.29999999999998,1,1,40,79,1,0,small,False
623,0,0.60300612449646,226.29999999999998,1,1,40,79,1,0,small,False
624,0,0.6011874675750732,226.29999999999998,1,1,40,79,1,0,small,False
625,0,0.5956671237945557,226.29999999999998,1,1,40,79,1,0,small,False
626,0,0.5959889888763428,226.29999999999998,1,1,40,79,1,0,small,False
627,0,0.6001205444335938,226.29999999999998,1,1,40,79,1,0,small,False
628,0,0.6072812080383301,226.29999999999998,1,1,40,79,1,0,small,False
629,0,0.6099777221679688,226.29999999999998,1,1,40,79,1,0,small,False
630,0,0.601057767868042,226.29999999999998,1,1,40,79,1,0,small,False
631,0,0.6059613227844238,226.29999999999998,1,1,40,79,1,0,small,False
632,0,0.6329858303070068,226.29999999999998,1,1,40,79,1,0,small,False
633,0,0.607269287109375,226.29999999999998,1,1,40,79,1,0,small,False
634,0,0.610795259475708,226.29999999999998,1,1,40,79,1,0,small,False
635,0,0.6139826774597168,226.29999999999998,1,1,40,79,1,0,small,False
636,0,0.6099135875701904,226.29999999999998,1,1,40,79,1,0,small,False
637,0,0.619269847869873,226.29999999999998,1,1,40,79,1,0,small,False
638,0,0.6097791194915771,226.29999999999998,1,1,40,79,1,0,small,False
639,0,0.6158123016357422,226.29999999999998,1,1,40,79,1,0,small,False
640,0,0.6111669540405273,226.29999999999998,1,1,40,79,1,0,small,False
641,0,0.6060023307800293,226.29999999999998,1,1,40,79,1,0,small,False
642,0,0.6150035858154297,226.29999999999998,1,1,40,79,1,0,small,False
643,0,0.6036975383758545,226.29999999999998,1,1,40,79,1,0,small,False
644,0,0.6050021648406982,226.29999999999998,1,1,40,79,1,0,small,False
645,0,0.6086888313293457,226.29999999999998,1,1,40,79,1,0,small,False
646,0,0.6077148914337158,226.29999999999998,1,1,40,79,1,0,small,False
647,0,0.6056993007659912,226.29999999999998,1,1,40,79,1,0,small,False
648,0,0.60500168800354,226.29999999999998,1,1,40,79,1,0,small,False
649,0,0.6067054271697998,226.29999999999998,1,1,40,79,1,0,small,False
650,0,0.6158373355865479,226.29999999999998,1,1,40,79,1,0,small,False
651,0,0.6907846927642822,226.29999999999998,1,1,40,79,1,0,small,False
652,0,0.6470019817352295,226.29999999999998,1,1,40,79,1,0,small,False
653,0,0.6284146308898926,226.29999999999998,1,1,40,79,1,0,small,False
654,0,0.6050019264221191,226.29999999999998,1,1,40,79,1,0,small,False
655,0,0.610708475112915,226.29999999999998,1,1,40,79,1,0,small,False
656,0,0.5996971130371094,226.29999999999998,1,1,40,79,1,0,small,False
657,0,0.6109921932220459,226.29999999999998,1,1,40,79,1,0,small,False
658,0,0.6117663383483887,226.29999999999998,1,1,40,79,1,0,small,False
659,0,0.7307679653167725,226.29999999999998,1,1,40,79,1,0,small,False
660,0,0.7226850986480713,226.29999999999998,1,1,40,79,1,0,small,False
661,0,0.6739230155944824,226.29999999999998,1,1,40,79,1,0,small,False
662,0,0.6598913669586182,226.29999999999998,1,1,40,79,1,0,small,False
663,0,0.6987733840942383,226.29999999999998,1,1,40,79,1,0,small,False
664,0,0.6603081226348877,226.29999999999998,1,1,40,79,1,0,small,False
665,0,0.6808085441589355,226.29999999999998,1,1,40,79,1,0,small,False
666,0,0.6851105690002441,226.29999999999998,1,1,40,79,1,0,small,False
667,0,0.6620662212371826,226.29999999999998,1,1,40,79,1,0,small,False
668,0,0.6682476997375488,226.29999999999998,1,1,40,79,1,0,small,False
669,0,0.6562271118164062,226.29999999999998,1,1,40,79,1,0,small,False
670,0,0.6647739410400391,226.29999999999998,1,1,40,79,1,0,small,False
671,0,0.6697332859039307,224.1,1,1,40,79,1,0,small,False
672,0,0.7178359031677246,217.2,1,1,40,79,1,0,small,False
673,0,0.9360711574554443,199.56,1,1,40,79,1,200,small,False
674,0,35.909667015075684,-852.0,1,1,88,79,2,0,small,False
675,0,34.70534086227417,-892.0000000000001,1,1,48,79,2,0,small,False
676,0,34.47664761543274,-342.9800000000001,1,1,594,86,2,0,small,False
677,0,37.3825945854187,-342.44000000000005,1,1,594,93,2,0,small,False
678,0,35.110785722732544,-342.1000000000001,1,1,594,102,2,0,small,False
679,0,36.0687689781189,-213.40000000000006,1,1,722,106,2,100,small,False
680,0,0.961111307144165,203.29999999999998,1,1,40,79,1,0,small,False
681,0,32.907146692276,-210.76000000000008,1,1,722,93,2,100,small,False
682,0,34.362531423568726,-204.18000000000006,1,1,722,103,2,200,small,False
683,0,6.083559274673462,489.67999999999995,1,1,40,79,1,100,small,False
684,0,13.705782175064087,1003.8599999999999,1,1,1320,79,1,400,small,False
685,0,0.689507007598877,223.57999999999998,1,1,40,79,1,200,small,False
686,0,0.6213860511779785,224.79999999999998,1,1,40,79,1,0,small,False
687,0,0.6488146781921387,223.48,1,1,40,79,1,0,small,False
688,0,0.7179396152496338,223.48,1,1,40,79,1,0,small,False
689,0,0.7183666229248047,223.48,1,1,40,79,1,0,small,False
690,0,0.7195777893066406,223.48,1,1,40,79,1,0,small,False
691,0,0.7449674606323242,223.48,1,1,40,79,1,0,small,False
692,0,0.7183647155761719,223.48,1,1,40,79,1,0,small,False
693,0,0.7325997352600098,223.48,1,1,40,79,1,0,small,False
694,0,0.7293446063995361,223.48,1,1,40,79,1,0,small,False
695,0,0.7346532344818115,223.48,1,1,40,79,1,0,small,False
696,0,0.7399430274963379,223.48,1,1,40,79,1,0,small,False
697,0,0.7341458797454834,223.48,1,1,40,79,1,0,small,False
698,0,0.781829833984375,223.48,1,1,40,79,1,0,small,False
699,0,0.7406835556030273,223.48,1,1,40,79,1,0,small,False
700,0,0.7664210796356201,223.48,1,1,40,79,1,0,small,False
701,0,0.7653985023498535,223.48,1,1,40,79,1,0,small,False
702,0,0.7570047378540039,223.48,1,1,40,79,1,0,small,False
703,0,0.7610235214233398,223.48,1,1,40,79,1,0,small,False
704,0,0.7393331527709961,223.48,1,1,40,79,1,0,small,False
705,0,0.763878583908081,223.48,1,1,40,79,1,0,small,False
706,0,0.7264525890350342,223.48,1,1,40,79,1,0,small,False
707,0,0.7325658798217773,223.48,1,1,40,79,1,0,small,False
708,0,0.7464444637298584,223.48,1,1,40,79,1,0,small,False
709,0,0.7448899745941162,223.48,1,1,40,79,1,0,small,False
710,0,0.7246663570404053,223.48,1,1,40,79,1,0,small,False
711,0,0.7187094688415527,223.48,1,1,40,79,1,0,small,False
712,0,0.7297470569610596,223.48,1,1,40,79,1,0,small,False
713,0,0.7429585456848145,223.48,1,1,40,79,1,0,small,False
714,0,0.7417166233062744,223.48,1,1,40,79,1,0,small,False
715,0,0.7351489067077637,223.48,1,1,40,79,1,0,small,False
716,0,0.7448828220367432,223.48,1,1,40,79,1,0,small,False
717,0,0.7328062057495117,223.48,1,1,40,79,1,0,small,False
718,0,0.7652761936187744,223.48,1,1,40,79,1,0,small,False
719,0,0.7263081073760986,223.48,1,1,40,79,1,0,small,False
720,0,0.7169978618621826,223.48,1,1,40,79,1,0,small,False
721,0,0.7330741882324219,223.48,1,1,40,79,1,0,small,False
722,0,0.7678580284118652,223.48,1,1,40,79,1,0,small,False
723,0,0.7237756252288818,223.48,1,1,40,79,1,0,small,False
724,0,0.7233140468597412,223.48,1,1,40,79,1,0,small,False
725,0,0.788898229598999,223.48,1,1,40,79,1,0,small,False
726,0,0.7748394012451172,223.48,1,1,40,79,1,0,small,False
727,0,0.7970540523529053,223.48,1,1,40,79,1,0,small,False
728,0,0.7308297157287598,223.48,1,1,40,79,1,0,small,False
729,0,0.7419209480285645,223.48,1,1,40,79,1,0,small,False
730,0,0.7193350791931152,223.48,1,1,40,79,1,0,small,False
731,0,0.7336199283599854,223.48,1,1,40,79,1,0,small,False
732,0,0.7812511920928955,223.48,1,1,40,79,1,0,small,False
733,0,0.7363038063049316,223.48,1,1,40,79,1,0,small,False
734,0,0.7306520938873291,223.48,1,1,40,79,1,0,small,False
735,0,0.7391817569732666,223.48,1,1,40,79,1,0,small,False
736,0,0.7325539588928223,223.48,1,1,40,79,1,0,small,False
737,0,0.7621915340423584,223.48,1,1,40,79,1,0,small,False
738,0,0.72674560546875,223.48,1,1,40,79,1,0,small,False
739,0,0.7352254390716553,223.48,1,1,40,79,1,0,small,False
740,0,0.7361032962799072,223.48,1,1,40,79,1,0,small,False
741,0,0.73879075050354,223.48,1,1,40,79,1,0,small,False
742,0,0.7264437675476074,223.48,1,1,40,79,1,0,small,False
743,0,0.7463762760162354,223.48,1,1,40,79,1,0,small,False
744,0,0.7802817821502686,223.48,1,1,40,79,1,0,small,False
745,0,0.781846284866333,223.48,1,1,40,79,1,0,small,False
746,0,0.7720863819122314,223.48,1,1,40,79,1,0,small,False
747,0,0.7473905086517334,223.48,1,1,40,79,1,0,small,False
748,0,0.7458169460296631,223.48,1,1,40,79,1,0,small,False
749,0,0.7222788333892822,223.48,1,1,40,79,1,0,small,False
750,0,0.7164201736450195,223.48,1,1,40,79,1,0,small,False
751,0,0.7085163593292236,223.48,1,1,40,79,1,0,small,False
752,0,0.7174220085144043,223.48,1,1,40,79,1,0,small,False
753,0,0.7482607364654541,223.48,1,1,40,79,1,0,small,False
754,0,0.7418234348297119,223.48,1,1,40,79,1,0,small,False
755,0,0.7968337535858154,223.48,1,1,40,79,1,0,small,False
756,0,0.727165937423706,223.48,1,1,40,79,1,0,small,False
757,0,0.7313597202301025,223.48,1,1,40,79,1,0,small,False
758,0,0.7183666229248047,223.48,1,1,40,79,1,0,small,False
759,0,0.7344751358032227,223.48,1,1,40,79,1,0,small,False
760,0,0.7833747863769531,223.48,1,1,40,79,1,0,small,False
761,0,0.7469749450683594,223.48,1,1,40,79,1,0,small,False
762,0,0.748199462890625,223.48,1,1,40,79,1,0,small,False
763,0,0.7314846515655518,223.48,1,1,40,79,1,0,small,False
764,0,0.7301182746887207,223.48,1,1,40,79,1,0,small,False
765,0,0.7453362941741943,223.48,1,1,40,79,1,0,small,False
766,0,0.7418837547302246,223.48,1,1,40,79,1,0,small,False
767,0,0.7482278347015381,223.48,1,1,40,79,1,0,small,False
768,0,0.7478852272033691,223.48,1,1,40,79,1,0,small,False
769,0,0.8186788558959961,223.48,1,1,40,79,1,0,small,False
770,0,0.7724654674530029,223.48,1,1,40,79,1,0,small,False
771,0,0.7608106136322021,223.48,1,1,40,79,1,0,small,False
772,0,0.7282133102416992,223.48,1,1,40,79,1,0,small,False
773,0,0.7232668399810791,223.48,1,1,40,79,1,0,small,False
774,0,0.729529857635498,223.48,1,1,40,79,1,0,small,False
775,0,0.7369816303253174,223.48,1,1,40,79,1,0,small,False
776,0,0.729625940322876,223.48,1,1,40,79,1,0,small,False
777,0,0.7343780994415283,223.48,1,1,40,79,1,0,small,False
778,0,0.7191812992095947,223.48,1,1,40,79,1,0,small,False
779,0,0.7989928722381592,223.48,1,1,40,79,1,0,small,False
780,0,0.7771122455596924,223.48,1,1,40,79,1,0,small,False
781,0,0.7556719779968262,223.48,1,1,40,79,1,0,small,False
782,0,0.7254204750061035,223.48,1,1,40,79,1,0,small,False
783,0,0.7500746250152588,223.48,1,1,40,79,1,0,small,False
784,0,0.6955099105834961,223.48,1,1,40,79,1,0,small,False
785,0,0.673516035079956,223.48,1,1,40,79,1,0,small,False
786,0,0.7457261085510254,223.48,1,1,40,79,1,0,small,False
787,0,0.6999611854553223,223.48,1,1,40,79,1,0,small,False
788,0,0.670264720916748,223.48,1,1,40,79,1,0,small,False
789,0,0.6521024703979492,223.48,1,1,40,79,1,0,small,False
790,0,0.6398353576660156,223.48,1,1,40,79,1,0,small,False
791,0,0.7433319091796875,223.48,1,1,40,79,1,0,small,False
792,0,0.7194552421569824,223.48,1,1,40,79,1,0,small,False
793,0,0.7403490543365479,223.48,1,1,40,79,1,0,small,False
794,0,0.8265464305877686,223.48,1,1,40,79,1,0,small,False
795,0,0.7272653579711914,223.48,1,1,40,79,1,0,small,False
796,0,0.7295241355895996,223.48,1,1,40,79,1,0,small,False