Episode,Time,Reward,World,Stage,X Position,Y Position,Life,Score,Status,Reached Flag
0,1.81715726852417,245.0,1,1,40,79,1,0,small,False
1,38.5081045627594,254.0,1,1,594,104,2,100,small,False
2,45.80702567100525,254.0,1,1,594,89,2,0,small,False
3,45.81370401382446,254.0,1,1,594,89,2,100,small,False
4,46.34490466117859,382.0,1,1,722,103,2,100,small,False
5,27.982244729995728,489.0,1,1,40,79,1,100,small,False
6,46.56089186668396,254.0,1,1,594,103,2,0,small,False
7,47.41145730018616,382.0,1,1,722,89,2,100,small,False
8,47.42810869216919,382.0,1,1,722,102,2,200,small,False
9,5.7624242305755615,586.0,1,1,40,79,1,100,small,False
10,47.65414214134216,378.0,1,1,718,89,2,200,small,False
11,48.28786516189575,382.0,1,1,722,110,2,200,small,False
12,5.60602068901062,626.0,1,1,40,79,1,0,small,False
13,27.949337005615234,382.0,1,1,722,84,2,200,small,False
14,0.6079845428466797,244.0,1,1,40,79,1,0,small,False
15,28.218257904052734,373.0,1,1,713,79,2,200,small,False
16,8.431106090545654,573.0,1,1,40,79,1,0,small,False
17,28.292283296585083,382.0,1,1,721,79,2,300,small,False
18,27.871583938598633,442.0,1,1,40,79,1,100,small,False
19,28.48884153366089,382.0,1,1,722,79,2,100,small,False
20,9.393306255340576,650.0,1,1,40,79,1,200,small,False
21,4.049144506454468,625.0,1,1,40,79,1,0,small,False
22,0.9230868816375732,234.0,1,1,40,79,1,0,small,False
23,28.710480451583862,385.0,1,1,722,124,2,1050,tall,False
24,29.015530824661255,382.0,1,1,722,106,2,100,small,False
25,2.5630617141723633,581.0,1,1,40,79,1,100,small,False
26,1.0238158702850342,208.0,1,1,40,79,1,200,small,False
27,25.95901608467102,807.0,1,1,40,79,1,1300,small,False
28,1.0409817695617676,215.0,1,1,40,79,1,0,small,False
29,29.38184142112732,382.0,1,1,722,103,2,200,small,False
30,10.87269926071167,696.0,1,1,40,79,1,200,small,False
31,3.7271697521209717,630.0,1,1,40,79,1,100,small,False
32,23.341354370117188,840.0,1,1,40,79,1,400,small,False
33,29.33659076690674,558.0,1,1,898,89,2,300,small,False
34,16.976858377456665,1175.0,1,1,1320,79,1,500,small,False
35,2.4600353240966797,596.0,1,1,40,79,1,300,small,False
36,29.58912992477417,558.0,1,1,898,109,2,200,small,False
37,1.253969430923462,186.0,1,1,40,79,1,0,small,False
38,0.9930305480957031,228.0,1,1,40,79,1,0,small,False
39,29.42959952354431,578.0,1,1,919,150,2,500,small,False
40,16.71275544166565,928.0,1,1,40,79,1,400,small,False
41,29.727829933166504,550.0,1,1,890,113,2,600,small,False
42,5.239404201507568,791.0,1,1,40,79,1,200,small,False
43,0.8700556755065918,229.0,1,1,40,79,1,0,small,False
44,5.034518003463745,781.0,1,1,40,79,1,100,small,False
45,3.0668604373931885,629.0,1,1,40,79,1,0,small,False
46,0.8190042972564697,246.0,1,1,40,79,1,0,small,False
47,17.467708349227905,653.0,1,1,40,79,1,200,small,False
48,0.8801279067993164,229.0,1,1,40,79,1,0,small,False
49,0.7420270442962646,243.0,1,1,40,79,1,200,small,False
50,25.60986614227295,1102.0,1,1,1320,79,1,1800,small,False
51,9.884028434753418,976.0,1,1,40,79,1,1300,small,False
52,11.175424814224243,732.0,1,1,40,79,1,300,small,False
53,0.7817938327789307,246.0,1,1,40,79,1,0,small,False
54,29.733450651168823,444.0,1,1,40,79,1,100,small,False
55,18.692126035690308,1165.0,1,1,1320,79,1,200,small,False
56,2.126020908355713,625.0,1,1,40,79,1,0,small,False
57,2.4491617679595947,632.0,1,1,40,79,1,100,small,False
58,7.623461961746216,658.0,1,1,40,79,1,400,small,False
59,12.771076679229736,1246.0,1,1,1320,79,1,500,small,False
60,7.024093866348267,1285.0,1,1,1320,79,1,300,small,False
61,1.062072515487671,225.0,1,1,40,79,1,0,small,False
62,0.7831535339355469,245.0,1,1,40,79,1,0,small,False
63,0.6778674125671387,251.0,1,1,40,79,1,0,small,False
64,16.100115299224854,912.0,1,1,40,79,1,300,small,False
65,17.240233182907104,1202.0,1,1,1320,79,1,1450,small,False
66,11.461104393005371,551.0,1,1,40,79,1,0,small,False
67,7.9371116161346436,577.0,1,1,40,79,1,200,small,False
68,0.7020225524902344,248.0,1,1,40,79,1,200,small,False
69,5.566214084625244,696.0,1,1,40,79,1,200,small,False
70,0.837611198425293,226.0,1,1,40,79,1,0,small,False
71,0.6830105781555176,251.0,1,1,40,79,1,0,small,False
72,15.525731086730957,926.0,1,1,40,79,1,300,small,False
73,8.088202714920044,745.0,1,1,40,79,1,400,small,False
74,0.903996467590332,234.0,1,1,40,79,1,0,small,False
75,2.3387057781219482,598.0,1,1,40,79,1,0,small,False
76,0.6400942802429199,240.0,1,1,40,79,1,0,small,False
77,7.509368181228638,1007.0,1,1,40,79,1,400,small,False
78,8.2655029296875,1301.0,1,1,1320,79,1,300,small,False
79,6.461531639099121,776.0,1,1,40,79,1,400,small,False
80,0.8478293418884277,235.0,1,1,40,79,1,0,small,False
81,8.63319993019104,1277.0,1,1,1320,79,1,800,small,False
82,1.3686232566833496,205.0,1,1,40,79,1,200,small,False
83,1.1180241107940674,203.0,1,1,40,79,1,0,small,False
84,0.7320308685302734,230.0,1,1,40,79,1,0,small,False
85,15.27629017829895,692.0,1,1,40,79,1,300,small,False
86,6.213450193405151,560.0,1,1,40,79,1,0,small,False
87,24.50207829475403,549.0,1,1,40,79,1,200,small,False
88,16.679126501083374,1580.0,1,1,1320,79,1,200,small,False
89,12.208935499191284,960.0,1,1,40,79,1,500,small,False
90,5.7644898891448975,596.0,1,1,40,79,1,200,small,False
91,10.110426187515259,701.0,1,1,40,79,1,200,small,False
92,2.2330543994903564,611.0,1,1,40,79,1,0,small,False
93,3.067256212234497,638.0,1,1,40,79,1,0,small,False
94,30.442994356155396,382.0,1,1,722,89,2,100,small,False
95,6.999945163726807,585.0,1,1,40,79,1,0,small,False
96,25.202911853790283,822.0,1,1,40,79,1,400,small,False
97,0.8300306797027588,243.0,1,1,40,79,1,0,small,False
98,17.945064544677734,1003.0,1,1,40,79,1,500,small,False
99,0.8016653060913086,243.0,1,1,40,79,1,0,small,False
100,8.800729274749756,625.0,1,1,40,79,1,500,small,False
101,0.6121675968170166,248.0,1,1,40,79,1,0,small,False
102,3.279772996902466,592.0,1,1,40,79,1,100,small,False
103,0.7355632781982422,241.0,1,1,40,79,1,0,small,False
104,7.792388200759888,1003.0,1,1,40,79,1,700,small,False
105,1.2045485973358154,231.0,1,1,40,79,1,0,small,False
106,5.5528223514556885,763.0,1,1,40,79,1,400,small,False
107,4.6074488162994385,694.0,1,1,40,79,1,200,small,False
108,3.5659313201904297,737.0,1,1,40,79,1,0,small,False
109,6.351255416870117,710.0,1,1,40,79,1,200,small,False
110,1.9246032238006592,632.0,1,1,40,79,1,100,small,False
111,6.964187383651733,741.0,1,1,40,79,1,500,small,False
112,6.342522621154785,719.0,1,1,40,79,1,400,small,False
113,6.744680643081665,1013.0,1,1,40,79,1,600,small,False
114,5.22538685798645,1298.0,1,1,40,79,1,300,small,False
115,8.35714340209961,1267.0,1,1,1320,79,1,300,small,False
116,14.381885051727295,937.0,1,1,40,79,1,300,small,False
117,0.6049940586090088,252.0,1,1,40,79,1,0,small,False
118,4.175907850265503,609.0,1,1,40,79,1,200,small,False
119,9.471500158309937,750.0,1,1,40,79,1,500,small,False
120,0.7848753929138184,244.0,1,1,40,79,1,0,small,False
121,2.9071848392486572,637.0,1,1,40,79,1,0,small,False
122,0.7530975341796875,242.0,1,1,40,79,1,0,small,False
123,8.20470666885376,719.0,1,1,40,79,1,300,small,False
124,0.6958823204040527,248.0,1,1,40,79,1,0,small,False
125,0.7779576778411865,243.0,1,1,40,79,1,0,small,False
126,1.081043004989624,233.0,1,1,40,79,1,0,small,False
127,30.341986656188965,382.0,1,1,722,79,2,100,small,False
128,0.6930217742919922,248.0,1,1,40,79,1,0,small,False
129,11.231515884399414,972.0,1,1,40,79,1,300,small,False
130,3.6456069946289062,611.0,1,1,40,79,1,100,small,False
131,0.7428925037384033,248.0,1,1,40,79,1,0,small,False
132,5.292354345321655,737.0,1,1,40,79,1,200,small,False
133,15.713484287261963,513.0,1,1,40,79,1,0,small,False
134,0.6049890518188477,246.0,1,1,40,79,1,0,small,False
135,4.306972980499268,602.0,1,1,40,79,1,100,small,False
136,9.378357887268066,664.0,1,1,40,79,1,300,small,False
137,3.9899303913116455,577.0,1,1,40,79,1,100,small,False
138,0.8330056667327881,229.0,1,1,40,79,1,0,small,False
139,13.759079694747925,928.0,1,1,40,79,1,400,small,False
140,7.808356046676636,710.0,1,1,40,79,1,300,small,False
141,8.527539014816284,720.0,1,1,40,79,1,100,small,False
142,9.08501148223877,754.0,1,1,40,79,1,100,small,False
143,16.345972299575806,907.0,1,1,40,79,1,200,small,False
144,0.7469873428344727,234.0,1,1,40,79,1,200,small,False
145,29.168344497680664,776.0,1,1,40,79,1,400,small,False
146,0.5836853981018066,250.0,1,1,40,79,1,0,small,False
147,0.7999393939971924,233.0,1,1,40,79,1,200,small,False
148,26.966327905654907,543.0,1,1,40,79,1,200,small,False
149,1.0739502906799316,238.0,1,1,40,79,1,0,small,False
150,0.7430830001831055,248.0,1,1,40,79,1,0,small,False
151,11.669739723205566,626.0,1,1,40,79,1,400,small,False
152,0.7738885879516602,241.0,1,1,40,79,1,0,small,False
153,4.276871204376221,626.0,1,1,40,79,1,0,small,False
154,2.5509817600250244,592.0,1,1,40,79,1,100,small,False
155,9.072485446929932,693.0,1,1,40,79,1,100,small,False
156,0.8450295925140381,237.0,1,1,40,79,1,0,small,False
157,1.0403730869293213,230.0,1,1,40,79,1,0,small,False
158,0.7370023727416992,240.0,1,1,40,79,1,0,small,False
159,9.875251293182373,703.0,1,1,40,79,1,400,small,False
160,0.7340037822723389,248.0,1,1,40,79,1,0,small,False
161,1.007005214691162,209.0,1,1,40,79,1,200,small,False
162,0.8679583072662354,239.0,1,1,40,79,1,0,small,False
163,4.098653316497803,613.0,1,1,40,79,1,0,small,False
164,30.56338667869568,1886.0,1,1,2226,101,2,1100,small,False
165,7.566959381103516,1301.0,1,1,1320,79,1,500,small,False
166,14.541236639022827,1223.0,1,1,1320,79,1,500,small,False
167,6.080493450164795,750.0,1,1,40,79,1,500,small,False
168,5.293735027313232,593.0,1,1,40,79,1,200,small,False
169,30.32793617248535,558.0,1,1,898,79,2,400,small,False
170,12.940446615219116,1245.0,1,1,1320,79,1,300,small,False
171,4.075161695480347,595.0,1,1,40,79,1,0,small,False
172,3.2305541038513184,581.0,1,1,40,79,1,0,small,False
173,6.78231954574585,777.0,1,1,40,79,1,100,small,False
174,30.340908765792847,558.0,1,1,898,79,2,400,small,False
175,9.858314037322998,1283.0,1,1,1320,79,1,300,small,False
176,27.655420780181885,557.0,1,1,40,79,1,300,small,False
177,1.1200900077819824,240.0,1,1,40,79,1,0,small,False
178,2.1023285388946533,588.0,1,1,40,79,1,0,small,False
179,0.9848976135253906,213.0,1,1,40,79,1,0,small,False
180,13.842708587646484,705.0,1,1,40,79,1,200,small,False
181,30.310250282287598,254.0,1,1,594,83,2,300,small,False
182,0.7267088890075684,244.0,1,1,40,79,1,0,small,False
183,8.195636510848999,746.0,1,1,40,79,1,200,small,False
184,30.27524971961975,558.0,1,1,898,101,2,400,small,False
185,7.580976247787476,593.0,1,1,40,79,1,0,small,False
186,4.336297035217285,611.0,1,1,40,79,1,0,small,False
187,10.34300422668457,534.0,1,1,40,79,1,0,small,False
188,7.717590808868408,1279.0,1,1,40,79,1,400,small,False
189,0.8014287948608398,237.0,1,1,40,79,1,0,small,False
190,0.8888323307037354,240.0,1,1,40,79,1,0,small,False
191,0.8110272884368896,232.0,1,1,40,79,1,0,small,False
192,4.412016868591309,751.0,1,1,40,79,1,200,small,False
193,5.665102958679199,788.0,1,1,40,79,1,300,small,False
194,4.670827627182007,617.0,1,1,40,79,1,0,small,False
195,3.3435707092285156,635.0,1,1,40,79,1,100,small,False
196,0.7489843368530273,234.0,1,1,40,79,1,0,small,False
197,21.985803365707397,855.0,1,1,40,79,1,400,small,False
198,0.6779887676239014,248.0,1,1,40,79,1,0,small,False
199,3.5327811241149902,774.0,1,1,40,79,1,100,small,False
200,1.6362700462341309,621.0,1,1,40,79,1,300,small,False
201,30.403201818466187,382.0,1,1,722,93,2,100,small,False
202,0.7735481262207031,236.0,1,1,40,79,1,200,small,False
203,30.370259284973145,557.0,1,1,898,79,2,500,small,False
204,30.454710483551025,549.0,1,1,889,84,2,400,small,False
205,9.067971229553223,1070.0,1,1,40,79,1,300,small,False
206,0.9070343971252441,225.0,1,1,40,79,1,0,small,False
207,3.5162556171417236,602.0,1,1,40,79,1,200,small,False
208,7.781236886978149,566.0,1,1,40,79,1,200,small,False
209,0.6577231884002686,237.0,1,1,40,79,1,0,small,False
210,21.075671195983887,562.0,1,1,40,79,1,400,small,False
211,11.307431697845459,962.0,1,1,40,79,1,600,small,False
212,23.30841565132141,1118.0,1,1,1320,79,1,300,small,False
213,0.8886561393737793,225.0,1,1,40,79,1,0,small,False
214,0.7061216831207275,249.0,1,1,40,79,1,0,small,False
215,9.648704051971436,994.0,1,1,40,79,1,200,small,False
216,0.676025390625,242.0,1,1,40,79,1,0,small,False
217,0.7650556564331055,243.0,1,1,40,79,1,0,small,False
218,0.7090203762054443,250.0,1,1,40,79,1,0,small,False
219,14.336178064346313,930.0,1,1,40,79,1,500,small,False
220,21.73786735534668,1135.0,1,1,1320,79,1,1350,small,False
221,5.096021890640259,570.0,1,1,40,79,1,200,small,False
222,0.8370847702026367,235.0,1,1,40,79,1,0,small,False
223,0.7530133724212646,242.0,1,1,40,79,1,0,small,False
224,2.9479176998138428,618.0,1,1,40,79,1,200,small,False
225,19.744986057281494,645.0,1,1,40,79,1,200,small,False
226,3.8924365043640137,568.0,1,1,40,79,1,100,small,False
227,1.8280041217803955,101.0,1,1,40,79,1,0,small,False
228,24.882389783859253,1229.0,1,1,1320,79,1,800,small,False
229,0.7340207099914551,239.0,1,1,40,79,1,0,small,False
230,3.331115245819092,601.0,1,1,40,79,1,200,small,False
231,4.958905220031738,606.0,1,1,40,79,1,100,small,False
232,2.281353235244751,602.0,1,1,40,79,1,200,small,False
233,19.01390838623047,884.0,1,1,40,79,1,300,small,False
234,9.719346284866333,970.0,1,1,40,79,1,800,small,False
235,2.9639105796813965,608.0,1,1,40,79,1,200,small,False
236,9.713369131088257,1259.0,1,1,1320,79,1,200,small,False
237,5.7395899295806885,787.0,1,1,40,79,1,200,small,False
238,12.016314506530762,711.0,1,1,40,79,1,300,small,False
239,2.7899467945098877,595.0,1,1,40,79,1,0,small,False
240,11.300428867340088,507.0,1,1,40,79,1,100,small,False
241,10.14857292175293,966.0,1,1,40,79,1,300,small,False
242,2.8229458332061768,573.0,1,1,40,79,1,0,small,False
243,0.817894458770752,232.0,1,1,40,79,1,200,small,False
244,4.727234125137329,766.0,1,1,40,79,1,400,small,False
245,1.0928049087524414,219.0,1,1,40,79,1,0,small,False
246,2.736834764480591,585.0,1,1,40,79,1,0,small,False
247,6.0140275955200195,680.0,1,1,40,79,1,200,small,False
248,3.122016429901123,605.0,1,1,40,79,1,300,small,False
249,1.2590749263763428,216.0,1,1,40,79,1,0,small,False
250,16.678011655807495,913.0,1,1,40,79,1,1650,small,False
251,8.361237049102783,585.0,1,1,40,79,1,0,small,False
252,0.8977899551391602,237.0,1,1,40,79,1,0,small,False
253,0.7490191459655762,248.0,1,1,40,79,1,0,small,False
254,1.001981258392334,198.0,1,1,40,79,1,0,small,False
255,11.346976280212402,681.0,1,1,40,79,1,100,small,False
256,5.044048547744751,618.0,1,1,40,79,1,100,small,False
257,5.051969528198242,553.0,1,1,40,79,1,0,small,False
258,0.8069813251495361,238.0,1,1,40,79,1,0,small,False
259,1.2251157760620117,194.0,1,1,40,79,1,200,small,False
260,0.8289401531219482,241.0,1,1,40,79,1,0,small,False
261,9.757840633392334,668.0,1,1,40,79,1,400,small,False
262,15.955951452255249,687.0,1,1,40,79,1,300,small,False
263,3.501124620437622,611.0,1,1,40,79,1,0,small,False
264,4.230989694595337,743.0,1,1,40,79,1,200,small,False
265,0.9249789714813232,235.0,1,1,40,79,1,0,small,False
266,5.922513961791992,598.0,1,1,40,79,1,200,small,False
267,10.781337261199951,606.0,1,1,40,79,1,200,small,False
268,0.667555570602417,247.0,1,1,40,79,1,0,small,False
269,22.548507928848267,492.0,1,1,40,79,1,200,small,False
270,5.600664377212524,737.0,1,1,40,79,1,100,small,False
271,30.449997663497925,426.0,1,1,766,79,2,400,small,False
272,5.5600056648254395,679.0,1,1,40,79,1,100,small,False
273,4.746490001678467,1011.0,1,1,40,79,1,400,small,False
274,2.975834369659424,615.0,1,1,40,79,1,200,small,False
275,12.642094135284424,944.0,1,1,40,79,1,600,small,False
276,5.329680919647217,738.0,1,1,40,79,1,400,small,False
277,10.239944696426392,661.0,1,1,40,79,1,200,small,False
278,8.012734413146973,992.0,1,1,40,79,1,300,small,False
279,0.8454365730285645,233.0,1,1,40,79,1,0,small,False
280,3.9393844604492188,620.0,1,1,40,79,1,100,small,False
281,2.2230465412139893,615.0,1,1,40,79,1,0,small,False
282,0.8698644638061523,239.0,1,1,40,79,1,0,small,False
283,5.33584451675415,680.0,1,1,40,79,1,100,small,False
284,4.762077569961548,1046.0,1,1,40,79,1,400,small,False
285,29.64663338661194,493.0,1,1,40,79,1,0,small,False
286,4.442948818206787,741.0,1,1,40,79,1,100,small,False
287,7.114683151245117,1012.0,1,1,40,79,1,500,small,False
288,16.610949516296387,1213.0,1,1,1320,79,1,600,small,False
289,6.487744569778442,570.0,1,1,40,79,1,100,small,False
290,0.9465558528900146,221.0,1,1,40,79,1,0,small,False
291,7.142467737197876,773.0,1,1,40,79,1,400,small,False
292,14.948226928710938,923.0,1,1,40,79,1,500,small,False
293,0.9194753170013428,228.0,1,1,40,79,1,0,small,False
294,5.557925224304199,718.0,1,1,40,79,1,400,small,False
295,30.444523096084595,558.0,1,1,898,112,2,500,small,False
296,15.561882734298706,691.0,1,1,40,79,1,100,small,False
297,3.5289828777313232,601.0,1,1,40,79,1,0,small,False
298,8.751263856887817,1269.0,1,1,1320,79,1,300,small,False
299,1.2445297241210938,201.0,1,1,40,79,1,200,small,False
300,18.528151273727417,912.0,1,1,40,79,1,600,small,False
301,4.138282775878906,627.0,1,1,40,79,1,0,small,False
302,1.3500030040740967,226.0,1,1,40,79,1,0,small,False
303,15.195868492126465,919.0,1,1,40,79,1,600,small,False
304,5.062806129455566,665.0,1,1,40,79,1,300,small,False
305,10.50472116470337,685.0,1,1,40,79,1,200,small,False
306,5.050325155258179,618.0,1,1,40,79,1,100,small,False
307,5.937126398086548,732.0,1,1,40,79,1,200,small,False
308,11.514275074005127,952.0,1,1,40,79,1,500,small,False
309,10.2984459400177,702.0,1,1,40,79,1,300,small,False
310,6.137892484664917,714.0,1,1,40,79,1,200,small,False
311,7.532263994216919,552.0,1,1,40,79,1,400,small,False
312,1.2838847637176514,214.0,1,1,40,79,1,0,small,False
313,1.8609540462493896,632.0,1,1,40,79,1,200,small,False
314,0.6680028438568115,241.0,1,1,40,79,1,0,small,False
315,0.9966659545898438,229.0,1,1,40,79,1,0,small,False
316,6.401982545852661,734.0,1,1,40,79,1,500,small,False
317,10.549201250076294,1057.0,1,1,40,79,1,600,small,False
318,6.675433397293091,673.0,1,1,40,79,1,100,small,False
319,4.685786485671997,590.0,1,1,40,79,1,0,small,False
320,7.5255327224731445,657.0,1,1,40,79,1,200,small,False
321,0.7664384841918945,244.0,1,1,40,79,1,0,small,False
322,22.110137224197388,849.0,1,1,40,79,1,300,small,False
323,1.0361335277557373,215.0,1,1,40,79,1,0,small,False
324,25.744493007659912,842.0,1,1,40,79,1,400,small,False
325,0.9409759044647217,217.0,1,1,40,79,1,0,small,False
326,8.67666506767273,1007.0,1,1,40,79,1,300,small,False
327,0.6369984149932861,248.0,1,1,40,79,1,0,small,False
328,1.1975774765014648,215.0,1,1,40,79,1,0,small,False
329,3.678227186203003,617.0,1,1,40,79,1,100,small,False
330,4.755871534347534,589.0,1,1,40,79,1,0,small,False
331,1.4716529846191406,615.0,1,1,40,79,1,400,small,False
332,0.6870629787445068,250.0,1,1,40,79,1,0,small,False
333,4.996873378753662,568.0,1,1,40,79,1,0,small,False
334,0.8009586334228516,224.0,1,1,40,79,1,0,small,False
335,6.44630241394043,773.0,1,1,40,79,1,300,small,False
336,30.385809183120728,558.0,1,1,898,104,2,600,small,False
337,4.648833274841309,595.0,1,1,40,79,1,300,small,False
338,18.76303243637085,635.0,1,1,40,79,1,200,small,False
339,7.3150293827056885,705.0,1,1,40,79,1,200,small,False
340,5.470519781112671,745.0,1,1,40,79,1,300,small,False
341,4.718822002410889,706.0,1,1,40,79,1,200,small,False
342,15.259591817855835,1228.0,1,1,1320,79,1,1200,small,False
343,3.367640733718872,623.0,1,1,40,79,1,0,small,False
344,1.0379879474639893,218.0,1,1,40,79,1,0,small,False
345,0.8178536891937256,230.0,1,1,40,79,1,0,small,False
346,0.6540703773498535,249.0,1,1,40,79,1,0,small,False
347,0.7700154781341553,240.0,1,1,40,79,1,200,small,False
348,5.282299757003784,687.0,1,1,40,79,1,200,small,False
349,2.2820096015930176,590.0,1,1,40,79,1,100,small,False
350,15.883758306503296,921.0,1,1,40,79,1,600,small,False
351,2.3379483222961426,585.0,1,1,40,79,1,200,small,False
352,24.05826497077942,838.0,1,1,40,79,1,500,small,False
353,1.1078739166259766,227.0,1,1,40,79,1,0,small,False
354,25.75316858291626,484.0,1,1,40,79,1,200,small,False
355,16.630779504776,916.0,1,1,40,79,1,300,small,False
356,1.210611343383789,182.0,1,1,40,79,1,0,small,False
357,11.432051420211792,950.0,1,1,40,79,1,400,small,False
358,1.1950087547302246,211.0,1,1,40,79,1,0,small,False
359,30.502215147018433,558.0,1,1,898,79,2,600,small,False
360,27.102408409118652,539.0,1,1,40,79,1,100,small,False
361,30.6358380317688,382.0,1,1,722,94,2,300,small,False
362,5.0420355796813965,715.0,1,1,40,79,1,200,small,False
363,3.2091569900512695,636.0,1,1,40,79,1,100,small,False
364,3.1658663749694824,637.0,1,1,40,79,1,0,small,False
365,9.364239931106567,752.0,1,1,40,79,1,200,small,False
366,30.538811206817627,558.0,1,1,898,97,2,400,small,False
367,1.505558967590332,142.0,1,1,40,79,1,0,small,False
368,9.431967735290527,979.0,1,1,40,79,1,300,small,False
369,12.885894775390625,1337.0,1,1,1320,79,1,200,small,False
370,1.392756700515747,177.0,1,1,40,79,1,0,small,False
371,12.522042751312256,664.0,1,1,40,79,1,100,small,False
372,1.065000057220459,208.0,1,1,40,79,1,0,small,False
373,0.7649297714233398,237.0,1,1,40,79,1,0,small,False
374,0.853712797164917,240.0,1,1,40,79,1,0,small,False
375,30.598767518997192,334.0,1,1,672,93,2,200,small,False
376,3.283158302307129,630.0,1,1,40,79,1,100,small,False
377,1.51210618019104,171.0,1,1,40,79,1,0,small,False
378,21.340649127960205,868.0,1,1,40,79,1,500,small,False
379,0.7490973472595215,245.0,1,1,40,79,1,200,small,False
380,2.0387773513793945,630.0,1,1,40,79,1,0,small,False
381,0.6829955577850342,233.0,1,1,40,79,1,0,small,False
382,4.13169264793396,800.0,1,1,40,79,1,200,small,False
383,0.9111618995666504,222.0,1,1,40,79,1,200,small,False
384,1.0209534168243408,226.0,1,1,40,79,1,0,small,False
385,15.662265062332153,1230.0,1,1,1320,79,1,400,small,False
386,11.977187395095825,501.0,1,1,40,79,1,0,small,False
387,0.7049427032470703,236.0,1,1,40,79,1,0,small,False
388,9.566980361938477,750.0,1,1,40,79,1,300,small,False
389,19.639495849609375,882.0,1,1,40,79,1,400,small,False
390,3.559675693511963,633.0,1,1,40,79,1,300,small,False
391,10.708455801010132,963.0,1,1,40,79,1,500,small,False
392,2.6281495094299316,604.0,1,1,40,79,1,200,small,False
393,7.841776609420776,1003.0,1,1,40,79,1,300,small,False
394,4.42567777633667,685.0,1,1,40,79,1,400,small,False
395,22.251567125320435,866.0,1,1,40,79,1,300,small,False
396,5.071118354797363,703.0,1,1,40,79,1,200,small,False
397,29.748895406723022,790.0,1,1,40,79,1,200,small,False
398,30.363720417022705,160.0,1,1,499,79,2,0,small,False
399,6.688239812850952,779.0,1,1,40,79,1,200,small,False
400,5.830796003341675,786.0,1,1,40,79,1,300,small,False
401,0.787804365158081,243.0,1,1,40,79,1,0,small,False
402,22.22406530380249,1134.0,1,1,1320,79,1,400,small,False
403,6.591905832290649,706.0,1,1,40,79,1,200,small,False
404,8.559204578399658,691.0,1,1,40,79,1,200,small,False
405,0.6690788269042969,247.0,1,1,40,79,1,0,small,False
406,5.884866237640381,786.0,1,1,40,79,1,200,small,False
407,1.1029751300811768,230.0,1,1,40,79,1,0,small,False
408,7.888637065887451,727.0,1,1,40,79,1,200,small,False
409,1.829176664352417,635.0,1,1,40,79,1,100,small,False
410,8.334454774856567,762.0,1,1,40,79,1,200,small,False
411,0.8059542179107666,234.0,1,1,40,79,1,0,small,False
412,1.5295078754425049,150.0,1,1,40,79,1,0,small,False
413,7.113742113113403,700.0,1,1,40,79,1,300,small,False
414,9.930891036987305,670.0,1,1,40,79,1,200,small,False
415,20.808837890625,866.0,1,1,40,79,1,100,small,False
416,0.7879312038421631,232.0,1,1,40,79,1,0,small,False
417,30.477469444274902,558.0,1,1,898,101,2,500,small,False
418,5.54362940788269,789.0,1,1,40,79,1,500,small,False
419,3.173659086227417,634.0,1,1,40,79,1,0,small,False
420,0.858651876449585,237.0,1,1,40,79,1,0,small,False
421,17.285457611083984,900.0,1,1,40,79,1,500,small,False
422,13.658467054367065,628.0,1,1,40,79,1,100,small,False
423,5.587472915649414,714.0,1,1,40,79,1,200,small,False
424,0.7849900722503662,236.0,1,1,40,79,1,0,small,False
425,13.711840867996216,708.0,1,1,40,79,1,200,small,False
426,4.477569580078125,589.0,1,1,40,79,1,0,small,False
427,5.381472110748291,747.0,1,1,40,79,1,400,small,False
428,1.9861805438995361,625.0,1,1,40,79,1,100,small,False
429,8.869047403335571,576.0,1,1,40,79,1,0,small,False
430,5.453439712524414,732.0,1,1,40,79,1,200,small,False
431,18.94731831550598,481.0,1,1,40,79,1,100,small,False
432,3.2048044204711914,636.0,1,1,40,79,1,300,small,False
433,30.278342723846436,558.0,1,1,898,89,2,500,small,False
434,1.3695707321166992,159.0,1,1,40,79,1,0,small,False
435,23.480027675628662,434.0,1,1,40,79,1,300,small,False
436,27.163471221923828,1112.0,1,1,1320,79,1,400,small,False
437,15.647698640823364,1202.0,1,1,1320,79,1,400,small,False
438,1.0233838558197021,225.0,1,1,40,79,1,200,small,False
439,17.556453227996826,905.0,1,1,40,79,1,300,small,False
440,10.82535195350647,538.0,1,1,40,79,1,0,small,False
441,1.588073968887329,122.0,1,1,40,79,1,200,small,False
442,8.88378643989563,1273.0,1,1,1320,79,1,200,small,False
443,5.874032497406006,549.0,1,1,40,79,1,300,small,False
444,7.1017255783081055,1284.0,1,1,1320,79,1,400,small,False
445,6.6148762702941895,548.0,1,1,40,79,1,0,small,False
446,7.21766471862793,773.0,1,1,40,79,1,400,small,False
447,0.6946201324462891,250.0,1,1,40,79,1,0,small,False
448,0.5959851741790771,250.0,1,1,40,79,1,0,small,False
449,7.796985864639282,766.0,1,1,40,79,1,200,small,False
450,8.661009311676025,995.0,1,1,40,79,1,500,small,False
451,30.42843008041382,540.0,1,1,880,103,2,200,small,False
452,6.733812093734741,601.0,1,1,40,79,1,0,small,False
453,3.042078733444214,638.0,1,1,40,79,1,200,small,False
454,11.455666780471802,1242.0,1,1,1320,79,1,800,small,False
455,21.36153268814087,568.0,1,1,40,79,1,200,small,False
456,14.297689199447632,957.0,1,1,40,79,1,500,small,False
457,2.445781707763672,605.0,1,1,40,79,1,300,small,False
458,5.47911524772644,731.0,1,1,40,79,1,100,small,False
459,8.396559238433838,671.0,1,1,40,79,1,200,small,False
460,14.573111772537231,597.0,1,1,40,79,1,200,small,False
461,10.643444776535034,722.0,1,1,40,79,1,400,small,False
462,30.59587812423706,382.0,1,1,722,79,2,200,small,False
463,10.30923867225647,553.0,1,1,40,79,1,0,small,False
464,15.18986463546753,694.0,1,1,40,79,1,200,small,False
465,16.454106330871582,591.0,1,1,40,79,1,200,small,False
466,1.3380486965179443,164.0,1,1,40,79,1,0,small,False
467,5.057657241821289,794.0,1,1,40,79,1,500,small,False
468,0.7250328063964844,247.0,1,1,40,79,1,0,small,False
469,3.406123399734497,634.0,1,1,40,79,1,0,small,False
470,7.102087020874023,682.0,1,1,40,79,1,100,small,False
471,17.235859870910645,907.0,1,1,40,79,1,600,small,False
472,1.563570261001587,237.0,1,1,40,79,1,0,small,False
473,0.9759807586669922,224.0,1,1,40,79,1,0,small,False
474,1.0779929161071777,241.0,1,1,40,79,1,0,small,False
475,0.9230401515960693,239.0,1,1,40,79,1,0,small,False
476,25.21446704864502,490.0,1,1,40,79,1,200,small,False
477,9.078392505645752,670.0,1,1,40,79,1,400,small,False
478,30.212587118148804,776.0,1,1,40,79,1,300,small,False
479,30.309444665908813,490.0,1,1,830,79,2,200,small,False
480,0.8269610404968262,237.0,1,1,40,79,1,0,small,False
481,9.868141412734985,999.0,1,1,40,79,1,400,small,False
482,0.9899866580963135,215.0,1,1,40,79,1,0,small,False
483,20.39009666442871,573.0,1,1,40,79,1,100,small,False
484,0.6887383460998535,246.0,1,1,40,79,1,0,small,False
485,9.908742189407349,747.0,1,1,40,79,1,100,small,False
486,30.50576686859131,558.0,1,1,898,79,2,300,small,False
487,30.33703303337097,602.0,1,1,942,79,2,600,small,False
488,2.2200326919555664,629.0,1,1,40,79,1,200,small,False
489,30.338355541229248,558.0,1,1,898,79,2,300,small,False
490,10.433842182159424,741.0,1,1,40,79,1,300,small,False
491,22.816275596618652,557.0,1,1,40,79,1,100,small,False
492,9.15260624885559,754.0,1,1,40,79,1,400,small,False
493,28.30095100402832,567.0,1,1,40,79,1,400,small,False
494,9.451888799667358,159.0,1,1,40,79,1,0,small,False
495,3.096696615219116,220.0,1,1,40,79,1,0,small,False
496,0.6149477958679199,248.0,1,1,40,79,1,0,small,False
497,1.431978464126587,237.0,1,1,40,79,1,0,small,False
498,1.2279918193817139,241.0,1,1,40,79,1,0,small,False
499,22.799495458602905,443.0,1,1,40,79,1,0,small,False
500,0.7891247272491455,237.0,1,1,40,79,1,200,small,False
501,9.21479344367981,688.0,1,1,40,79,1,100,small,False
502,0.9139986038208008,234.0,1,1,40,79,1,0,small,False
503,4.445950269699097,604.0,1,1,40,79,1,0,small,False
504,12.88064169883728,697.0,1,1,40,79,1,200,small,False
505,2.265024185180664,44.0,1,1,40,79,1,0,small,False
506,0.8960788249969482,230.0,1,1,40,79,1,0,small,False
507,0.9570024013519287,227.0,1,1,40,79,1,0,small,False
508,9.412980556488037,1871.0,1,1,1320,79,1,500,small,False
509,0.6169941425323486,249.0,1,1,40,79,1,0,small,False
510,14.093356847763062,705.0,1,1,40,79,1,200,small,False
511,17.484065294265747,910.0,1,1,40,79,1,400,small,False
512,9.829309701919556,684.0,1,1,40,79,1,300,small,False
513,1.7947375774383545,109.0,1,1,40,79,1,0,small,False
514,0.8700387477874756,243.0,1,1,40,79,1,0,small,False
515,3.0580506324768066,213.0,1,1,40,79,1,0,small,False
516,4.379295825958252,569.0,1,1,40,79,1,0,small,False
517,1.9251434803009033,192.0,1,1,40,79,1,0,small,False
518,0.7733335494995117,243.0,1,1,40,79,1,200,small,False
519,17.424742698669434,898.0,1,1,40,79,1,400,small,False
520,1.1941571235656738,216.0,1,1,40,79,1,0,small,False
521,30.484527587890625,558.0,1,1,898,84,2,600,small,False
522,4.549716472625732,711.0,1,1,40,79,1,300,small,False
523,1.5120413303375244,215.0,1,1,40,79,1,200,small,False
524,1.124107837677002,234.0,1,1,40,79,1,0,small,False
525,30.44340705871582,538.0,1,1,877,85,2,600,small,False
526,30.608981132507324,556.0,1,1,895,106,2,400,small,False
527,17.41369915008545,673.0,1,1,40,79,1,500,small,False
528,4.700734615325928,621.0,1,1,40,79,1,100,small,False
529,30.398420095443726,556.0,1,1,896,98,2,400,small,False
530,4.949742555618286,619.0,1,1,40,79,1,0,small,False
531,30.420851469039917,558.0,1,1,898,98,2,500,small,False
532,1.0413107872009277,231.0,1,1,40,79,1,0,small,False
533,1.841031789779663,132.0,1,1,40,79,1,0,small,False
534,1.8370814323425293,154.0,1,1,40,79,1,0,small,False
535,4.2436864376068115,627.0,1,1,40,79,1,0,small,False
536,7.993159532546997,765.0,1,1,40,79,1,400,small,False
537,30.430856227874756,557.0,1,1,897,79,2,300,small,False
538,30.370896339416504,557.0,1,1,897,79,2,400,small,False
539,30.44937753677368,558.0,1,1,898,79,2,300,small,False
540,8.853363037109375,729.0,1,1,40,79,1,300,small,False
541,3.4250450134277344,593.0,1,1,40,79,1,100,small,False
542,0.7430126667022705,242.0,1,1,40,79,1,0,small,False
543,7.374610662460327,737.0,1,1,40,79,1,200,small,False
544,5.1150524616241455,582.0,1,1,40,79,1,100,small,False
545,8.234615802764893,996.0,1,1,40,79,1,200,small,False
546,17.3229398727417,590.0,1,1,40,79,1,400,small,False
547,12.424330949783325,671.0,1,1,40,79,1,300,small,False
548,0.8687992095947266,242.0,1,1,40,79,1,0,small,False
549,30.370046854019165,548.0,1,1,887,104,2,400,small,False
550,4.865198135375977,583.0,1,1,40,79,1,100,small,False
551,0.7306356430053711,243.0,1,1,40,79,1,0,small,False
552,11.156726598739624,558.0,1,1,40,79,1,100,small,False
553,0.7221648693084717,245.0,1,1,40,79,1,0,small,False
554,0.7479338645935059,243.0,1,1,40,79,1,0,small,False
555,0.797996997833252,243.0,1,1,40,79,1,0,small,False
556,8.331254720687866,720.0,1,1,40,79,1,200,small,False
557,0.9570956230163574,235.0,1,1,40,79,1,0,small,False
558,30.643404006958008,270.0,1,1,610,127,2,100,small,False
559,3.461400270462036,634.0,1,1,40,79,1,0,small,False
560,30.51966166496277,523.0,1,1,863,79,2,400,small,False
561,0.8320116996765137,237.0,1,1,40,79,1,0,small,False
562,0.8089601993560791,239.0,1,1,40,79,1,0,small,False
563,3.0454838275909424,610.0,1,1,40,79,1,100,small,False
564,10.647732019424438,1257.0,1,1,1320,79,1,300,small,False
565,0.8519444465637207,243.0,1,1,40,79,1,0,small,False
566,6.2174623012542725,607.0,1,1,40,79,1,0,small,False
567,1.8149998188018799,221.0,1,1,40,79,1,0,small,False
568,0.7788763046264648,246.0,1,1,40,79,1,0,small,False
569,8.27437686920166,763.0,1,1,40,79,1,200,small,False
570,6.810836315155029,553.0,1,1,40,79,1,100,small,False
571,30.39804220199585,534.0,1,1,873,103,2,600,small,False
572,30.370277404785156,545.0,1,1,40,79,1,200,small,False
573,4.601959466934204,758.0,1,1,40,79,1,100,small,False
574,30.40879249572754,254.0,1,1,594,79,2,100,small,False
575,12.02400541305542,1244.0,1,1,1320,79,1,500,small,False
576,30.406687259674072,254.0,1,1,594,79,2,100,small,False
577,4.469071626663208,750.0,1,1,40,79,1,200,small,False
578,8.429601430892944,1002.0,1,1,40,79,1,400,small,False
579,30.30780863761902,778.0,1,1,40,79,1,400,small,False
580,1.3718655109405518,229.0,1,1,40,79,1,0,small,False
581,30.521979093551636,382.0,1,1,722,79,2,100,small,False
582,18.628741979599,660.0,1,1,40,79,1,0,small,False
583,23.7697696685791,838.0,1,1,40,79,1,500,small,False
584,13.183182716369629,714.0,1,1,40,79,1,100,small,False
585,16.387563228607178,462.0,1,1,40,79,1,0,small,False
586,0.9479029178619385,228.0,1,1,40,79,1,0,small,False
587,2.014059543609619,634.0,1,1,40,79,1,100,small,False
588,0.8080282211303711,231.0,1,1,40,79,1,0,small,False
589,0.7379934787750244,232.0,1,1,40,79,1,0,small,False
590,30.37067747116089,558.0,1,1,898,84,2,300,small,False
591,24.562528610229492,603.0,1,1,40,79,1,500,small,False
592,9.724342107772827,972.0,1,1,40,79,1,500,small,False
593,14.14281702041626,943.0,1,1,40,79,1,300,small,False
594,0.7699778079986572,235.0,1,1,40,79,1,0,small,False
595,0.7196707725524902,247.0,1,1,40,79,1,0,small,False
596,30.52193307876587,558.0,1,1,898,79,2,400,small,False
597,0.8806045055389404,238.0,1,1,40,79,1,0,small,False
598,12.570912599563599,1059.0,1,1,40,79,1,500,small,False
599,0.7688231468200684,233.0,1,1,40,79,1,0,small,False
600,0.8019857406616211,233.0,1,1,40,79,1,0,small,False
601,22.062852144241333,858.0,1,1,40,79,1,500,small,False
602,10.452067852020264,969.0,1,1,40,79,1,300,small,False
603,0.8377816677093506,229.0,1,1,40,79,1,0,small,False
604,7.424716472625732,730.0,1,1,40,79,1,100,small,False
605,2.96895170211792,639.0,1,1,40,79,1,200,small,False
606,7.038966417312622,732.0,1,1,40,79,1,700,small,False
607,5.875156402587891,713.0,1,1,40,79,1,300,small,False
608,11.591315746307373,729.0,1,1,40,79,1,300,small,False
609,8.352325677871704,567.0,1,1,40,79,1,100,small,False
610,8.322354793548584,706.0,1,1,40,79,1,100,small,False
611,0.9670193195343018,229.0,1,1,40,79,1,0,small,False
612,8.734267711639404,1259.0,1,1,1320,79,1,300,small,False
613,30.599231719970703,382.0,1,1,722,89,2,300,small,False
614,0.686927318572998,246.0,1,1,40,79,1,0,small,False
615,0.6679718494415283,248.0,1,1,40,79,1,0,small,False
616,8.590054273605347,639.0,1,1,40,79,1,300,small,False
617,12.117198944091797,962.0,1,1,40,79,1,300,small,False
618,11.983083009719849,959.0,1,1,40,79,1,500,small,False
619,30.36002492904663,557.0,1,1,897,84,2,700,small,False
620,30.43468165397644,558.0,1,1,898,112,2,400,small,False
621,8.750839233398438,583.0,1,1,40,79,1,0,small,False
622,10.981990814208984,964.0,1,1,40,79,1,100,small,False
623,2.07401967048645,129.0,1,1,40,79,1,0,small,False
624,8.86037015914917,644.0,1,1,40,79,1,100,small,False
625,1.453010082244873,177.0,1,1,40,79,1,0,small,False
626,13.336969375610352,713.0,1,1,40,79,1,300,small,False
627,26.339512825012207,408.0,1,1,40,79,1,300,small,False
628,1.6179118156433105,227.0,1,1,40,79,1,0,small,False
629,24.96152925491333,1114.0,1,1,1320,79,1,400,small,False
630,0.7180089950561523,241.0,1,1,40,79,1,0,small,False
631,6.674119710922241,763.0,1,1,40,79,1,100,small,False
632,21.811758279800415,439.0,1,1,40,79,1,0,small,False
633,0.8165514469146729,238.0,1,1,40,79,1,0,small,False
634,5.6200926303863525,1023.0,1,1,40,79,1,400,small,False
635,12.712233304977417,636.0,1,1,40,79,1,100,small,False
636,14.408700466156006,613.0,1,1,40,79,1,200,small,False
637,0.9730463027954102,228.0,1,1,40,79,1,0,small,False
638,8.122168779373169,679.0,1,1,40,79,1,200,small,False
639,30.392563819885254,477.0,1,1,817,79,2,600,small,False
640,6.781268835067749,720.0,1,1,40,79,1,200,small,False
641,15.543179750442505,928.0,1,1,40,79,1,200,small,False
642,4.494300365447998,609.0,1,1,40,79,1,100,small,False
643,4.6727375984191895,700.0,1,1,40,79,1,400,small,False
644,5.688680410385132,754.0,1,1,40,79,1,300,small,False
645,30.5549418926239,556.0,1,1,897,117,2,200,small,False
646,5.222379207611084,719.0,1,1,40,79,1,600,small,False
647,7.687147378921509,765.0,1,1,40,79,1,100,small,False
648,4.021933078765869,583.0,1,1,40,79,1,100,small,False
649,21.2116219997406,868.0,1,1,40,79,1,500,small,False
650,9.722459077835083,734.0,1,1,40,79,1,100,small,False
651,9.354191541671753,645.0,1,1,40,79,1,400,small,False
652,30.636698961257935,298.0,1,1,638,79,2,100,small,False
653,8.771896839141846,661.0,1,1,40,79,1,200,small,False
654,4.61954927444458,608.0,1,1,40,79,1,0,small,False
655,21.3418185710907,862.0,1,1,40,79,1,400,small,False
656,0.7608087062835693,239.0,1,1,40,79,1,0,small,False
657,15.96406364440918,465.0,1,1,40,79,1,0,small,False
658,2.9052817821502686,639.0,1,1,40,79,1,100,small,False
659,0.6301126480102539,249.0,1,1,40,79,1,0,small,False
660,30.55840539932251,382.0,1,1,722,79,2,200,small,False
661,1.9889004230499268,604.0,1,1,40,79,1,200,small,False
662,3.12451434135437,618.0,1,1,40,79,1,0,small,False
663,30.30547285079956,459.0,1,1,799,79,2,500,small,False
664,30.46207308769226,138.0,1,1,478,79,2,200,small,False
665,4.026101350784302,775.0,1,1,40,79,1,0,small,False
666,19.44487762451172,575.0,1,1,40,79,1,300,small,False
667,2.80676531791687,638.0,1,1,40,79,1,200,small,False
668,3.8388452529907227,595.0,1,1,40,79,1,0,small,False
669,30.40116262435913,558.0,1,1,898,79,2,400,small,False
670,27.93514132499695,814.0,1,1,40,79,1,600,small,False
671,15.890033483505249,1200.0,1,1,1320,79,1,600,small,False
672,2.8587288856506348,586.0,1,1,40,79,1,100,small,False
673,30.404201984405518,456.0,1,1,796,79,2,400,small,False
674,23.88543200492859,838.0,1,1,40,79,1,100,small,False
675,4.003141164779663,618.0,1,1,40,79,1,200,small,False
676,8.613706111907959,553.0,1,1,40,79,1,0,small,False
677,9.618791818618774,570.0,1,1,40,79,1,200,small,False
678,29.716936588287354,791.0,1,1,40,79,1,400,small,False
679,18.87990641593933,434.0,1,1,40,79,1,300,small,False
680,3.3236825466156006,635.0,1,1,40,79,1,200,small,False
681,0.8540081977844238,234.0,1,1,40,79,1,0,small,False
682,4.145976781845093,618.0,1,1,40,79,1,0,small,False
683,3.8818135261535645,599.0,1,1,40,79,1,0,small,False
684,16.956335306167603,614.0,1,1,40,79,1,100,small,False
685,7.024293899536133,597.0,1,1,40,79,1,0,small,False
686,14.719815492630005,1595.0,1,1,1320,79,1,400,small,False
687,9.970010757446289,745.0,1,1,40,79,1,300,small,False
688,8.75475525856018,721.0,1,1,40,79,1,100,small,False
689,2.2146711349487305,631.0,1,1,40,79,1,0,small,False
690,11.616969585418701,1235.0,1,1,1320,79,1,200,small,False
691,4.85776948928833,740.0,1,1,40,79,1,100,small,False
692,19.625526666641235,1410.0,1,1,1320,79,1,400,small,False
693,19.548262357711792,1172.0,1,1,1320,79,1,400,small,False
694,6.627020835876465,713.0,1,1,40,79,1,300,small,False
695,1.8078925609588623,235.0,1,1,40,79,1,0,small,False
696,11.584384202957153,959.0,1,1,40,79,1,400,small,False
697,2.577223777770996,580.0,1,1,40,79,1,100,small,False
698,14.22598671913147,518.0,1,1,40,79,1,100,small,False
699,0.919987678527832,223.0,1,1,40,79,1,0,small,False
700,4.752044677734375,595.0,1,1,40,79,1,200,small,False
701,1.364969253540039,233.0,1,1,40,79,1,0,small,False
702,23.341724634170532,432.0,1,1,40,79,1,0,small,False
703,0.8480775356292725,239.0,1,1,40,79,1,0,small,False
704,3.537792205810547,629.0,1,1,40,79,1,0,small,False
705,18.299050092697144,564.0,1,1,40,79,1,100,small,False
706,3.5207114219665527,572.0,1,1,40,79,1,200,small,False
707,8.757823944091797,582.0,1,1,40,79,1,0,small,False
708,4.044925689697266,628.0,1,1,40,79,1,0,small,False
709,1.1574139595031738,226.0,1,1,40,79,1,0,small,False
710,1.7219853401184082,235.0,1,1,40,79,1,0,small,False
711,8.534417390823364,519.0,1,1,40,79,1,100,small,False
712,10.263468503952026,728.0,1,1,40,79,1,200,small,False
713,30.3568012714386,470.0,1,1,810,134,2,500,small,False
714,9.523133277893066,750.0,1,1,40,79,1,400,small,False
715,1.9756877422332764,235.0,1,1,40,79,1,0,small,False
716,5.287222862243652,784.0,1,1,40,79,1,500,small,False
717,1.8069672584533691,228.0,1,1,40,79,1,0,small,False
718,1.7712812423706055,220.0,1,1,40,79,1,0,small,False
719,5.219146728515625,616.0,1,1,40,79,1,100,small,False
720,1.7448842525482178,231.0,1,1,40,79,1,0,small,False
721,30.42964506149292,169.0,1,1,509,79,2,100,small,False
722,2.8516845703125,592.0,1,1,40,79,1,0,small,False
723,30.34603786468506,436.0,1,1,776,79,2,500,small,False
724,2.310528516769409,232.0,1,1,40,79,1,0,small,False
725,3.2650885581970215,614.0,1,1,40,79,1,100,small,False
726,8.968243598937988,580.0,1,1,40,79,1,0,small,False
727,9.395366907119751,982.0,1,1,40,79,1,500,small,False
728,12.681414604187012,718.0,1,1,40,79,1,100,small,False
729,4.479029178619385,735.0,1,1,40,79,1,200,small,False
730,2.0614519119262695,229.0,1,1,40,79,1,0,small,False
731,24.08289337158203,577.0,1,1,40,79,1,100,small,False
732,8.879693984985352,1088.0,1,1,40,79,1,200,small,False
733,5.17097282409668,617.0,1,1,40,79,1,0,small,False
734,13.023826837539673,637.0,1,1,40,79,1,200,small,False
735,10.641247749328613,1248.0,1,1,1320,79,1,300,small,False
736,30.305816173553467,482.0,1,1,822,79,2,400,small,False
737,1.1839990615844727,228.0,1,1,40,79,1,0,small,False
738,0.8290798664093018,240.0,1,1,40,79,1,0,small,False
739,15.02579641342163,686.0,1,1,40,79,1,200,small,False
740,2.099622964859009,223.0,1,1,40,79,1,0,small,False
741,10.735347747802734,738.0,1,1,40,79,1,200,small,False
742,30.43936252593994,298.0,1,1,638,79,2,300,small,False
743,3.9007785320281982,719.0,1,1,40,79,1,200,small,False
744,17.383982181549072,901.0,1,1,40,79,1,400,small,False
745,5.845060110092163,576.0,1,1,40,79,1,200,small,False
746,5.904430627822876,185.0,1,1,40,79,1,0,small,False
747,11.213761329650879,494.0,1,1,40,79,1,100,small,False
748,2.2099883556365967,219.0,1,1,40,79,1,0,small,False
749,2.6864852905273438,224.0,1,1,40,79,1,0,small,False
750,30.41500735282898,478.0,1,1,818,79,2,300,small,False
751,20.380396842956543,625.0,1,1,40,79,1,1350,small,False
752,20.084065914154053,535.0,1,1,40,79,1,200,small,False
753,9.59538745880127,730.0,1,1,40,79,1,100,small,False
754,4.539762258529663,598.0,1,1,40,79,1,0,small,False
755,6.765280246734619,545.0,1,1,40,79,1,300,small,False
756,6.337866544723511,760.0,1,1,40,79,1,200,small,False
757,30.2635715007782,558.0,1,1,898,79,2,500,small,False
758,7.146428823471069,1000.0,1,1,40,79,1,300,small,False
759,5.593039512634277,756.0,1,1,40,79,1,200,small,False
760,4.640812158584595,205.0,1,1,40,79,1,0,small,False
761,5.600276470184326,559.0,1,1,40,79,1,100,small,False
762,7.36521315574646,738.0,1,1,40,79,1,300,small,False
763,11.836308479309082,1247.0,1,1,1320,79,1,300,small,False
764,30.5162570476532,382.0,1,1,722,79,2,200,small,False
765,6.129458904266357,546.0,1,1,40,79,1,100,small,False
766,30.529375076293945,558.0,1,1,898,79,2,700,small,False
767,2.3715193271636963,222.0,1,1,40,79,1,0,small,False
768,7.567418098449707,637.0,1,1,40,79,1,100,small,False
769,11.963052034378052,534.0,1,1,40,79,1,100,small,False
770,9.933950424194336,553.0,1,1,40,79,1,100,small,False
771,15.352227210998535,601.0,1,1,40,79,1,100,small,False
772,6.215879440307617,1100.0,1,1,40,79,1,200,small,False
773,1.0969502925872803,237.0,1,1,40,79,1,0,small,False
774,4.0728371143341064,770.0,1,1,40,79,1,200,small,False
775,7.806469202041626,569.0,1,1,40,79,1,200,small,False
776,5.248422384262085,766.0,1,1,40,79,1,200,small,False
777,4.799320936203003,710.0,1,1,40,79,1,300,small,False
778,9.204619407653809,981.0,1,1,40,79,1,500,small,False
779,5.332074403762817,597.0,1,1,40,79,1,300,small,False
780,16.310948133468628,663.0,1,1,40,79,1,200,small,False
781,30.39637851715088,162.0,1,1,502,132,2,0,small,False
782,13.834542751312256,531.0,1,1,40,79,1,0,small,False
783,7.214782238006592,670.0,1,1,40,79,1,200,small,False
784,9.124393224716187,578.0,1,1,40,79,1,0,small,False
785,1.8159890174865723,236.0,1,1,40,79,1,0,small,False
786,10.305017232894897,678.0,1,1,40,79,1,200,small,False
787,0.9381074905395508,234.0,1,1,40,79,1,0,small,False
788,5.34265398979187,766.0,1,1,40,79,1,300,small,False
789,2.6932778358459473,592.0,1,1,40,79,1,100,small,False
790,5.403246879577637,681.0,1,1,40,79,1,100,small,False
791,1.2566466331481934,224.0,1,1,40,79,1,0,small,False
792,7.8113179206848145,995.0,1,1,40,79,1,200,small,False
793,16.198687076568604,1192.0,1,1,1320,79,1,500,small,False
794,5.959144353866577,609.0,1,1,40,79,1,100,small,False
795,6.903065919876099,600.0,1,1,40,79,1,0,small,False
796,1.2554879188537598,233.0,1,1,40,79,1,0,small,False
797,18.95993733406067,882.0,1,1,40,79,1,200,small,False
798,2.1202192306518555,211.0,1,1,40,79,1,0,small,False
799,4.129153728485107,573.0,1,1,40,79,1,0,small,False
800,30.45460319519043,382.0,1,1,722,79,2,100,small,False
801,30.363940000534058,861.0,1,1,1201,89,2,200,small,False
802,28.465795278549194,519.0,1,1,40,79,1,400,small,False
803,5.197763204574585,727.0,1,1,40,79,1,200,small,False
804,30.31805109977722,899.0,1,1,1239,79,2,400,small,False
805,7.726680517196655,995.0,1,1,40,79,1,200,small,False
806,30.309182167053223,474.0,1,1,814,79,2,200,small,False
807,4.9273834228515625,769.0,1,1,40,79,1,200,small,False
808,14.272419929504395,928.0,1,1,40,79,1,400,small,False
809,1.0670428276062012,221.0,1,1,40,79,1,0,small,False
810,8.064311027526855,763.0,1,1,40,79,1,200,small,False
811,4.062421798706055,617.0,1,1,40,79,1,0,small,False
812,4.432026386260986,781.0,1,1,40,79,1,300,small,False
813,5.6771440505981445,788.0,1,1,40,79,1,300,small,False
814,3.848080635070801,796.0,1,1,40,79,1,200,small,False
815,0.8590824604034424,234.0,1,1,40,79,1,0,small,False
816,0.6807413101196289,248.0,1,1,40,79,1,0,small,False
817,3.006540536880493,610.0,1,1,40,79,1,100,small,False
818,4.812779426574707,593.0,1,1,40,79,1,200,small,False
819,10.332403898239136,666.0,1,1,40,79,1,200,small,False
820,4.833086252212524,594.0,1,1,40,79,1,200,small,False
821,30.37159013748169,558.0,1,1,898,79,2,400,small,False
822,3.154876708984375,604.0,1,1,40,79,1,100,small,False
823,1.1800265312194824,226.0,1,1,40,79,1,0,small,False
824,1.1501529216766357,226.0,1,1,40,79,1,0,small,False
825,0.821915864944458,234.0,1,1,40,79,1,0,small,False
826,0.8118453025817871,231.0,1,1,40,79,1,0,small,False
827,29.2242591381073,786.0,1,1,40,79,1,500,small,False
828,3.455660581588745,799.0,1,1,40,79,1,200,small,False
829,3.21756649017334,611.0,1,1,40,79,1,0,small,False
830,3.5444772243499756,581.0,1,1,40,79,1,0,small,False
831,7.468383312225342,543.0,1,1,40,79,1,200,small,False
832,23.163670301437378,586.0,1,1,40,79,1,300,small,False
833,30.40128517150879,558.0,1,1,898,79,2,300,small,False
834,5.812815427780151,610.0,1,1,40,79,1,200,small,False
835,7.558717727661133,689.0,1,1,40,79,1,200,small,False
836,3.363136053085327,622.0,1,1,40,79,1,0,small,False
837,16.022802352905273,659.0,1,1,40,79,1,200,small,False
838,3.273061752319336,619.0,1,1,40,79,1,0,small,False
839,10.80068850517273,738.0,1,1,40,79,1,300,small,False
840,4.130720138549805,707.0,1,1,40,79,1,100,small,False
841,2.145228624343872,592.0,1,1,40,79,1,100,small,False
842,10.127959728240967,716.0,1,1,40,79,1,100,small,False
843,1.0305473804473877,233.0,1,1,40,79,1,0,small,False
844,0.9219925403594971,226.0,1,1,40,79,1,0,small,False
845,1.0410990715026855,225.0,1,1,40,79,1,0,small,False
846,2.2140119075775146,588.0,1,1,40,79,1,100,small,False
847,1.1098277568817139,234.0,1,1,40,79,1,0,small,False
848,30.32484459877014,557.0,1,1,896,79,2,200,small,False
849,3.041107177734375,638.0,1,1,40,79,1,100,small,False
850,3.547492504119873,633.0,1,1,40,79,1,100,small,False
851,0.7138957977294922,244.0,1,1,40,79,1,0,small,False
852,0.7639527320861816,236.0,1,1,40,79,1,0,small,False
853,17.597362995147705,473.0,1,1,40,79,1,0,small,False
854,0.8850321769714355,230.0,1,1,40,79,1,0,small,False
855,7.543688774108887,769.0,1,1,40,79,1,300,small,False
856,3.7010295391082764,570.0,1,1,40,79,1,100,small,False
857,16.58668828010559,1185.0,1,1,1320,79,1,200,small,False
858,0.8810234069824219,233.0,1,1,40,79,1,0,small,False
859,5.80494499206543,711.0,1,1,40,79,1,200,small,False
860,9.431339025497437,751.0,1,1,40,79,1,400,small,False
861,3.650996208190918,597.0,1,1,40,79,1,100,small,False
862,25.221834897994995,420.0,1,1,40,79,1,100,small,False
863,8.949634313583374,696.0,1,1,40,79,1,100,small,False
864,0.7573244571685791,230.0,1,1,40,79,1,0,small,False
865,0.7759993076324463,233.0,1,1,40,79,1,0,small,False
866,25.511063814163208,361.0,1,1,40,79,1,0,small,False
867,5.036571502685547,618.0,1,1,40,79,1,200,small,False
868,16.223073720932007,593.0,1,1,40,79,1,100,small,False
869,0.8470079898834229,232.0,1,1,40,79,1,0,small,False
870,2.973938465118408,638.0,1,1,40,79,1,0,small,False
871,2.2720413208007812,581.0,1,1,40,79,1,0,small,False
872,14.500700950622559,1182.0,1,1,1320,79,1,400,small,False
873,0.6940042972564697,236.0,1,1,40,79,1,0,small,False
874,10.584512948989868,543.0,1,1,40,79,1,100,small,False
875,3.172027587890625,582.0,1,1,40,79,1,0,small,False
876,4.206663608551025,614.0,1,1,40,79,1,100,small,False
877,0.7228827476501465,238.0,1,1,40,79,1,0,small,False
878,8.371283769607544,697.0,1,1,40,79,1,200,small,False
879,30.46621012687683,254.0,1,1,594,100,2,100,small,False
880,0.706944465637207,240.0,1,1,40,79,1,0,small,False
881,30.644635677337646,353.0,1,1,693,79,2,100,small,False
882,0.8193037509918213,241.0,1,1,40,79,1,0,small,False
883,11.29507064819336,960.0,1,1,40,79,1,300,small,False
884,9.461516380310059,655.0,1,1,40,79,1,100,small,False
885,30.403123140335083,558.0,1,1,898,79,2,500,small,False
886,30.5130352973938,275.0,1,1,615,181,2,200,small,False
887,1.149885654449463,242.0,1,1,40,79,1,0,small,False
888,25.271092653274536,364.0,1,1,40,79,1,100,small,False
889,5.265966176986694,597.0,1,1,40,79,1,200,small,False
890,30.574148416519165,275.0,1,1,615,135,2,200,small,False
891,7.815665006637573,524.0,1,1,40,79,1,0,small,False
892,13.141802310943604,496.0,1,1,40,79,1,300,small,False
893,0.9607117176055908,241.0,1,1,40,79,1,0,small,False
894,1.8289062976837158,202.0,1,1,40,79,1,0,small,False
895,1.5600526332855225,239.0,1,1,40,79,1,0,small,False
896,2.8902511596679688,217.0,1,1,40,79,1,0,small,False
897,29.29635977745056,320.0,1,1,40,79,1,0,small,False
898,30.39180898666382,558.0,1,1,898,99,2,400,small,False
899,2.5905399322509766,213.0,1,1,40,79,1,0,small,False
900,5.428292751312256,600.0,1,1,40,79,1,100,small,False
901,30.28045392036438,459.0,1,1,800,79,2,500,small,False
902,5.571475982666016,688.0,1,1,40,79,1,0,small,False
903,8.252845287322998,522.0,1,1,40,79,1,100,small,False
904,4.247141122817993,181.0,1,1,40,79,1,0,small,False
905,8.322980165481567,754.0,1,1,40,79,1,200,small,False
906,3.7070517539978027,206.0,1,1,40,79,1,0,small,False
907,17.377488613128662,993.0,1,1,40,79,1,600,small,False
908,17.047958850860596,667.0,1,1,40,79,1,300,small,False
909,30.736536741256714,558.0,1,1,898,79,2,500,small,False
910,9.965792179107666,666.0,1,1,40,79,1,200,small,False
911,30.31542158126831,160.0,1,1,500,79,2,0,small,False
912,9.062406539916992,653.0,1,1,40,79,1,100,small,False
913,0.9890670776367188,224.0,1,1,40,79,1,200,small,False
914,27.65531826019287,375.0,1,1,40,79,1,0,small,False
915,7.375131130218506,595.0,1,1,40,79,1,0,small,False
916,30.4719021320343,254.0,1,1,594,85,2,100,small,False
917,23.53659200668335,539.0,1,1,40,79,1,200,small,False
918,30.548490524291992,143.0,1,1,483,79,2,0,small,False
919,2.735964059829712,212.0,1,1,40,79,1,0,small,False
920,28.418514251708984,529.0,1,1,40,79,1,200,small,False
921,4.744515419006348,567.0,1,1,40,79,1,100,small,False
922,1.558713436126709,222.0,1,1,40,79,1,0,small,False
923,2.8660728931427,615.0,1,1,40,79,1,0,small,False
924,2.3292324542999268,630.0,1,1,40,79,1,0,small,False
925,2.3112106323242188,626.0,1,1,40,79,1,100,small,False
926,2.751720666885376,200.0,1,1,40,79,1,0,small,False
927,1.0869836807250977,231.0,1,1,40,79,1,0,small,False
928,4.629411697387695,600.0,1,1,40,79,1,0,small,False
929,5.259119510650635,602.0,1,1,40,79,1,300,small,False
930,20.074855089187622,632.0,1,1,40,79,1,100,small,False
931,30.669650554656982,558.0,1,1,898,79,2,400,small,False
932,26.06827688217163,559.0,1,1,40,79,1,1200,small,False
933,6.431415796279907,672.0,1,1,40,79,1,200,small,False
934,8.619215726852417,559.0,1,1,40,79,1,100,small,False
935,3.7354793548583984,612.0,1,1,40,79,1,0,small,False
936,2.2324132919311523,215.0,1,1,40,79,1,200,small,False
937,1.8710887432098389,214.0,1,1,40,79,1,0,small,False
938,15.507286310195923,584.0,1,1,40,79,1,200,small,False
939,11.22409701347351,684.0,1,1,40,79,1,200,small,False
940,15.852900505065918,645.0,1,1,40,79,1,100,small,False
941,8.015954494476318,691.0,1,1,40,79,1,100,small,False
942,3.7210333347320557,610.0,1,1,40,79,1,0,small,False
943,11.675456762313843,696.0,1,1,40,79,1,100,small,False
944,25.96548080444336,572.0,1,1,40,79,1,300,small,False
945,3.7928590774536133,629.0,1,1,40,79,1,100,small,False
946,3.040224313735962,576.0,1,1,40,79,1,100,small,False
947,19.263646841049194,1179.0,1,1,1320,79,1,500,small,False
948,30.378755569458008,156.0,1,1,496,79,2,500,small,False
949,5.999986886978149,185.0,1,1,40,79,1,200,small,False
950,9.962169408798218,745.0,1,1,40,79,1,200,small,False
951,27.225948572158813,576.0,1,1,40,79,1,200,small,False
952,0.9709908962249756,224.0,1,1,40,79,1,0,small,False
953,1.4180412292480469,235.0,1,1,40,79,1,0,small,False
954,5.121440410614014,713.0,1,1,40,79,1,100,small,False
955,12.99177622795105,609.0,1,1,40,79,1,100,small,False
956,1.5937445163726807,236.0,1,1,40,79,1,0,small,False
957,19.670787572860718,454.0,1,1,40,79,1,200,small,False
958,14.003565549850464,603.0,1,1,40,79,1,200,small,False
959,4.227114915847778,607.0,1,1,40,79,1,0,small,False
960,1.7352230548858643,221.0,1,1,40,79,1,0,small,False
961,6.856775522232056,689.0,1,1,40,79,1,200,small,False
962,4.402822732925415,620.0,1,1,40,79,1,0,small,False
963,18.734079599380493,898.0,1,1,40,79,1,400,small,False
964,19.898402452468872,622.0,1,1,40,79,1,200,small,False
965,2.394537925720215,216.0,1,1,40,79,1,0,small,False
966,9.114838361740112,754.0,1,1,40,79,1,200,small,False
967,1.1984162330627441,237.0,1,1,40,79,1,0,small,False
968,2.641054391860962,624.0,1,1,40,79,1,0,small,False
969,1.675800085067749,225.0,1,1,40,79,1,0,small,False
970,6.17951226234436,713.0,1,1,40,79,1,200,small,False
971,16.323487997055054,602.0,1,1,40,79,1,400,small,False
972,30.400208234786987,558.0,1,1,898,79,2,600,small,False
973,11.743568181991577,728.0,1,1,40,79,1,200,small,False
974,12.990233182907104,525.0,1,1,40,79,1,0,small,False
975,6.576120138168335,673.0,1,1,40,79,1,200,small,False
976,10.005828619003296,745.0,1,1,40,79,1,300,small,False
977,4.100791692733765,615.0,1,1,40,79,1,100,small,False
978,30.583504676818848,382.0,1,1,722,79,2,400,small,False
979,30.3207585811615,257.0,1,1,594,103,2,1550,tall,False
980,9.036044120788574,679.0,1,1,40,79,1,200,small,False
981,11.870626211166382,1256.0,1,1,1320,79,1,500,small,False
982,5.053117752075195,561.0,1,1,40,79,1,100,small,False
983,30.422962427139282,558.0,1,1,898,79,2,300,small,False
984,26.800331830978394,582.0,1,1,40,79,1,200,small,False
985,30.488608360290527,382.0,1,1,722,115,2,300,small,False
986,21.188411951065063,503.0,1,1,40,79,1,400,small,False
987,6.834657907485962,576.0,1,1,40,79,1,100,small,False
988,30.35989737510681,382.0,1,1,719,110,2,1350,tall,False
989,0.7969658374786377,238.0,1,1,40,79,1,0,small,False
990,30.323859453201294,382.0,1,1,722,79,2,300,small,False
991,4.434693336486816,724.0,1,1,40,79,1,200,small,False
992,1.42991042137146,169.0,1,1,40,79,1,0,small,False
993,7.667447090148926,686.0,1,1,40,79,1,100,small,False
994,13.773144483566284,939.0,1,1,40,79,1,200,small,False
995,30.29651927947998,257.0,1,1,594,79,2,1250,tall,False
996,18.483058214187622,443.0,1,1,40,79,1,100,small,False
997,1.4984030723571777,218.0,1,1,40,79,1,0,small,False
998,16.03360605239868,673.0,1,1,40,79,1,200,small,False
999,0.9069716930389404,230.0,1,1,40,79,1,0,small,False
1000,30.402490854263306,382.0,1,1,722,79,2,300,small,False
1001,30.47968292236328,254.0,1,1,594,102,2,0,small,False
1002,3.189490556716919,599.0,1,1,40,79,1,0,small,False
1003,3.6504039764404297,616.0,1,1,40,79,1,100,small,False
1004,11.448096513748169,1817.0,1,1,1320,79,1,800,small,False
1005,11.38069224357605,701.0,1,1,40,79,1,500,small,False
1006,3.1729984283447266,208.0,1,1,40,79,1,0,small,False
1007,3.938495635986328,760.0,1,1,40,79,1,100,small,False
1008,18.538763284683228,530.0,1,1,40,79,1,200,small,False
1009,11.186908483505249,708.0,1,1,40,79,1,0,small,False
1010,1.1270668506622314,219.0,1,1,40,79,1,0,small,False
1011,20.59949779510498,571.0,1,1,40,79,1,200,small,False
1012,0.6750283241271973,248.0,1,1,40,79,1,0,small,False
1013,2.002581834793091,209.0,1,1,40,79,1,200,small,False
1014,5.832961797714233,556.0,1,1,40,79,1,100,small,False
1015,1.8116097450256348,86.0,1,1,40,79,1,0,small,False
1016,0.8800811767578125,215.0,1,1,40,79,1,0,small,False
1017,18.053019046783447,582.0,1,1,40,79,1,200,small,False
1018,30.303970336914062,-16.0,1,1,324,93,2,100,small,False
1019,18.892378568649292,591.0,1,1,40,79,1,300,small,False
1020,30.4040470123291,558.0,1,1,898,79,2,900,small,False
1021,7.615648508071899,592.0,1,1,40,79,1,0,small,False
1022,6.162029266357422,613.0,1,1,40,79,1,1100,small,False
1023,11.518534421920776,652.0,1,1,40,79,1,300,small,False
1024,12.679649591445923,711.0,1,1,40,79,1,100,small,False
1025,14.807079076766968,680.0,1,1,40,79,1,100,small,False
1026,2.2848901748657227,74.0,1,1,40,79,1,0,small,False
1027,8.296983480453491,736.0,1,1,40,79,1,500,small,False
1028,4.268620014190674,788.0,1,1,40,79,1,200,small,False
1029,21.615242958068848,1132.0,1,1,1320,79,1,400,small,False
1030,7.27169942855835,760.0,1,1,40,79,1,400,small,False
1031,0.8918726444244385,227.0,1,1,40,79,1,200,small,False
1032,13.784799575805664,681.0,1,1,40,79,1,200,small,False
1033,5.400609493255615,561.0,1,1,40,79,1,100,small,False
1034,0.680211067199707,241.0,1,1,40,79,1,0,small,False
1035,0.5868706703186035,249.0,1,1,40,79,1,0,small,False
1036,1.824946641921997,101.0,1,1,40,79,1,0,small,False
1037,0.7689552307128906,225.0,1,1,40,79,1,0,small,False
1038,2.8249218463897705,598.0,1,1,40,79,1,0,small,False
1039,2.0675344467163086,98.0,1,1,40,79,1,0,small,False
1040,30.43827533721924,558.0,1,1,898,79,2,500,small,False
1041,5.714508056640625,547.0,1,1,40,79,1,300,small,False
1042,17.698458433151245,488.0,1,1,40,79,1,0,small,False
1043,3.524843215942383,581.0,1,1,40,79,1,0,small,False
1044,1.6669187545776367,112.0,1,1,40,79,1,0,small,False
1045,30.380213499069214,-10.0,1,1,327,96,2,1650,tall,False
1046,30.573939323425293,558.0,1,1,898,79,2,400,small,False
1047,30.37230610847473,257.0,1,1,594,109,2,1000,tall,False
1048,0.7700059413909912,235.0,1,1,40,79,1,0,small,False
1049,30.48432183265686,254.0,1,1,594,93,2,100,small,False
1050,0.7389745712280273,236.0,1,1,40,79,1,0,small,False
1051,30.389856815338135,-83.0,1,1,256,101,2,300,small,False
1052,1.2731246948242188,175.0,1,1,40,79,1,0,small,False
1053,10.234166145324707,648.0,1,1,40,79,1,300,small,False
1054,0.8739874362945557,228.0,1,1,40,79,1,0,small,False
1055,14.429291725158691,447.0,1,1,40,79,1,1350,small,False
1056,14.223986625671387,503.0,1,1,40,79,1,0,small,False
1057,30.50589084625244,382.0,1,1,722,79,2,500,small,False
1058,2.302476644515991,33.0,1,1,40,79,1,0,small,False
1059,30.428242921829224,248.0,1,1,587,79,2,1400,tall,False
1060,13.626677513122559,948.0,1,1,40,79,1,400,small,False
1061,2.307164430618286,37.0,1,1,40,79,1,0,small,False
1062,30.52885341644287,558.0,1,1,898,79,2,400,small,False
1063,2.1696536540985107,46.0,1,1,40,79,1,0,small,False
1064,2.0360307693481445,67.0,1,1,40,79,1,0,small,False
1065,2.2608838081359863,29.0,1,1,40,79,1,0,small,False
1066,27.596092700958252,527.0,1,1,40,79,1,400,small,False
1067,0.7769417762756348,228.0,1,1,40,79,1,0,small,False
1068,1.5749626159667969,123.0,1,1,40,79,1,0,small,False
1069,1.1124579906463623,192.0,1,1,40,79,1,0,small,False
1070,0.7280724048614502,236.0,1,1,40,79,1,0,small,False
1071,0.8638370037078857,218.0,1,1,40,79,1,0,small,False
1072,30.53159260749817,382.0,1,1,722,103,2,200,small,False
1073,5.558290958404541,602.0,1,1,40,79,1,0,small,False
1074,14.623210906982422,602.0,1,1,40,79,1,100,small,False
1075,4.009707689285278,690.0,1,1,40,79,1,200,small,False
1076,1.7469847202301025,614.0,1,1,40,79,1,100,small,False
1077,0.7629249095916748,244.0,1,1,40,79,1,0,small,False
1078,0.7110095024108887,245.0,1,1,40,79,1,0,small,False
1079,5.408952236175537,791.0,1,1,40,79,1,300,small,False
1080,26.414088249206543,493.0,1,1,40,79,1,100,small,False
1081,0.7968060970306396,226.0,1,1,40,79,1,200,small,False
1082,19.985864400863647,634.0,1,1,40,79,1,200,small,False
1083,8.347947835922241,707.0,1,1,40,79,1,1400,small,False
1084,2.4848415851593018,16.0,1,1,40,79,1,0,small,False
1085,21.07014012336731,878.0,1,1,40,79,1,1700,small,False
1086,30.331189393997192,-148.0,1,1,192,123,2,100,small,False
1087,5.342269420623779,573.0,1,1,40,79,1,300,small,False
1088,20.944332599639893,1149.0,1,1,1320,79,1,500,small,False
1089,30.50848960876465,382.0,1,1,722,79,2,200,small,False
1090,30.41185474395752,561.0,1,1,898,79,2,1400,tall,False
1091,17.43977642059326,470.0,1,1,40,79,1,100,small,False
1092,1.1499807834625244,191.0,1,1,40,79,1,0,small,False
1093,0.6987943649291992,240.0,1,1,40,79,1,0,small,False
1094,14.803073167800903,600.0,1,1,40,79,1,200,small,False
1095,0.6981797218322754,243.0,1,1,40,79,1,0,small,False
1096,0.6191561222076416,244.0,1,1,40,79,1,0,small,False
1097,0.7579705715179443,225.0,1,1,40,79,1,0,small,False
1098,0.8790626525878906,228.0,1,1,40,79,1,0,small,False
1099,1.1300978660583496,180.0,1,1,40,79,1,0,small,False
1100,4.434306621551514,1026.0,1,1,40,79,1,100,small,False
1101,0.856956958770752,212.0,1,1,40,79,1,0,small,False
1102,3.926375389099121,-11.0,1,1,40,79,1,0,small,False
1103,1.0939652919769287,223.0,1,1,40,79,1,200,small,False
1104,0.9090619087219238,229.0,1,1,40,79,1,0,small,False
1105,0.8089485168457031,227.0,1,1,40,79,1,0,small,False
1106,0.7499358654022217,235.0,1,1,40,79,1,200,small,False
1107,19.36284351348877,997.0,1,1,40,79,1,500,small,False
1108,6.502121448516846,1004.0,1,1,40,79,1,500,small,False
1109,14.303587913513184,927.0,1,1,40,79,1,400,small,False
1110,30.689359188079834,372.0,1,1,712,79,2,200,small,False
1111,1.649012565612793,206.0,1,1,40,79,1,0,small,False
1112,1.2569971084594727,207.0,1,1,40,79,1,200,small,False
1113,8.867238759994507,980.0,1,1,40,79,1,300,small,False
1114,2.3411927223205566,179.0,1,1,40,79,1,0,small,False
1115,14.577261924743652,643.0,1,1,40,79,1,100,small,False
1116,1.6666746139526367,178.0,1,1,40,79,1,0,small,False
1117,3.3090054988861084,579.0,1,1,40,79,1,100,small,False
1118,1.3547980785369873,196.0,1,1,40,79,1,0,small,False
1119,1.576812744140625,140.0,1,1,40,79,1,0,small,False
1120,0.8037891387939453,237.0,1,1,40,79,1,0,small,False
1121,6.600273847579956,733.0,1,1,40,79,1,200,small,False
1122,30.64864182472229,382.0,1,1,722,101,2,200,small,False
1123,2.9326374530792236,574.0,1,1,40,79,1,0,small,False
1124,1.6486926078796387,227.0,1,1,40,79,1,0,small,False
1125,2.1227989196777344,220.0,1,1,40,79,1,0,small,False
1126,30.587823629379272,382.0,1,1,722,88,2,200,small,False
1127,1.0127849578857422,204.0,1,1,40,79,1,0,small,False
1128,1.193596601486206,239.0,1,1,40,79,1,0,small,False
1129,1.7821602821350098,226.0,1,1,40,79,1,0,small,False
1130,5.271066904067993,597.0,1,1,40,79,1,100,small,False
1131,5.79044246673584,585.0,1,1,40,79,1,100,small,False
1132,1.3670105934143066,203.0,1,1,40,79,1,200,small,False
1133,1.2040915489196777,237.0,1,1,40,79,1,0,small,False
1134,2.6849331855773926,204.0,1,1,40,79,1,0,small,False
1135,0.7980384826660156,232.0,1,1,40,79,1,0,small,False
1136,0.9088990688323975,221.0,1,1,40,79,1,0,small,False
1137,10.089260816574097,968.0,1,1,40,79,1,300,small,False
1138,17.34682822227478,910.0,1,1,40,79,1,400,small,False
1139,1.8677339553833008,230.0,1,1,40,79,1,0,small,False
1140,1.8059771060943604,636.0,1,1,40,79,1,0,small,False
1141,0.8702199459075928,240.0,1,1,40,79,1,0,small,False
1142,3.241447925567627,217.0,1,1,40,79,1,0,small,False
1143,0.7050154209136963,246.0,1,1,40,79,1,0,small,False
1144,4.813533782958984,595.0,1,1,40,79,1,100,small,False
1145,0.6919169425964355,243.0,1,1,40,79,1,0,small,False
1146,0.8039276599884033,239.0,1,1,40,79,1,200,small,False
1147,11.971429824829102,950.0,1,1,40,79,1,400,small,False
1148,1.0949339866638184,201.0,1,1,40,79,1,0,small,False
1149,0.7751646041870117,243.0,1,1,40,79,1,0,small,False
1150,3.590073823928833,632.0,1,1,40,79,1,200,small,False
1151,0.997708797454834,229.0,1,1,40,79,1,0,small,False
1152,16.800712823867798,1187.0,1,1,1320,79,1,200,small,False
1153,0.952120304107666,205.0,1,1,40,79,1,0,small,False
1154,0.7678837776184082,240.0,1,1,40,79,1,0,small,False
1155,4.310024976730347,1025.0,1,1,40,79,1,300,small,False
1156,6.181310653686523,748.0,1,1,40,79,1,200,small,False
1157,2.2642197608947754,100.0,1,1,40,79,1,0,small,False
1158,0.7679941654205322,240.0,1,1,40,79,1,200,small,False
1159,2.8290786743164062,615.0,1,1,40,79,1,200,small,False
1160,2.9347033500671387,589.0,1,1,40,79,1,0,small,False
1161,5.027955770492554,1022.0,1,1,40,79,1,300,small,False
1162,7.854462623596191,1301.0,1,1,1320,79,1,600,small,False
1163,0.8761014938354492,230.0,1,1,40,79,1,0,small,False
1164,30.28736662864685,577.0,1,1,919,148,2,600,small,False
1165,0.9130308628082275,219.0,1,1,40,79,1,0,small,False
1166,30.466660261154175,895.0,1,1,1235,79,2,300,small,False
1167,30.56735849380493,254.0,1,1,594,98,2,100,small,False
1168,1.2461507320404053,232.0,1,1,40,79,1,0,small,False
1169,1.0411043167114258,233.0,1,1,40,79,1,200,small,False
1170,4.458789587020874,601.0,1,1,40,79,1,0,small,False
1171,3.3538951873779297,197.0,1,1,40,79,1,200,small,False
1172,0.9450814723968506,228.0,1,1,40,79,1,200,small,False
1173,1.6890382766723633,228.0,1,1,40,79,1,0,small,False
1174,1.869446039199829,219.0,1,1,40,79,1,0,small,False
1175,2.477360963821411,203.0,1,1,40,79,1,0,small,False
1176,1.8549261093139648,226.0,1,1,40,79,1,0,small,False
1177,6.253968238830566,730.0,1,1,40,79,1,200,small,False
1178,1.3690028190612793,200.0,1,1,40,79,1,0,small,False
1179,1.857107162475586,212.0,1,1,40,79,1,0,small,False
1180,3.282036066055298,219.0,1,1,40,79,1,200,small,False
1181,19.9443576335907,975.0,1,1,40,79,1,500,small,False
1182,4.588840007781982,202.0,1,1,40,79,1,0,small,False
1183,3.0621814727783203,583.0,1,1,40,79,1,0,small,False
1184,27.945285320281982,798.0,1,1,40,79,1,200,small,False
1185,2.6979727745056152,222.0,1,1,40,79,1,0,small,False
1186,9.053915977478027,42.0,1,1,40,79,1,0,small,False
1187,30.522246837615967,382.0,1,1,722,115,2,200,small,False
1188,5.498164892196655,195.0,1,1,40,79,1,0,small,False
1189,2.8676021099090576,223.0,1,1,40,79,1,0,small,False
1190,0.9499101638793945,233.0,1,1,40,79,1,0,small,False
1191,4.8802220821380615,195.0,1,1,40,79,1,0,small,False
1192,12.9053316116333,526.0,1,1,40,79,1,200,small,False
1193,6.30875563621521,159.0,1,1,40,79,1,200,small,False
1194,10.76125979423523,963.0,1,1,40,79,1,300,small,False
1195,4.872817516326904,176.0,1,1,40,79,1,0,small,False
1196,6.397818088531494,168.0,1,1,40,79,1,0,small,False
1197,28.060139894485474,369.0,1,1,40,79,1,500,small,False
1198,3.2420356273651123,97.0,1,1,40,79,1,0,small,False
1199,3.2529401779174805,174.0,1,1,40,79,1,0,small,False
1200,2.81492280960083,224.0,1,1,40,79,1,0,small,False
1201,26.832456588745117,642.0,1,1,40,79,1,100,small,False
