Episode,Time,Reward,World,Stage,X Position,Y Position,Life,Score,Status,Reached Flag
0,70.20353293418884,354.0,1,1,594,99,2,300,small,False
1,66.45588088035583,354.0,1,1,594,103,2,200,small,False
2,66.88276720046997,354.0,1,1,594,99,2,0,small,False
3,68.12323141098022,354.0,1,1,594,93,2,300,small,False
4,3.2816834449768066,219.0,1,1,40,79,1,0,small,False
5,2.875552177429199,234.0,1,1,40,79,1,0,small,False
6,66.14244151115417,354.0,1,1,594,103,2,100,small,False
7,65.43228483200073,482.0,1,1,722,115,2,200,small,False
8,66.78265237808228,482.0,1,1,722,103,2,100,small,False
9,69.68737506866455,354.0,1,1,594,89,2,100,small,False
10,64.9053213596344,482.0,1,1,722,93,2,200,small,False
11,64.29575729370117,482.0,1,1,722,89,2,100,small,False
12,64.53267288208008,482.0,1,1,722,93,2,200,small,False
13,67.11126637458801,354.0,1,1,594,103,2,100,small,False
14,69.62269949913025,485.0,1,1,722,93,2,1200,tall,False
15,70.27932953834534,482.0,1,1,722,99,2,0,small,False
16,3.196810007095337,233.0,1,1,40,79,1,0,small,False
17,11.29531979560852,585.0,1,1,40,79,1,100,small,False
18,71.6715362071991,482.0,1,1,722,84,2,100,small,False
19,71.98342061042786,482.0,1,1,722,102,2,100,small,False
20,72.21552896499634,481.0,1,1,722,79,2,200,small,False
21,72.4771318435669,481.0,1,1,722,79,2,100,small,False
22,73.03616285324097,482.0,1,1,722,97,2,200,small,False
23,73.26430702209473,353.0,1,1,593,93,2,0,small,False
24,73.70537233352661,482.0,1,1,722,79,2,200,small,False
25,44.230799436569214,487.0,1,1,40,79,1,100,small,False
26,21.046825170516968,610.0,1,1,40,79,1,0,small,False
27,73.49363255500793,482.0,1,1,722,96,2,200,small,False
28,71.95968532562256,589.0,1,1,40,79,1,200,small,False
29,68.53270888328552,651.0,1,1,40,79,1,200,small,False
30,3.0524332523345947,231.0,1,1,40,79,1,0,small,False
31,34.52815246582031,568.0,1,1,40,79,1,100,small,False
32,3.7149415016174316,208.0,1,1,40,79,1,0,small,False
33,72.47760224342346,482.0,1,1,722,118,2,200,small,False
34,74.58923721313477,482.0,1,1,722,107,2,100,small,False
35,67.77646827697754,586.0,1,1,40,79,1,300,small,False
36,75.30577445030212,658.0,1,1,898,103,2,700,small,False
37,75.0198028087616,482.0,1,1,722,79,2,200,small,False
38,3.580319404602051,215.0,1,1,40,79,1,0,small,False
39,70.71974778175354,993.0,1,1,40,79,1,400,small,False
40,75.1607825756073,658.0,1,1,898,114,2,400,small,False
41,75.47373533248901,482.0,1,1,722,105,2,100,small,False
42,11.373067617416382,582.0,1,1,40,79,1,100,small,False
43,11.132070064544678,591.0,1,1,40,79,1,100,small,False
44,3.45619797706604,227.0,1,1,40,79,1,0,small,False
45,11.802976608276367,636.0,1,1,40,79,1,0,small,False
46,75.45703721046448,482.0,1,1,722,109,2,400,small,False
47,2.7883431911468506,242.0,1,1,40,79,1,0,small,False
48,75.62964844703674,482.0,1,1,722,79,2,300,small,False
49,3.2298049926757812,228.0,1,1,40,79,1,0,small,False
50,2.517366647720337,246.0,1,1,40,79,1,0,small,False
51,3.01777720451355,230.0,1,1,40,79,1,0,small,False
52,7.747350454330444,613.0,1,1,40,79,1,0,small,False
53,19.22561812400818,533.0,1,1,40,79,1,100,small,False
54,7.331370115280151,604.0,1,1,40,79,1,0,small,False
55,9.026103973388672,597.0,1,1,40,79,1,100,small,False
56,75.71874356269836,482.0,1,1,722,79,2,200,small,False
57,7.316637277603149,587.0,1,1,40,79,1,100,small,False
58,75.63748216629028,482.0,1,1,722,79,2,400,small,False
59,2.649498224258423,249.0,1,1,40,79,1,0,small,False
60,34.46222949028015,985.0,1,1,40,79,1,300,small,False
61,2.8169474601745605,231.0,1,1,40,79,1,0,small,False
62,76.06857061386108,482.0,1,1,722,79,2,100,small,False
63,11.908203840255737,582.0,1,1,40,79,1,200,small,False
64,44.624990463256836,613.0,1,1,40,79,1,300,small,False
65,10.076271057128906,597.0,1,1,40,79,1,100,small,False
66,44.170008420944214,698.0,1,1,40,79,1,200,small,False
67,19.15107011795044,1020.0,1,1,40,79,1,600,small,False
68,12.210559129714966,562.0,1,1,40,79,1,0,small,False
69,17.714576721191406,613.0,1,1,40,79,1,0,small,False
70,29.690284490585327,689.0,1,1,40,79,1,100,small,False
71,16.86894178390503,620.0,1,1,40,79,1,0,small,False
72,2.8812429904937744,237.0,1,1,40,79,1,0,small,False
73,8.111832618713379,587.0,1,1,40,79,1,100,small,False
74,6.755701541900635,629.0,1,1,40,79,1,300,small,False
75,38.64824199676514,969.0,1,1,40,79,1,200,small,False
76,7.654439687728882,614.0,1,1,40,79,1,0,small,False
77,6.9322638511657715,608.0,1,1,40,79,1,100,small,False
78,14.719717979431152,778.0,1,1,40,79,1,200,small,False
79,20.82630443572998,720.0,1,1,40,79,1,100,small,False
80,10.587382316589355,595.0,1,1,40,79,1,300,small,False
81,24.129616498947144,713.0,1,1,40,79,1,300,small,False
82,50.537551403045654,939.0,1,1,40,79,1,500,small,False
83,10.89158320426941,611.0,1,1,40,79,1,0,small,False
84,11.991088151931763,632.0,1,1,40,79,1,0,small,False
85,23.2994441986084,1005.0,1,1,40,79,1,300,small,False
86,32.73267102241516,675.0,1,1,40,79,1,200,small,False
87,2.7336978912353516,230.0,1,1,40,79,1,0,small,False
88,2.5497820377349854,245.0,1,1,40,79,1,200,small,False
89,45.87431454658508,1257.0,1,1,1320,79,1,300,small,False
90,18.408899307250977,574.0,1,1,40,79,1,200,small,False
91,11.041200160980225,638.0,1,1,40,79,1,100,small,False
92,10.966169357299805,639.0,1,1,40,79,1,0,small,False
93,76.42050814628601,458.0,1,1,698,91,2,200,small,False
94,9.4564208984375,596.0,1,1,40,79,1,100,small,False
95,2.5415613651275635,241.0,1,1,40,79,1,0,small,False
96,10.75540828704834,638.0,1,1,40,79,1,0,small,False
97,7.712163686752319,597.0,1,1,40,79,1,100,small,False
98,77.30321264266968,398.0,1,1,638,79,2,100,small,False
99,2.7959680557250977,246.0,1,1,40,79,1,0,small,False
100,2.8145222663879395,236.0,1,1,40,79,1,0,small,False
101,10.693949460983276,619.0,1,1,40,79,1,0,small,False
102,56.24027156829834,935.0,1,1,40,79,1,500,small,False
103,2.955855131149292,232.0,1,1,40,79,1,0,small,False
104,28.800576210021973,767.0,1,1,40,79,1,200,small,False
105,31.906677722930908,729.0,1,1,40,79,1,300,small,False
106,10.931255102157593,639.0,1,1,40,79,1,0,small,False
107,22.55906653404236,759.0,1,1,40,79,1,200,small,False
108,20.547061920166016,614.0,1,1,40,79,1,0,small,False
109,40.67886447906494,969.0,1,1,40,79,1,300,small,False
110,7.146710395812988,633.0,1,1,40,79,1,300,small,False
111,39.47105550765991,970.0,1,1,40,79,1,700,small,False
112,34.822301387786865,513.0,1,1,40,79,1,0,small,False
113,23.235069036483765,725.0,1,1,40,79,1,400,small,False
114,28.775944471359253,1089.0,1,1,40,79,1,600,small,False
115,25.324758052825928,775.0,1,1,40,79,1,300,small,False
116,2.869786024093628,229.0,1,1,40,79,1,0,small,False
117,31.61683416366577,1000.0,1,1,40,79,1,200,small,False
118,19.45628070831299,766.0,1,1,40,79,1,500,small,False
119,60.04666471481323,686.0,1,1,40,79,1,400,small,False
120,36.53725528717041,974.0,1,1,40,79,1,500,small,False
121,2.9300880432128906,235.0,1,1,40,79,1,200,small,False
122,30.89016556739807,988.0,1,1,40,79,1,200,small,False
123,10.156908988952637,606.0,1,1,40,79,1,100,small,False
124,7.384234666824341,585.0,1,1,40,79,1,0,small,False
125,18.343178033828735,620.0,1,1,40,79,1,200,small,False
126,39.16600561141968,1058.0,1,1,40,79,1,500,small,False
127,2.717028856277466,232.0,1,1,40,79,1,200,small,False
128,9.747280359268188,579.0,1,1,40,79,1,200,small,False
129,12.297534942626953,635.0,1,1,40,79,1,0,small,False
130,7.300995826721191,634.0,1,1,40,79,1,100,small,False
131,23.378769397735596,602.0,1,1,40,79,1,100,small,False
132,8.635393857955933,594.0,1,1,40,79,1,0,small,False
133,11.166306972503662,610.0,1,1,40,79,1,100,small,False
134,2.5560646057128906,251.0,1,1,40,79,1,0,small,False
135,2.4350996017456055,248.0,1,1,40,79,1,0,small,False
136,11.03518795967102,634.0,1,1,40,79,1,100,small,False
137,15.284056901931763,1047.0,1,1,40,79,1,400,small,False
138,3.901345729827881,229.0,1,1,40,79,1,0,small,False
139,10.716295003890991,633.0,1,1,40,79,1,100,small,False
140,14.98131799697876,727.0,1,1,40,79,1,200,small,False
141,14.059736728668213,564.0,1,1,40,79,1,0,small,False
142,2.6505746841430664,245.0,1,1,40,79,1,0,small,False
143,29.575905084609985,976.0,1,1,40,79,1,500,small,False
144,22.698913097381592,1022.0,1,1,40,79,1,400,small,False
145,29.151580572128296,977.0,1,1,40,79,1,600,small,False
146,22.700344800949097,717.0,1,1,40,79,1,300,small,False
147,8.622673511505127,600.0,1,1,40,79,1,0,small,False
148,7.554717779159546,635.0,1,1,40,79,1,0,small,False
149,6.719379663467407,622.0,1,1,40,79,1,100,small,False
150,2.756528854370117,247.0,1,1,40,79,1,0,small,False
151,11.282835483551025,638.0,1,1,40,79,1,0,small,False
152,24.238121032714844,753.0,1,1,40,79,1,200,small,False
153,15.402899026870728,763.0,1,1,40,79,1,200,small,False
154,6.080031871795654,652.0,1,1,40,79,1,100,small,False
155,6.623158931732178,617.0,1,1,40,79,1,100,small,False
156,2.3917288780212402,250.0,1,1,40,79,1,0,small,False
157,6.115926504135132,633.0,1,1,40,79,1,0,small,False
158,22.451372146606445,1015.0,1,1,40,79,1,200,small,False
159,25.06426501274109,1286.0,1,1,1320,79,1,400,small,False
160,2.929023265838623,242.0,1,1,40,79,1,0,small,False
161,77.04810667037964,669.0,1,1,911,143,2,700,small,False
162,58.29759979248047,1223.0,1,1,1320,79,1,500,small,False
163,6.994947910308838,622.0,1,1,40,79,1,0,small,False
164,8.293208360671997,613.0,1,1,40,79,1,100,small,False
165,2.2600271701812744,248.0,1,1,40,79,1,0,small,False
166,13.215368032455444,575.0,1,1,40,79,1,200,small,False
167,20.794253826141357,706.0,1,1,40,79,1,100,small,False
168,5.830054044723511,631.0,1,1,40,79,1,100,small,False
169,16.367790937423706,625.0,1,1,40,79,1,0,small,False
170,2.794616937637329,246.0,1,1,40,79,1,0,small,False
171,3.209350347518921,238.0,1,1,40,79,1,0,small,False
172,12.32257866859436,636.0,1,1,40,79,1,0,small,False
173,3.5394399166107178,212.0,1,1,40,79,1,0,small,False
174,55.788111209869385,1219.0,1,1,1320,79,1,300,small,False
175,2.804860830307007,230.0,1,1,40,79,1,0,small,False
176,22.704811573028564,1014.0,1,1,40,79,1,300,small,False
177,50.94134306907654,1234.0,1,1,1320,79,1,100,small,False
178,6.3404083251953125,636.0,1,1,40,79,1,100,small,False
179,17.856191396713257,1034.0,1,1,40,79,1,300,small,False
180,11.619762420654297,637.0,1,1,40,79,1,0,small,False
181,3.1002895832061768,225.0,1,1,40,79,1,0,small,False
182,15.058475971221924,752.0,1,1,40,79,1,400,small,False
183,24.78310751914978,779.0,1,1,40,79,1,300,small,False
184,44.748375415802,960.0,1,1,40,79,1,300,small,False
185,14.823537588119507,1041.0,1,1,40,79,1,400,small,False
186,76.99062514305115,720.0,1,1,955,168,2,1350,small,False
187,76.72919130325317,194.0,1,1,434,79,2,100,small,False
188,17.052631855010986,1032.0,1,1,40,79,1,100,small,False
189,5.940420866012573,628.0,1,1,40,79,1,300,small,False
190,6.36071252822876,651.0,1,1,40,79,1,100,small,False
191,77.15649724006653,482.0,1,1,722,79,2,200,small,False
192,77.1534640789032,482.0,1,1,722,79,2,200,small,False
193,77.21957850456238,482.0,1,1,722,93,2,300,small,False
194,77.13516664505005,608.0,1,1,850,105,2,100,small,False
195,77.5309579372406,482.0,1,1,722,84,2,100,small,False
196,11.649003267288208,638.0,1,1,40,79,1,200,small,False
197,38.844338178634644,743.0,1,1,40,79,1,300,small,False
198,6.114978790283203,624.0,1,1,40,79,1,200,small,False
199,19.5908362865448,1317.0,1,1,1320,79,1,200,small,False
200,2.7108078002929688,232.0,1,1,40,79,1,0,small,False
201,2.70926570892334,232.0,1,1,40,79,1,0,small,False
202,2.2012839317321777,251.0,1,1,40,79,1,0,small,False
203,11.819305896759033,637.0,1,1,40,79,1,300,small,False
204,19.644052267074585,1021.0,1,1,40,79,1,100,small,False
205,17.599876403808594,734.0,1,1,40,79,1,500,small,False
206,39.995349645614624,1243.0,1,1,1320,79,1,600,small,False
207,11.546626567840576,637.0,1,1,40,79,1,0,small,False
208,16.941631078720093,1035.0,1,1,40,79,1,300,small,False
209,19.34089946746826,1298.0,1,1,40,79,1,500,small,False
210,2.316230058670044,247.0,1,1,40,79,1,200,small,False
211,5.451625347137451,653.0,1,1,40,79,1,100,small,False
212,2.2709553241729736,247.0,1,1,40,79,1,0,small,False
211,15.915692329406738,791.0,1,1,40,79,1,200,small,False
212,43.13815093040466,1849.0,1,1,1320,79,1,900,small,False
213,7.392873048782349,600.0,1,1,40,79,1,0,small,False
214,42.986006021499634,987.0,1,1,40,79,1,200,small,False
215,25.466147422790527,602.0,1,1,40,79,1,0,small,False
216,8.682589292526245,623.0,1,1,40,79,1,0,small,False
217,14.046376466751099,727.0,1,1,40,79,1,200,small,False
218,41.16941046714783,626.0,1,1,40,79,1,500,small,False
219,15.98374342918396,626.0,1,1,40,79,1,400,small,False
220,7.454470157623291,608.0,1,1,40,79,1,0,small,False
221,21.869040489196777,611.0,1,1,40,79,1,0,small,False
222,2.6835711002349854,247.0,1,1,40,79,1,0,small,False
223,7.983837366104126,647.0,1,1,40,79,1,100,small,False
224,8.095481395721436,632.0,1,1,40,79,1,0,small,False
225,3.1012094020843506,231.0,1,1,40,79,1,0,small,False
226,63.83421540260315,631.0,1,1,40,79,1,500,small,False
227,10.736076354980469,640.0,1,1,40,79,1,0,small,False
228,10.723419189453125,640.0,1,1,40,79,1,0,small,False
229,13.061033964157104,706.0,1,1,40,79,1,500,small,False
230,38.20459723472595,976.0,1,1,40,79,1,500,small,False
231,2.7171695232391357,244.0,1,1,40,79,1,0,small,False
232,15.916738033294678,625.0,1,1,40,79,1,0,small,False
233,22.45474410057068,771.0,1,1,40,79,1,100,small,False
234,23.686281204223633,1288.0,1,1,1320,79,1,500,small,False
235,10.092546701431274,640.0,1,1,40,79,1,0,small,False
236,2.279961585998535,251.0,1,1,40,79,1,0,small,False
237,23.0596604347229,781.0,1,1,40,79,1,400,small,False
238,23.657590866088867,1003.0,1,1,40,79,1,200,small,False
239,5.473418712615967,620.0,1,1,40,79,1,200,small,False
240,16.011947870254517,1037.0,1,1,40,79,1,200,small,False
241,14.814571380615234,1055.0,1,1,40,79,1,200,small,False
242,18.59831142425537,1849.0,1,1,1320,79,1,300,small,False
243,8.254344940185547,630.0,1,1,40,79,1,0,small,False
244,2.296570062637329,243.0,1,1,40,79,1,0,small,False
245,13.598995685577393,1037.0,1,1,40,79,1,400,small,False
246,6.137040615081787,628.0,1,1,40,79,1,300,small,False
247,2.8718695640563965,227.0,1,1,40,79,1,200,small,False
248,11.362841129302979,638.0,1,1,40,79,1,200,small,False
249,6.348952531814575,605.0,1,1,40,79,1,200,small,False
250,13.346994638442993,807.0,1,1,40,79,1,200,small,False
251,10.6720871925354,640.0,1,1,40,79,1,0,small,False
252,2.3463757038116455,243.0,1,1,40,79,1,0,small,False
253,61.73473024368286,1205.0,1,1,1320,79,1,200,small,False
254,18.255253076553345,1318.0,1,1,1320,79,1,300,small,False
255,12.507221460342407,635.0,1,1,40,79,1,200,small,False
256,2.691878080368042,236.0,1,1,40,79,1,0,small,False
257,10.082846879959106,734.0,1,1,40,79,1,0,small,False
258,34.49066209793091,980.0,1,1,40,79,1,300,small,False
259,77.00115728378296,907.0,1,1,1149,112,2,600,small,False
260,6.048422574996948,637.0,1,1,40,79,1,0,small,False
261,14.957597970962524,1128.0,1,1,40,79,1,100,small,False
262,21.79303550720215,740.0,1,1,40,79,1,200,small,False
263,2.509404182434082,236.0,1,1,40,79,1,0,small,False
264,2.534499168395996,239.0,1,1,40,79,1,0,small,False
265,77.1397340297699,658.0,1,1,898,79,2,200,small,False
266,6.477157354354858,651.0,1,1,40,79,1,0,small,False
267,11.515498161315918,735.0,1,1,40,79,1,200,small,False
268,12.459964513778687,636.0,1,1,40,79,1,200,small,False
269,19.062291860580444,1026.0,1,1,40,79,1,200,small,False
270,14.79820704460144,1044.0,1,1,40,79,1,400,small,False
271,2.7551708221435547,233.0,1,1,40,79,1,0,small,False
272,16.323627948760986,802.0,1,1,40,79,1,300,small,False
273,23.876980304718018,1382.0,1,1,1320,79,1,200,small,False
274,10.556450128555298,637.0,1,1,40,79,1,200,small,False
275,10.450765371322632,638.0,1,1,40,79,1,100,small,False
276,14.824265956878662,1414.0,1,1,1320,79,1,500,small,False
277,71.91889691352844,879.0,1,1,40,79,1,300,small,False
278,11.459789752960205,636.0,1,1,40,79,1,300,small,False
279,2.436328411102295,232.0,1,1,40,79,1,0,small,False
280,11.363155841827393,610.0,1,1,40,79,1,100,small,False
281,2.6749236583709717,239.0,1,1,40,79,1,0,small,False
282,14.706995725631714,1035.0,1,1,40,79,1,100,small,False
283,7.262442111968994,624.0,1,1,40,79,1,100,small,False
284,14.998854160308838,759.0,1,1,40,79,1,400,small,False
285,11.346424341201782,811.0,1,1,40,79,1,200,small,False
286,12.541127443313599,635.0,1,1,40,79,1,200,small,False
287,2.183610200881958,251.0,1,1,40,79,1,0,small,False
288,6.159959554672241,632.0,1,1,40,79,1,0,small,False
289,19.0510573387146,1031.0,1,1,40,79,1,500,small,False
290,20.60859227180481,1020.0,1,1,40,79,1,300,small,False
291,18.215004682540894,795.0,1,1,40,79,1,300,small,False
292,11.150782108306885,1041.0,1,1,40,79,1,0,small,False
293,10.972272634506226,813.0,1,1,40,79,1,100,small,False
294,28.350871324539185,1278.0,1,1,1320,79,1,200,small,False
295,12.334232568740845,725.0,1,1,40,79,1,100,small,False
296,11.09961724281311,814.0,1,1,40,79,1,400,small,False
297,77.04467535018921,482.0,1,1,722,79,2,0,small,False
298,4.007527112960815,191.0,1,1,40,79,1,200,small,False
299,2.8899548053741455,240.0,1,1,40,79,1,0,small,False
300,19.331310510635376,794.0,1,1,40,79,1,200,small,False
301,3.241495370864868,228.0,1,1,40,79,1,0,small,False
302,2.8702471256256104,225.0,1,1,40,79,1,0,small,False
303,16.11082434654236,802.0,1,1,40,79,1,100,small,False
304,10.811866283416748,640.0,1,1,40,79,1,200,small,False
305,6.053609371185303,635.0,1,1,40,79,1,200,small,False
306,10.802892684936523,640.0,1,1,40,79,1,0,small,False
307,16.676796674728394,609.0,1,1,40,79,1,0,small,False
308,26.007689714431763,567.0,1,1,40,79,1,300,small,False
309,78.02860450744629,541.0,1,1,781,109,2,400,small,False
310,18.254316091537476,1015.0,1,1,40,79,1,300,small,False
311,13.66008472442627,1060.0,1,1,40,79,1,300,small,False
312,2.8829333782196045,238.0,1,1,40,79,1,0,small,False
313,15.509979724884033,1330.0,1,1,1320,79,1,200,small,False
314,2.6239166259765625,247.0,1,1,40,79,1,0,small,False
315,2.3065662384033203,248.0,1,1,40,79,1,0,small,False
316,16.43025493621826,597.0,1,1,40,79,1,100,small,False
317,12.512213706970215,812.0,1,1,40,79,1,100,small,False
318,22.491549968719482,786.0,1,1,40,79,1,200,small,False
319,13.728199243545532,808.0,1,1,40,79,1,200,small,False
320,68.28124356269836,432.0,1,1,40,79,1,100,small,False
321,6.238805294036865,639.0,1,1,40,79,1,100,small,False
322,15.834527015686035,1029.0,1,1,40,79,1,300,small,False
323,11.930392503738403,637.0,1,1,40,79,1,200,small,False
324,6.776103973388672,602.0,1,1,40,79,1,100,small,False
325,34.94386386871338,754.0,1,1,40,79,1,200,small,False
326,2.4521920680999756,249.0,1,1,40,79,1,0,small,False
327,14.525961875915527,807.0,1,1,40,79,1,200,small,False
328,13.5862455368042,1336.0,1,1,1320,79,1,0,small,False
329,34.496944189071655,984.0,1,1,40,79,1,200,small,False
330,17.116583585739136,1318.0,1,1,40,79,1,100,small,False
331,8.120258808135986,635.0,1,1,40,79,1,200,small,False
332,10.892790794372559,816.0,1,1,40,79,1,200,small,False
333,2.087637186050415,247.0,1,1,40,79,1,0,small,False
334,12.188167095184326,812.0,1,1,40,79,1,0,small,False
335,11.359130620956421,1044.0,1,1,40,79,1,300,small,False
336,2.5036325454711914,252.0,1,1,40,79,1,0,small,False
337,2.577720880508423,248.0,1,1,40,79,1,0,small,False
338,17.580986499786377,732.0,1,1,40,79,1,600,small,False
339,10.160278797149658,732.0,1,1,40,79,1,100,small,False
340,2.416133165359497,246.0,1,1,40,79,1,0,small,False
341,21.692805528640747,703.0,1,1,40,79,1,300,small,False
342,2.260788679122925,245.0,1,1,40,79,1,0,small,False
343,6.5783631801605225,624.0,1,1,40,79,1,100,small,False
344,17.856688022613525,1027.0,1,1,40,79,1,300,small,False
345,12.447645664215088,635.0,1,1,40,79,1,100,small,False
346,2.9591591358184814,238.0,1,1,40,79,1,200,small,False
347,2.6570489406585693,248.0,1,1,40,79,1,0,small,False
348,11.733666181564331,635.0,1,1,40,79,1,100,small,False
349,11.728437185287476,635.0,1,1,40,79,1,100,small,False
350,2.464952230453491,243.0,1,1,40,79,1,0,small,False
351,32.17933964729309,673.0,1,1,40,79,1,200,small,False
352,19.46387219429016,794.0,1,1,40,79,1,200,small,False
353,14.71892499923706,734.0,1,1,40,79,1,200,small,False
354,2.228890895843506,249.0,1,1,40,79,1,0,small,False
355,2.2033028602600098,251.0,1,1,40,79,1,0,small,False
356,37.755958795547485,1802.0,1,1,1320,79,1,400,small,False
357,28.218409538269043,1887.0,1,1,1320,79,1,1700,small,False
358,14.194260120391846,1034.0,1,1,40,79,1,300,small,False
359,2.095714569091797,250.0,1,1,40,79,1,0,small,False
360,10.437989711761475,640.0,1,1,40,79,1,100,small,False
361,10.461325407028198,641.0,1,1,40,79,1,200,small,False
362,20.31635093688965,792.0,1,1,40,79,1,200,small,False
363,5.510759592056274,627.0,1,1,40,79,1,200,small,False
364,64.2020103931427,885.0,1,1,40,79,1,300,small,False
365,10.80544376373291,640.0,1,1,40,79,1,0,small,False
366,9.82049036026001,598.0,1,1,40,79,1,200,small,False
367,2.3772757053375244,245.0,1,1,40,79,1,0,small,False
368,18.90177035331726,1032.0,1,1,40,79,1,200,small,False
369,15.278484582901001,1032.0,1,1,40,79,1,300,small,False
370,34.74341034889221,682.0,1,1,40,79,1,300,small,False
371,5.80339241027832,637.0,1,1,40,79,1,400,small,False
372,11.99547004699707,1039.0,1,1,40,79,1,100,small,False
373,25.077401638031006,698.0,1,1,40,79,1,100,small,False
374,14.0292809009552,800.0,1,1,40,79,1,300,small,False
375,13.40673041343689,1037.0,1,1,40,79,1,0,small,False
376,12.124857664108276,611.0,1,1,40,79,1,200,small,False
377,2.2486937046051025,246.0,1,1,40,79,1,0,small,False
378,14.00153136253357,808.0,1,1,40,79,1,300,small,False
379,18.841992378234863,1322.0,1,1,1320,79,1,400,small,False
380,77.40073323249817,658.0,1,1,898,84,2,300,small,False
381,2.8527302742004395,244.0,1,1,40,79,1,0,small,False
382,13.080176830291748,810.0,1,1,40,79,1,400,small,False
383,13.521527290344238,809.0,1,1,40,79,1,200,small,False
384,2.1920082569122314,247.0,1,1,40,79,1,0,small,False
385,2.4350438117980957,235.0,1,1,40,79,1,0,small,False
386,10.937237024307251,813.0,1,1,40,79,1,100,small,False
387,16.562382459640503,1321.0,1,1,1320,79,1,300,small,False
388,12.727143287658691,811.0,1,1,40,79,1,300,small,False
389,2.2053444385528564,245.0,1,1,40,79,1,0,small,False
390,5.904316186904907,630.0,1,1,40,79,1,0,small,False
391,14.193501472473145,1127.0,1,1,40,79,1,500,small,False
392,2.51265287399292,236.0,1,1,40,79,1,0,small,False
393,2.426494598388672,247.0,1,1,40,79,1,0,small,False
394,14.936030864715576,1035.0,1,1,40,79,1,200,small,False
395,17.59035611152649,721.0,1,1,40,79,1,200,small,False
396,2.0925824642181396,249.0,1,1,40,79,1,0,small,False
397,13.949123859405518,1036.0,1,1,40,79,1,400,small,False
398,2.3011763095855713,252.0,1,1,40,79,1,0,small,False
399,10.348982572555542,616.0,1,1,40,79,1,100,small,False
400,6.0754554271698,652.0,1,1,40,79,1,0,small,False
401,10.1201012134552,724.0,1,1,40,79,1,300,small,False
402,52.57401633262634,937.0,1,1,40,79,1,200,small,False
403,33.518476486206055,757.0,1,1,40,79,1,200,small,False
404,7.370345115661621,607.0,1,1,40,79,1,100,small,False
405,20.801628828048706,1291.0,1,1,1320,79,1,0,small,False
406,2.4879767894744873,252.0,1,1,40,79,1,0,small,False
407,21.195605039596558,1296.0,1,1,1320,79,1,300,small,False
408,15.765137672424316,1030.0,1,1,40,79,1,100,small,False
409,24.072381258010864,1034.0,1,1,40,79,1,500,small,False
410,7.863750457763672,590.0,1,1,40,79,1,300,small,False
