Episode,Time,Reward,World,Stage,X Position,Y Position,Life,Score,Status,Reached Flag
0,0,1081.0,3.9719531536102295,1,1,722,79,255,100,small,False
1,0,560.0,18.487897157669067,1,1,594,98,1,100,small,False
0,0,5.0,1.3829374313354492,1,1,46,79,2,0,small,False
1,0,5.0,0.050028324127197266,1,1,46,79,2,0,small,False
2,0,6.0,0.05000591278076172,1,1,47,79,2,0,small,False
0,0,4.0,1.402827501296997,1,1,45,84,2,0,small,False
1,0,4.0,0.04344773292541504,1,1,45,79,2,0,small,False
2,0,5.0,0.056296348571777344,1,1,46,79,2,0,small,False
3,0,5.0,0.04022717475891113,1,1,46,79,2,0,small,False
4,0,8.0,0.05011296272277832,1,1,49,89,2,0,small,False
5,0,5.0,0.04722785949707031,1,1,46,94,2,0,small,False
6,0,5.0,0.05011725425720215,1,1,46,85,2,0,small,False
7,0,3.0,0.056868791580200195,1,1,44,84,2,0,small,False
8,0,0.0,0.04611921310424805,1,1,41,99,2,0,small,False
9,0,4.0,0.04709577560424805,1,1,45,79,2,0,small,False
10,0,6.0,0.05113506317138672,1,1,47,86,2,0,small,False
11,0,3.0,0.04911398887634277,1,1,44,79,2,0,small,False
12,0,2.0,0.050110816955566406,1,1,43,81,2,0,small,False
13,0,4.0,0.05254960060119629,1,1,45,84,2,0,small,False
14,0,3.0,0.050096750259399414,1,1,44,95,2,0,small,False
15,0,5.0,0.04775261878967285,1,1,46,79,2,0,small,False
16,0,-2.0,0.04999828338623047,1,1,39,79,2,0,small,False
17,0,5.0,0.05174827575683594,1,1,46,106,2,0,small,False
18,0,2.0,0.05037856101989746,1,1,43,81,2,0,small,False
19,0,5.0,0.048841238021850586,1,1,46,79,2,0,small,False
20,0,5.0,0.05005455017089844,1,1,46,84,2,0,small,False
21,0,6.0,0.050032615661621094,1,1,47,89,2,0,small,False
22,0,8.0,0.04054689407348633,1,1,49,81,2,0,small,False
23,0,7.0,0.0488588809967041,1,1,48,83,2,0,small,False
24,0,6.0,0.0454096794128418,1,1,47,81,2,0,small,False
25,0,8.0,0.04999542236328125,1,1,49,89,2,0,small,False
26,0,1.0,0.052207231521606445,1,1,42,79,2,0,small,False
27,0,12.0,0.0441281795501709,1,1,53,96,2,0,small,False
28,0,5.0,0.05009746551513672,1,1,46,79,2,0,small,False
29,0,6.0,0.05000877380371094,1,1,47,79,2,0,small,False
30,0,5.0,0.04998946189880371,1,1,46,94,2,0,small,False
31,0,7.0,0.051915645599365234,1,1,48,106,2,0,small,False
32,0,7.0,0.08336687088012695,1,1,48,79,2,0,small,False
33,0,8.0,0.0617222785949707,1,1,49,79,2,0,small,False
34,0,-2.0,0.05129861831665039,1,1,39,79,2,0,small,False
35,0,4.0,0.04864788055419922,1,1,45,108,2,0,small,False
36,0,4.0,0.05140280723571777,1,1,45,79,2,0,small,False
37,0,7.0,0.04834914207458496,1,1,48,84,2,0,small,False
38,0,7.0,0.05207490921020508,1,1,48,79,2,0,small,False
39,0,4.0,0.04792332649230957,1,1,45,79,2,0,small,False
40,0,0.0,0.052523136138916016,1,1,41,79,2,0,small,False
41,0,3.0,0.04737710952758789,1,1,44,79,2,0,small,False
42,0,7.0,0.05252480506896973,1,1,48,83,2,0,small,False
43,0,4.0,0.048246145248413086,1,1,45,105,2,0,small,False
44,0,2.0,0.05168962478637695,1,1,43,93,2,0,small,False
45,0,4.0,0.047525644302368164,1,1,45,84,2,0,small,False
46,0,6.0,0.05241847038269043,1,1,47,86,2,0,small,False
47,0,8.0,0.04735088348388672,1,1,49,79,2,0,small,False
48,0,3.0,0.05301094055175781,1,1,44,79,2,0,small,False
49,0,9.0,0.055725812911987305,1,1,50,84,2,0,small,False
50,0,4.0,0.044260263442993164,1,1,45,83,2,0,small,False
51,0,4.0,0.05001068115234375,1,1,45,88,2,0,small,False
52,0,6.0,0.05001378059387207,1,1,47,79,2,0,small,False
53,0,4.0,0.049989938735961914,1,1,45,81,2,0,small,False
54,0,6.0,0.049999237060546875,1,1,47,84,2,0,small,False
55,0,-4.0,0.050012826919555664,1,1,37,89,2,0,small,False
56,0,4.0,0.039975881576538086,1,1,45,89,2,0,small,False
57,0,7.0,0.03998994827270508,1,1,48,79,2,0,small,False
58,0,6.0,0.04995894432067871,1,1,47,91,2,0,small,False
59,0,8.0,0.04999828338623047,1,1,49,79,2,0,small,False
60,0,7.0,0.04307389259338379,1,1,48,79,2,0,small,False
61,0,5.0,0.05713081359863281,1,1,46,88,2,0,small,False
62,0,1.0,0.039981842041015625,1,1,42,89,2,0,small,False
63,0,8.0,0.0399935245513916,1,1,49,89,2,0,small,False
64,0,3.0,0.050891876220703125,1,1,44,79,2,0,small,False
65,0,6.0,0.04924964904785156,1,1,47,79,2,0,small,False
66,0,8.0,0.05000710487365723,1,1,49,88,2,0,small,False
67,0,7.0,0.05000138282775879,1,1,48,79,2,0,small,False
68,0,4.0,0.049991607666015625,1,1,45,89,2,0,small,False
69,0,4.0,0.050019025802612305,1,1,45,83,2,0,small,False
70,0,6.0,0.0499880313873291,1,1,47,83,2,0,small,False
71,0,4.0,0.04999089241027832,1,1,45,79,2,0,small,False
72,0,5.0,0.05000042915344238,1,1,46,79,2,0,small,False
73,0,5.0,0.05001425743103027,1,1,46,79,2,0,small,False
74,0,4.0,0.049994707107543945,1,1,45,85,2,0,small,False
75,0,5.0,0.039995670318603516,1,1,46,84,2,0,small,False
76,0,6.0,0.05000805854797363,1,1,47,84,2,0,small,False
77,0,4.0,0.049962520599365234,1,1,45,79,2,0,small,False
78,0,3.0,0.05002737045288086,1,1,44,79,2,0,small,False
79,0,1.0,0.04999971389770508,1,1,42,89,2,0,small,False
80,0,0.0,0.05269503593444824,1,1,41,79,2,0,small,False
81,0,6.0,0.0478510856628418,1,1,47,81,2,0,small,False
82,0,4.0,0.05001950263977051,1,1,45,93,2,0,small,False
83,0,5.0,0.05001211166381836,1,1,46,86,2,0,small,False
84,0,5.0,0.049990177154541016,1,1,46,86,2,0,small,False
85,0,7.0,0.050203800201416016,1,1,48,84,2,0,small,False
86,0,6.0,0.03998112678527832,1,1,47,83,2,0,small,False
87,0,3.0,0.05000019073486328,1,1,44,86,2,0,small,False
88,0,5.0,0.053116559982299805,1,1,46,84,2,0,small,False
89,0,7.0,0.047246456146240234,1,1,48,79,2,0,small,False
90,0,9.0,0.05000495910644531,1,1,50,81,2,0,small,False
91,0,7.0,0.0500028133392334,1,1,48,102,2,0,small,False
92,0,4.0,0.050981760025024414,1,1,45,81,2,0,small,False
93,0,3.0,0.049225807189941406,1,1,44,99,2,0,small,False
94,0,5.0,0.04761481285095215,1,1,46,79,2,0,small,False
95,0,1.0,0.050002336502075195,1,1,42,79,2,0,small,False
96,0,3.0,0.04999685287475586,1,1,44,79,2,0,small,False
97,0,1.0,0.06000375747680664,1,1,42,79,2,0,small,False
98,0,7.0,0.05000019073486328,1,1,48,81,2,0,small,False
99,0,9.0,0.03990626335144043,1,1,50,79,2,0,small,False
100,0,9.0,0.03995227813720703,1,1,50,84,2,0,small,False
101,0,7.0,0.04999828338623047,1,1,48,79,2,0,small,False
102,0,5.0,0.050031423568725586,1,1,46,99,2,0,small,False
103,0,10.0,0.04999828338623047,1,1,51,83,2,0,small,False
104,0,6.0,0.04999852180480957,1,1,47,79,2,0,small,False
105,0,9.0,0.0500030517578125,1,1,50,79,2,0,small,False
106,0,4.0,0.0500180721282959,1,1,45,79,2,0,small,False
107,0,5.0,0.04998588562011719,1,1,46,79,2,0,small,False
108,0,2.0,0.04995369911193848,1,1,43,101,2,0,small,False
109,0,4.0,0.05003952980041504,1,1,45,79,2,0,small,False
110,0,3.0,0.05000782012939453,1,1,44,89,2,0,small,False
111,0,6.0,0.04999589920043945,1,1,47,84,2,0,small,False
112,0,4.0,0.04999089241027832,1,1,45,79,2,0,small,False
113,0,4.0,0.05001544952392578,1,1,45,79,2,0,small,False
114,0,8.0,0.0500030517578125,1,1,49,81,2,0,small,False
115,0,3.0,0.0432889461517334,1,1,44,84,2,0,small,False
116,0,6.0,0.05722236633300781,1,1,47,79,2,0,small,False
117,0,8.0,0.040001869201660156,1,1,49,83,2,0,small,False
118,0,8.0,0.040007829666137695,1,1,49,79,2,0,small,False
119,0,7.0,0.04094099998474121,1,1,48,113,2,0,small,False
120,0,8.0,0.0490870475769043,1,1,49,89,2,0,small,False
121,0,4.0,0.039994001388549805,1,1,45,102,2,0,small,False
122,0,6.0,0.05001711845397949,1,1,47,93,2,0,small,False
123,0,6.0,0.0499720573425293,1,1,47,95,2,0,small,False
124,0,7.0,0.050011396408081055,1,1,48,85,2,0,small,False
125,0,6.0,0.05000019073486328,1,1,47,79,2,0,small,False
126,0,8.0,0.04999542236328125,1,1,49,79,2,0,small,False
127,0,6.0,0.05000019073486328,1,1,47,113,2,0,small,False
128,0,4.0,0.04999947547912598,1,1,45,79,2,0,small,False
129,0,3.0,0.04999685287475586,1,1,44,79,2,0,small,False
130,0,3.0,0.05022478103637695,1,1,44,93,2,0,small,False
131,0,8.0,0.049997568130493164,1,1,49,79,2,0,small,False
132,0,9.0,0.04999804496765137,1,1,50,79,2,0,small,False
133,0,5.0,0.04997682571411133,1,1,46,79,2,0,small,False
134,0,6.0,0.05002021789550781,1,1,47,83,2,0,small,False
135,0,9.0,0.0500032901763916,1,1,50,85,2,0,small,False
136,0,5.0,0.04997444152832031,1,1,46,79,2,0,small,False
137,0,4.0,0.05003833770751953,1,1,45,84,2,0,small,False
138,0,6.0,0.059990882873535156,1,1,47,79,2,0,small,False
139,0,6.0,0.049994468688964844,1,1,47,84,2,0,small,False
140,0,7.0,0.05000185966491699,1,1,48,101,2,0,small,False
141,0,12.0,0.050004005432128906,1,1,53,81,2,0,small,False
142,0,7.0,0.042771339416503906,1,1,48,89,2,0,small,False
143,0,5.0,0.047640323638916016,1,1,46,79,2,0,small,False
144,0,9.0,0.05002903938293457,1,1,50,79,2,0,small,False
145,0,6.0,0.050089359283447266,1,1,47,110,2,0,small,False
146,0,4.0,0.05990195274353027,1,1,45,79,2,0,small,False
147,0,7.0,0.050065040588378906,1,1,48,96,2,0,small,False
148,0,8.0,0.06111860275268555,1,1,49,79,2,0,small,False
149,0,6.0,0.04915165901184082,1,1,47,79,2,0,small,False
150,0,5.0,0.08001828193664551,1,1,46,79,2,0,small,False
151,0,5.0,0.07000017166137695,1,1,46,81,2,0,small,False
152,0,12.0,0.07999038696289062,1,1,53,103,2,0,small,False
153,0,2.0,0.07999110221862793,1,1,43,79,2,0,small,False
154,0,9.0,0.08001255989074707,1,1,50,79,2,0,small,False
155,0,9.0,0.08001136779785156,1,1,50,79,2,0,small,False
156,0,6.0,0.0831456184387207,1,1,47,79,2,0,small,False
157,0,3.0,0.07724809646606445,1,1,44,79,2,0,small,False
158,0,3.0,0.08000516891479492,1,1,44,86,2,0,small,False
159,0,7.0,0.0803687572479248,1,1,48,89,2,0,small,False
160,0,9.0,0.07997632026672363,1,1,50,79,2,0,small,False
161,0,-1.0,0.07998871803283691,1,1,40,85,2,0,small,False
162,0,7.0,0.08031535148620605,1,1,48,89,2,0,small,False
163,0,6.0,0.08000969886779785,1,1,47,79,2,0,small,False
164,0,7.0,0.08404779434204102,1,1,48,79,2,0,small,False
165,0,6.0,0.08623862266540527,1,1,47,79,2,0,small,False
166,0,8.0,0.09001755714416504,1,1,49,84,2,0,small,False
167,0,7.0,0.08001828193664551,1,1,48,79,2,0,small,False
168,0,8.0,0.08991575241088867,1,1,49,83,2,0,small,False
169,0,7.0,0.0800163745880127,1,1,48,101,2,0,small,False
170,0,1.0,0.07996511459350586,1,1,42,79,2,0,small,False
171,0,7.0,0.08994412422180176,1,1,48,89,2,0,small,False
172,0,4.0,0.09008502960205078,1,1,45,97,2,0,small,False
173,0,-2.0,0.07999491691589355,1,1,39,99,2,0,small,False
174,0,7.0,0.08996343612670898,1,1,48,88,2,0,small,False
175,0,7.0,0.09003973007202148,1,1,48,81,2,0,small,False
176,0,4.0,0.07996964454650879,1,1,45,79,2,0,small,False
177,0,5.0,0.09143233299255371,1,1,46,84,2,0,small,False
178,0,3.0,0.07782435417175293,1,1,44,85,2,0,small,False
179,0,10.0,0.09000611305236816,1,1,51,83,2,0,small,False
180,0,1.0,0.09044528007507324,1,1,42,79,2,0,small,False
181,0,9.0,0.0900118350982666,1,1,50,79,2,0,small,False
182,0,7.0,0.07997894287109375,1,1,48,79,2,0,small,False
183,0,5.0,0.07998251914978027,1,1,46,79,2,0,small,False
184,0,7.0,0.08000302314758301,1,1,48,79,2,0,small,False
185,0,7.0,0.08999419212341309,1,1,48,96,2,0,small,False
186,0,7.0,0.10000443458557129,1,1,48,85,2,0,small,False
187,0,7.0,0.07999062538146973,1,1,48,85,2,0,small,False
188,0,6.0,0.09002351760864258,1,1,47,79,2,0,small,False
189,0,8.0,0.0799858570098877,1,1,49,96,2,0,small,False
190,0,4.0,0.09000635147094727,1,1,45,94,2,0,small,False
191,0,8.0,0.09000563621520996,1,1,49,96,2,0,small,False
192,0,5.0,0.08000683784484863,1,1,46,79,2,0,small,False
193,0,11.0,0.09322953224182129,1,1,52,85,2,0,small,False
194,0,8.0,0.08720064163208008,1,1,49,79,2,0,small,False
195,0,8.0,0.09096527099609375,1,1,49,105,2,0,small,False
196,0,11.0,0.08936667442321777,1,1,52,86,2,0,small,False
197,0,7.0,0.08999776840209961,1,1,48,79,2,0,small,False
198,0,8.0,0.09000539779663086,1,1,49,94,2,0,small,False
199,0,9.0,0.08999872207641602,1,1,50,106,2,0,small,False
200,0,7.0,0.08999872207641602,1,1,48,83,2,0,small,False
201,0,9.0,0.0900259017944336,1,1,50,79,2,0,small,False
202,0,4.0,0.08997225761413574,1,1,45,79,2,0,small,False
203,0,7.0,0.09000253677368164,1,1,48,79,2,0,small,False
204,0,7.0,0.09000110626220703,1,1,48,79,2,0,small,False
205,0,10.0,0.09002161026000977,1,1,51,83,2,0,small,False
206,0,6.0,0.08001184463500977,1,1,47,84,2,0,small,False
207,0,8.0,0.09564638137817383,1,1,49,89,2,0,small,False
208,0,7.0,0.09000420570373535,1,1,48,89,2,0,small,False
209,0,6.0,0.08999109268188477,1,1,47,79,2,0,small,False
210,0,7.0,0.09001374244689941,1,1,48,79,2,0,small,False
211,0,6.0,0.09034299850463867,1,1,47,79,2,0,small,False
212,0,8.0,0.07998514175415039,1,1,49,83,2,0,small,False
213,0,8.0,0.08003664016723633,1,1,49,101,2,0,small,False
214,0,10.0,0.09393000602722168,1,1,51,99,2,0,small,False
215,0,9.0,0.08641910552978516,1,1,50,84,2,0,small,False
216,0,11.0,0.09110355377197266,1,1,52,79,2,0,small,False
217,0,9.0,0.08925032615661621,1,1,50,79,2,0,small,False
218,0,5.0,0.09000396728515625,1,1,46,108,2,0,small,False
219,0,9.0,0.08000898361206055,1,1,50,79,2,0,small,False
220,0,6.0,0.10001206398010254,1,1,47,97,2,0,small,False
221,0,8.0,0.07999110221862793,1,1,49,83,2,0,small,False
222,0,6.0,0.08998751640319824,1,1,47,101,2,0,small,False
223,0,7.0,0.09000945091247559,1,1,48,79,2,0,small,False
224,0,5.0,0.09265542030334473,1,1,46,79,2,0,small,False
225,0,8.0,0.09762406349182129,1,1,49,79,2,0,small,False
226,0,6.0,0.09000158309936523,1,1,47,86,2,0,small,False
227,0,6.0,0.10101675987243652,1,1,47,84,2,0,small,False
228,0,7.0,0.08919668197631836,1,1,48,79,2,0,small,False
229,0,5.0,0.09000062942504883,1,1,46,97,2,0,small,False
230,0,8.0,0.0899972915649414,1,1,49,81,2,0,small,False
231,0,2.0,0.09999942779541016,1,1,43,79,2,0,small,False
232,0,2.0,0.0800013542175293,1,1,43,89,2,0,small,False
233,0,10.0,0.08998441696166992,1,1,51,84,2,0,small,False
234,0,11.0,0.09001970291137695,1,1,52,79,2,0,small,False
235,0,10.0,0.08999490737915039,1,1,51,113,2,0,small,False
236,0,4.0,0.09000229835510254,1,1,45,101,2,0,small,False
237,0,6.0,0.09000039100646973,1,1,47,89,2,0,small,False
238,0,9.0,0.09395647048950195,1,1,50,79,2,0,small,False
239,0,7.0,0.08634471893310547,1,1,48,79,2,0,small,False
240,0,8.0,0.08999967575073242,1,1,49,79,2,0,small,False
241,0,9.0,0.08033466339111328,1,1,50,83,2,0,small,False
242,0,8.0,0.08006072044372559,1,1,49,79,2,0,small,False
243,0,9.0,0.08000612258911133,1,1,50,79,2,0,small,False
244,0,8.0,0.08999013900756836,1,1,49,79,2,0,small,False
245,0,8.0,0.09588932991027832,1,1,49,79,2,0,small,False
246,0,9.0,0.10001683235168457,1,1,50,79,2,0,small,False
247,0,9.0,0.08996868133544922,1,1,50,84,2,0,small,False
248,0,11.0,0.10003066062927246,1,1,52,79,2,0,small,False
249,0,9.0,0.09103131294250488,1,1,50,83,2,0,small,False
250,0,7.0,0.0892333984375,1,1,48,84,2,0,small,False
251,0,4.0,0.0899817943572998,1,1,45,79,2,0,small,False
252,0,8.0,0.1000218391418457,1,1,49,117,2,0,small,False
253,0,9.0,0.09288358688354492,1,1,50,79,2,0,small,False
254,0,9.0,0.0977165699005127,1,1,50,83,2,0,small,False
255,0,11.0,0.10091328620910645,1,1,52,89,2,0,small,False
256,0,9.0,0.08934140205383301,1,1,50,79,2,0,small,False
257,0,11.0,0.0999898910522461,1,1,52,110,2,0,small,False
258,0,8.0,0.08997821807861328,1,1,49,89,2,0,small,False
259,0,10.0,0.08999776840209961,1,1,51,89,2,0,small,False
260,0,8.0,0.09002399444580078,1,1,49,81,2,0,small,False
261,0,6.0,0.10000801086425781,1,1,47,89,2,0,small,False
262,0,10.0,0.09102034568786621,1,1,51,79,2,0,small,False
263,0,11.0,0.08921504020690918,1,1,52,79,2,0,small,False
264,0,9.0,0.10108399391174316,1,1,50,81,2,0,small,False
265,0,12.0,0.08922743797302246,1,1,53,84,2,0,small,False
266,0,9.0,0.0900120735168457,1,1,50,106,2,0,small,False
267,0,8.0,0.10001230239868164,1,1,49,102,2,0,small,False
268,0,10.0,0.10010528564453125,1,1,51,129,2,0,small,False
269,0,12.0,0.08996748924255371,1,1,53,81,2,0,small,False
270,0,14.0,0.09117770195007324,1,1,55,79,2,0,small,False
271,0,12.0,0.08923006057739258,1,1,53,89,2,0,small,False
272,0,10.0,0.0899360179901123,1,1,51,79,2,0,small,False
273,0,11.0,0.09007811546325684,1,1,52,86,2,0,small,False
274,0,11.0,0.09999299049377441,1,1,52,122,2,0,small,False
275,0,10.0,0.0999915599822998,1,1,51,83,2,0,small,False
276,0,11.0,0.0899970531463623,1,1,52,88,2,0,small,False
277,0,8.0,0.10002374649047852,1,1,49,79,2,0,small,False
278,0,10.0,0.10002732276916504,1,1,51,122,2,0,small,False
279,0,10.0,0.09996509552001953,1,1,51,79,2,0,small,False
280,0,10.0,0.0799872875213623,1,1,51,79,2,0,small,False
281,0,11.0,0.09000182151794434,1,1,52,83,2,0,small,False
282,0,8.0,0.10324764251708984,1,1,49,81,2,0,small,False
283,0,11.0,0.0872335433959961,1,1,52,125,2,0,small,False
284,0,12.0,0.09131145477294922,1,1,53,89,2,0,small,False
285,0,11.0,0.08922863006591797,1,1,52,89,2,0,small,False
286,0,12.0,0.09999966621398926,1,1,53,83,2,0,small,False
287,0,11.0,0.08996725082397461,1,1,52,102,2,0,small,False
288,0,12.0,0.1000516414642334,1,1,53,79,2,0,small,False
289,0,11.0,0.0899953842163086,1,1,52,94,2,0,small,False
290,0,12.0,0.08998298645019531,1,1,53,79,2,0,small,False
291,0,12.0,0.1000206470489502,1,1,53,79,2,0,small,False
292,0,12.0,0.08997106552124023,1,1,53,89,2,0,small,False
293,0,11.0,0.09000205993652344,1,1,52,83,2,0,small,False
294,0,12.0,0.09000921249389648,1,1,53,114,2,0,small,False
295,0,12.0,0.0899970531463623,1,1,53,83,2,0,small,False
296,0,11.0,0.1000063419342041,1,1,52,96,2,0,small,False
297,0,12.0,0.08280014991760254,1,1,53,79,2,0,small,False
298,0,12.0,0.09772133827209473,1,1,53,89,2,0,small,False
299,0,13.0,0.09114289283752441,1,1,54,117,2,0,small,False
300,0,12.0,0.08915948867797852,1,1,53,79,2,0,small,False
301,0,12.0,0.09000444412231445,1,1,53,102,2,0,small,False
302,0,12.0,0.09003591537475586,1,1,53,102,2,0,small,False
303,0,12.0,0.08996200561523438,1,1,53,89,2,0,small,False
304,0,12.0,0.09000110626220703,1,1,53,89,2,0,small,False
305,0,12.0,0.10000252723693848,1,1,53,89,2,0,small,False
306,0,12.0,0.08990955352783203,1,1,53,89,2,0,small,False
307,0,12.0,0.10007953643798828,1,1,53,137,2,0,small,False
308,0,12.0,0.09999871253967285,1,1,53,89,2,0,small,False
309,0,12.0,0.08997654914855957,1,1,53,139,2,0,small,False
310,0,12.0,0.09002947807312012,1,1,53,113,2,0,small,False
311,0,12.0,0.09999608993530273,1,1,53,79,2,0,small,False
312,0,12.0,0.0868532657623291,1,1,53,83,2,0,small,False
313,0,12.0,0.08998894691467285,1,1,53,79,2,0,small,False
314,0,12.0,0.09024882316589355,1,1,53,79,2,0,small,False
315,0,12.0,0.09999942779541016,1,1,53,129,2,0,small,False
316,0,12.0,0.09000396728515625,1,1,53,122,2,0,small,False
317,0,12.0,0.08999156951904297,1,1,53,83,2,0,small,False
318,0,12.0,0.10000276565551758,1,1,53,102,2,0,small,False
319,0,12.0,0.09000253677368164,1,1,53,83,2,0,small,False
320,0,12.0,0.0899970531463623,1,1,53,117,2,0,small,False
321,0,12.0,0.09999823570251465,1,1,53,122,2,0,small,False
322,0,12.0,0.09024453163146973,1,1,53,117,2,0,small,False
323,0,12.0,0.09010529518127441,1,1,53,113,2,0,small,False
324,0,12.0,0.09100699424743652,1,1,53,79,2,0,small,False
325,0,12.0,0.08922433853149414,1,1,53,79,2,0,small,False
326,0,11.0,0.0929265022277832,1,1,52,96,2,0,small,False
327,0,12.0,0.08721351623535156,1,1,53,89,2,0,small,False
328,0,12.0,0.09000515937805176,1,1,53,79,2,0,small,False
329,0,12.0,0.09017515182495117,1,1,53,79,2,0,small,False
330,0,12.0,0.1000051498413086,1,1,53,139,2,0,small,False
331,0,12.0,0.09000015258789062,1,1,53,79,2,0,small,False
332,0,12.0,0.08999085426330566,1,1,53,96,2,0,small,False
333,0,12.0,0.10000348091125488,1,1,53,94,2,0,small,False
334,0,12.0,0.08681845664978027,1,1,53,89,2,0,small,False
335,0,12.0,0.0899507999420166,1,1,53,79,2,0,small,False
336,0,12.0,0.09101152420043945,1,1,53,138,2,0,small,False
337,0,12.0,0.08932781219482422,1,1,53,84,2,0,small,False
338,0,12.0,0.08005619049072266,1,1,53,89,2,0,small,False
339,0,12.0,0.09999299049377441,1,1,53,79,2,0,small,False
340,0,12.0,0.09000134468078613,1,1,53,79,2,0,small,False
341,0,12.0,0.08395075798034668,1,1,53,89,2,0,small,False
342,0,11.0,0.08623790740966797,1,1,52,108,2,0,small,False
343,0,12.0,0.08998894691467285,1,1,53,79,2,0,small,False
344,0,12.0,0.09111428260803223,1,1,53,79,2,0,small,False
345,0,12.0,0.09923887252807617,1,1,53,79,2,0,small,False
346,0,12.0,0.08998918533325195,1,1,53,108,2,0,small,False
347,0,12.0,0.08999919891357422,1,1,53,134,2,0,small,False
348,0,12.0,0.09000134468078613,1,1,53,94,2,0,small,False
349,0,12.0,0.0899970531463623,1,1,53,79,2,0,small,False
350,0,12.0,0.09000039100646973,1,1,53,86,2,0,small,False
351,0,10.0,0.08999991416931152,1,1,51,102,2,0,small,False
352,0,12.0,0.09999966621398926,1,1,53,113,2,0,small,False
353,0,12.0,0.08051443099975586,1,1,53,83,2,0,small,False
354,0,11.0,0.0994875431060791,1,1,52,89,2,0,small,False
355,0,11.0,0.09999585151672363,1,1,52,84,2,0,small,False
356,0,12.0,0.09024930000305176,1,1,53,89,2,0,small,False
357,0,12.0,0.09008598327636719,1,1,53,136,2,0,small,False
358,0,12.0,0.09106326103210449,1,1,53,88,2,0,small,False
359,0,12.0,0.08925032615661621,1,1,53,79,2,0,small,False
360,0,12.0,0.0899662971496582,1,1,53,102,2,0,small,False
361,0,11.0,0.09024739265441895,1,1,52,96,2,0,small,False
362,0,12.0,0.10002684593200684,1,1,53,79,2,0,small,False
363,0,10.0,0.09026408195495605,1,1,51,89,2,0,small,False
364,0,12.0,0.08999371528625488,1,1,53,96,2,0,small,False
365,0,12.0,0.0899970531463623,1,1,53,84,2,0,small,False
366,0,11.0,0.09001851081848145,1,1,52,129,2,0,small,False
367,0,12.0,0.08998370170593262,1,1,53,79,2,0,small,False
368,0,12.0,0.0900421142578125,1,1,53,79,2,0,small,False
369,0,12.0,0.0899655818939209,1,1,53,79,2,0,small,False
370,0,12.0,0.0999910831451416,1,1,53,79,2,0,small,False
371,0,10.0,0.09313774108886719,1,1,51,89,2,0,small,False
372,0,11.0,0.08721041679382324,1,1,52,122,2,0,small,False
373,0,13.0,0.09120821952819824,1,1,54,91,2,0,small,False
374,0,11.0,0.08908271789550781,1,1,52,81,2,0,small,False
375,0,11.0,0.10009002685546875,1,1,52,79,2,0,small,False
376,0,11.0,0.0930943489074707,1,1,52,94,2,0,small,False
377,0,10.0,0.08722662925720215,1,1,51,84,2,0,small,False
378,0,11.0,0.08999800682067871,1,1,52,83,2,0,small,False
379,0,10.0,0.08023858070373535,1,1,51,79,2,0,small,False
380,0,12.0,0.09011149406433105,1,1,53,89,2,0,small,False
381,0,11.0,0.1000204086303711,1,1,52,137,2,0,small,False
382,0,10.0,0.08998990058898926,1,1,51,79,2,0,small,False
383,0,9.0,0.0899965763092041,1,1,50,79,2,0,small,False
384,0,12.0,0.09999251365661621,1,1,53,79,2,0,small,False
385,0,12.0,0.08999967575073242,1,1,53,88,2,0,small,False
386,0,12.0,0.09031844139099121,1,1,53,94,2,0,small,False
387,0,12.0,0.08999824523925781,1,1,53,79,2,0,small,False
388,0,11.0,0.09017348289489746,1,1,52,108,2,0,small,False
389,0,12.0,0.09000563621520996,1,1,53,102,2,0,small,False
390,0,11.0,0.09000086784362793,1,1,52,79,2,0,small,False
391,0,11.0,0.09999799728393555,1,1,52,125,2,0,small,False
392,0,12.0,0.09000110626220703,1,1,53,108,2,0,small,False
393,0,12.0,0.10999655723571777,1,1,53,84,2,0,small,False
394,0,10.0,0.09000325202941895,1,1,51,83,2,0,small,False
395,0,12.0,0.08992362022399902,1,1,53,122,2,0,small,False
396,0,11.0,0.10008788108825684,1,1,52,79,2,0,small,False
397,0,12.0,0.08998727798461914,1,1,53,122,2,0,small,False
398,0,12.0,0.09001350402832031,1,1,53,88,2,0,small,False
399,0,11.0,0.08995461463928223,1,1,52,83,2,0,small,False
400,0,11.0,0.0927588939666748,1,1,52,89,2,0,small,False
401,0,11.0,0.0976555347442627,1,1,52,79,2,0,small,False
402,0,12.0,0.09100699424743652,1,1,53,108,2,0,small,False
403,0,12.0,0.07923436164855957,1,1,53,81,2,0,small,False
404,0,11.0,0.08008170127868652,1,1,52,79,2,0,small,False
405,0,12.0,0.08998322486877441,1,1,53,79,2,0,small,False
406,0,11.0,0.0999755859375,1,1,52,79,2,0,small,False
407,0,12.0,0.07999467849731445,1,1,53,102,2,0,small,False
408,0,11.0,0.07998490333557129,1,1,52,108,2,0,small,False
409,0,12.0,0.09000229835510254,1,1,53,96,2,0,small,False
410,0,12.0,0.09000492095947266,1,1,53,79,2,0,small,False
411,0,11.0,0.08996200561523438,1,1,52,79,2,0,small,False
412,0,11.0,0.09002923965454102,1,1,52,79,2,0,small,False
413,0,10.0,0.08999228477478027,1,1,51,83,2,0,small,False
414,0,11.0,0.08996748924255371,1,1,52,88,2,0,small,False
415,0,11.0,0.08296608924865723,1,1,52,84,2,0,small,False
416,0,9.0,0.09722256660461426,1,1,50,96,2,0,small,False
417,0,12.0,0.09012174606323242,1,1,53,84,2,0,small,False
418,0,12.0,0.08110427856445312,1,1,53,89,2,0,small,False
419,0,12.0,0.08922505378723145,1,1,53,79,2,0,small,False
420,0,12.0,0.08991026878356934,1,1,53,113,2,0,small,False
421,0,11.0,0.09008574485778809,1,1,52,94,2,0,small,False
422,0,11.0,0.08999943733215332,1,1,52,84,2,0,small,False
423,0,10.0,0.10001063346862793,1,1,51,81,2,0,small,False
424,0,9.0,0.08999013900756836,1,1,50,84,2,0,small,False
425,0,10.0,0.08999824523925781,1,1,51,81,2,0,small,False
426,0,12.0,0.0900118350982666,1,1,53,79,2,0,small,False
427,0,7.0,0.07999944686889648,1,1,48,94,2,0,small,False
428,0,11.0,0.08999443054199219,1,1,52,79,2,0,small,False
429,0,11.0,0.09999585151672363,1,1,52,83,2,0,small,False
430,0,8.0,0.09072494506835938,1,1,49,96,2,0,small,False
431,0,10.0,0.0884697437286377,1,1,51,79,2,0,small,False
432,0,10.0,0.08999991416931152,1,1,51,101,2,0,small,False
433,0,8.0,0.09113144874572754,1,1,49,84,2,0,small,False
434,0,10.0,0.08936905860900879,1,1,51,83,2,0,small,False
435,0,9.0,0.08996200561523438,1,1,50,86,2,0,small,False
436,0,8.0,0.09000182151794434,1,1,49,79,2,0,small,False
437,0,11.0,0.08999896049499512,1,1,52,89,2,0,small,False
438,0,10.0,0.09000062942504883,1,1,51,111,2,0,small,False
439,0,6.0,0.08999943733215332,1,1,47,89,2,0,small,False
440,0,10.0,0.09000253677368164,1,1,51,79,2,0,small,False
441,0,10.0,0.08000826835632324,1,1,51,83,2,0,small,False
442,0,9.0,0.08998847007751465,1,1,50,83,2,0,small,False
443,0,10.0,0.09000229835510254,1,1,51,81,2,0,small,False
444,0,9.0,0.09000825881958008,1,1,50,79,2,0,small,False
445,0,10.0,0.08999204635620117,1,1,51,83,2,0,small,False
446,0,11.0,0.09302759170532227,1,1,52,96,2,0,small,False
447,0,10.0,0.09012341499328613,1,1,51,79,2,0,small,False
448,0,12.0,0.09109735488891602,1,1,53,79,2,0,small,False
449,0,11.0,0.0892331600189209,1,1,52,89,2,0,small,False
450,0,10.0,0.0899960994720459,1,1,51,79,2,0,small,False
451,0,11.0,0.08999180793762207,1,1,52,79,2,0,small,False
452,0,10.0,0.09000062942504883,1,1,51,96,2,0,small,False
453,0,8.0,0.0899970531463623,1,1,49,79,2,0,small,False
454,0,7.0,0.09000182151794434,1,1,48,102,2,0,small,False
455,0,10.0,0.0899803638458252,1,1,51,101,2,0,small,False
456,0,10.0,0.0899667739868164,1,1,51,84,2,0,small,False
457,0,10.0,0.09010601043701172,1,1,51,79,2,0,small,False
458,0,11.0,0.08994245529174805,1,1,52,88,2,0,small,False
459,0,8.0,0.09001469612121582,1,1,49,79,2,0,small,False
460,0,9.0,0.08998632431030273,1,1,50,79,2,0,small,False
461,0,9.0,0.08041810989379883,1,1,50,79,2,0,small,False
462,0,11.0,0.09998250007629395,1,1,52,94,2,0,small,False
463,0,10.0,0.09028959274291992,1,1,51,79,2,0,small,False
464,0,9.0,0.08997774124145508,1,1,50,79,2,0,small,False
465,0,9.0,0.08999419212341309,1,1,50,79,2,0,small,False
466,0,10.0,0.08999967575073242,1,1,51,84,2,0,small,False
467,0,11.0,0.09000587463378906,1,1,52,79,2,0,small,False
468,0,11.0,0.08996915817260742,1,1,52,99,2,0,small,False
469,0,11.0,0.09002876281738281,1,1,52,83,2,0,small,False
470,0,13.0,0.09021735191345215,1,1,54,108,2,0,small,False
471,0,8.0,0.08997082710266113,1,1,49,86,2,0,small,False
472,0,9.0,0.0901792049407959,1,1,50,79,2,0,small,False
473,0,11.0,0.08994603157043457,1,1,52,132,2,0,small,False
474,0,14.0,0.09005546569824219,1,1,55,94,2,0,small,False
475,0,9.0,0.08999752998352051,1,1,50,83,2,0,small,False
476,0,10.0,0.09047079086303711,1,1,51,79,2,0,small,False
477,0,11.0,0.08998680114746094,1,1,52,89,2,0,small,False
478,0,10.0,0.10018706321716309,1,1,51,79,2,0,small,False
479,0,9.0,0.09010815620422363,1,1,50,88,2,0,small,False
480,0,11.0,0.08999848365783691,1,1,52,117,2,0,small,False
481,0,9.0,0.09002494812011719,1,1,50,84,2,0,small,False
482,0,11.0,0.08997678756713867,1,1,52,94,2,0,small,False
483,0,9.0,0.09000658988952637,1,1,50,79,2,0,small,False
484,0,12.0,0.08997893333435059,1,1,53,125,2,0,small,False
485,0,8.0,0.09001326560974121,1,1,49,79,2,0,small,False
486,0,11.0,0.09147357940673828,1,1,52,84,2,0,small,False
487,0,9.0,0.0878443717956543,1,1,50,83,2,0,small,False
488,0,11.0,0.09000420570373535,1,1,52,89,2,0,small,False
489,0,11.0,0.09118986129760742,1,1,52,79,2,0,small,False
490,0,11.0,0.0891869068145752,1,1,52,79,2,0,small,False
491,0,10.0,0.0927591323852539,1,1,51,79,2,0,small,False
492,0,12.0,0.09772086143493652,1,1,53,84,2,0,small,False
493,0,10.0,0.08111929893493652,1,1,51,88,2,0,small,False
494,0,10.0,0.08922934532165527,1,1,51,79,2,0,small,False
495,0,8.0,0.08994293212890625,1,1,49,79,2,0,small,False
496,0,8.0,0.10006237030029297,1,1,49,79,2,0,small,False
497,0,10.0,0.09998440742492676,1,1,51,81,2,0,small,False
498,0,10.0,0.09004449844360352,1,1,51,79,2,0,small,False
499,0,12.0,0.09996747970581055,1,1,53,79,2,0,small,False
500,0,11.0,0.08998870849609375,1,1,52,79,2,0,small,False
501,0,11.0,0.09990692138671875,1,1,52,79,2,0,small,False
502,0,12.0,0.08999943733215332,1,1,53,84,2,0,small,False
503,0,9.0,0.09024524688720703,1,1,50,79,2,0,small,False
504,0,11.0,0.09009432792663574,1,1,52,79,2,0,small,False
505,0,11.0,0.09001922607421875,1,1,52,79,2,0,small,False
506,0,12.0,0.09000515937805176,1,1,53,96,2,0,small,False
507,0,12.0,0.09099197387695312,1,1,53,79,2,0,small,False
508,0,10.0,0.08919429779052734,1,1,51,83,2,0,small,False
509,0,10.0,0.09001374244689941,1,1,51,94,2,0,small,False
510,0,11.0,0.08998608589172363,1,1,52,84,2,0,small,False
511,0,12.0,0.09000492095947266,1,1,53,84,2,0,small,False
512,0,11.0,0.08999371528625488,1,1,52,89,2,0,small,False
513,0,12.0,0.09000110626220703,1,1,53,86,2,0,small,False
514,0,11.0,0.07995986938476562,1,1,52,79,2,0,small,False
515,0,9.0,0.09002280235290527,1,1,50,79,2,0,small,False
516,0,12.0,0.09003829956054688,1,1,53,129,2,0,small,False
517,0,11.0,0.08996224403381348,1,1,52,96,2,0,small,False
518,0,11.0,0.09002375602722168,1,1,52,83,2,0,small,False
519,0,12.0,0.09000253677368164,1,1,53,79,2,0,small,False
520,0,10.0,0.09313392639160156,1,1,51,88,2,0,small,False
521,0,10.0,0.08727407455444336,1,1,51,93,2,0,small,False
522,0,12.0,0.10092449188232422,1,1,53,88,2,0,small,False
523,0,9.0,0.0893399715423584,1,1,50,79,2,0,small,False
524,0,12.0,0.08998751640319824,1,1,53,79,2,0,small,False
525,0,10.0,0.09000039100646973,1,1,51,79,2,0,small,False
526,0,12.0,0.09000492095947266,1,1,53,79,2,0,small,False
527,0,11.0,0.09004688262939453,1,1,52,96,2,0,small,False
528,0,12.0,0.07997417449951172,1,1,53,79,2,0,small,False
529,0,11.0,0.10002899169921875,1,1,52,101,2,0,small,False
530,0,11.0,0.08000874519348145,1,1,52,84,2,0,small,False
531,0,11.0,0.09001374244689941,1,1,52,129,2,0,small,False
532,0,12.0,0.08997273445129395,1,1,53,96,2,0,small,False
533,0,11.0,0.09999895095825195,1,1,52,122,2,0,small,False
534,0,11.0,0.09000444412231445,1,1,52,108,2,0,small,False
535,0,11.0,0.0901484489440918,1,1,52,79,2,0,small,False
536,0,11.0,0.0901174545288086,1,1,52,89,2,0,small,False
537,0,11.0,0.08999848365783691,1,1,52,134,2,0,small,False
538,0,9.0,0.0902092456817627,1,1,50,108,2,0,small,False
539,0,12.0,0.09002852439880371,1,1,53,134,2,0,small,False
540,0,11.0,0.09999823570251465,1,1,52,96,2,0,small,False
541,0,12.0,0.09001016616821289,1,1,53,136,2,0,small,False
542,0,12.0,0.0899958610534668,1,1,53,94,2,0,small,False
543,0,10.0,0.08999466896057129,1,1,51,108,2,0,small,False
544,0,12.0,0.09000825881958008,1,1,53,79,2,0,small,False
545,0,12.0,0.08998727798461914,1,1,53,137,2,0,small,False
546,0,12.0,0.08999872207641602,1,1,53,79,2,0,small,False
547,0,11.0,0.0933084487915039,1,1,52,136,2,0,small,False
548,0,12.0,0.08715581893920898,1,1,53,102,2,0,small,False
549,0,11.0,0.09003067016601562,1,1,52,79,2,0,small,False
550,0,11.0,0.08423376083374023,1,1,52,83,2,0,small,False
551,0,12.0,0.09618782997131348,1,1,53,94,2,0,small,False
552,0,11.0,0.08098006248474121,1,1,52,139,2,0,small,False
553,0,11.0,0.07924509048461914,1,1,52,96,2,0,small,False
554,0,12.0,0.09001874923706055,1,1,53,113,2,0,small,False
555,0,12.0,0.08998918533325195,1,1,53,88,2,0,small,False
556,0,12.0,0.08999419212341309,1,1,53,96,2,0,small,False
557,0,12.0,0.1000053882598877,1,1,53,79,2,0,small,False
558,0,11.0,0.09000921249389648,1,1,52,96,2,0,small,False
559,0,12.0,0.0799717903137207,1,1,53,137,2,0,small,False
560,0,12.0,0.09001803398132324,1,1,53,108,2,0,small,False
561,0,12.0,0.09002804756164551,1,1,53,139,2,0,small,False
562,0,12.0,0.08997130393981934,1,1,53,89,2,0,small,False
563,0,12.0,0.08997344970703125,1,1,53,89,2,0,small,False
564,0,11.0,0.09000682830810547,1,1,52,138,2,0,small,False
565,0,12.0,0.09028053283691406,1,1,53,113,2,0,small,False
566,0,12.0,0.08999800682067871,1,1,53,83,2,0,small,False
567,0,12.0,0.09000730514526367,1,1,53,117,2,0,small,False
568,0,12.0,0.09134864807128906,1,1,53,83,2,0,small,False
569,0,12.0,0.08868122100830078,1,1,53,89,2,0,small,False
570,0,12.0,0.09005594253540039,1,1,53,79,2,0,small,False
571,0,12.0,0.08999347686767578,1,1,53,138,2,0,small,False
572,0,12.0,0.08997702598571777,1,1,53,79,2,0,small,False
573,0,12.0,0.10003161430358887,1,1,53,122,2,0,small,False
574,0,12.0,0.09001278877258301,1,1,53,136,2,0,small,False
575,0,12.0,0.08999776840209961,1,1,53,96,2,0,small,False
576,0,12.0,0.07998442649841309,1,1,53,139,2,0,small,False
577,0,12.0,0.09000277519226074,1,1,53,134,2,0,small,False
578,0,12.0,0.08995509147644043,1,1,53,139,2,0,small,False
579,0,12.0,0.09003472328186035,1,1,53,79,2,0,small,False
580,0,12.0,0.09293413162231445,1,1,53,84,2,0,small,False
581,0,12.0,0.08726859092712402,1,1,53,139,2,0,small,False
582,0,12.0,0.08999371528625488,1,1,53,139,2,0,small,False
583,0,12.0,0.08037996292114258,1,1,53,89,2,0,small,False
584,0,12.0,0.09996223449707031,1,1,53,96,2,0,small,False
585,0,12.0,0.08999991416931152,1,1,53,132,2,0,small,False
586,0,12.0,0.09002065658569336,1,1,53,139,2,0,small,False
587,0,12.0,0.09000658988952637,1,1,53,139,2,0,small,False
588,0,12.0,0.08999824523925781,1,1,53,139,2,0,small,False
589,0,12.0,0.08995628356933594,1,1,53,136,2,0,small,False
590,0,12.0,0.09004426002502441,1,1,53,79,2,0,small,False
591,0,12.0,0.10000157356262207,1,1,53,139,2,0,small,False
592,0,12.0,0.08999419212341309,1,1,53,139,2,0,small,False
593,0,12.0,0.08000326156616211,1,1,53,108,2,0,small,False
594,0,12.0,0.09000611305236816,1,1,53,79,2,0,small,False
595,0,12.0,0.09295511245727539,1,1,53,89,2,0,small,False
596,0,12.0,0.0873575210571289,1,1,53,113,2,0,small,False
597,0,12.0,0.09000921249389648,1,1,53,139,2,0,small,False
598,0,12.0,0.09019827842712402,1,1,53,139,2,0,small,False
599,0,12.0,0.09011316299438477,1,1,53,139,2,0,small,False
600,0,12.0,0.10000753402709961,1,1,53,96,2,0,small,False
601,0,12.0,0.08999443054199219,1,1,53,117,2,0,small,False
602,0,12.0,0.07999682426452637,1,1,53,129,2,0,small,False
603,0,12.0,0.09327220916748047,1,1,53,79,2,0,small,False
604,0,12.0,0.09729456901550293,1,1,53,139,2,0,small,False
605,0,12.0,0.09105420112609863,1,1,53,139,2,0,small,False
606,0,12.0,0.08919739723205566,1,1,53,139,2,0,small,False
607,0,12.0,0.10006046295166016,1,1,53,79,2,0,small,False
608,0,12.0,0.08997035026550293,1,1,53,139,2,0,small,False
609,0,12.0,0.08999371528625488,1,1,53,129,2,0,small,False
610,0,12.0,0.09023404121398926,1,1,53,139,2,0,small,False
611,0,12.0,0.09011149406433105,1,1,53,139,2,0,small,False
612,0,12.0,0.10107135772705078,1,1,53,139,2,0,small,False
613,0,12.0,0.08922457695007324,1,1,53,139,2,0,small,False
614,0,12.0,0.08998560905456543,1,1,53,89,2,0,small,False
615,0,12.0,0.09000563621520996,1,1,53,137,2,0,small,False
616,0,12.0,0.08003616333007812,1,1,53,139,2,0,small,False
617,0,12.0,0.08994340896606445,1,1,53,139,2,0,small,False
618,0,12.0,0.09000253677368164,1,1,53,139,2,0,small,False
619,0,12.0,0.08999943733215332,1,1,53,113,2,0,small,False
620,0,12.0,0.0800008773803711,1,1,53,139,2,0,small,False
621,0,12.0,0.0899958610534668,1,1,53,102,2,0,small,False
622,0,12.0,0.089996337890625,1,1,53,139,2,0,small,False
623,0,12.0,0.0899953842163086,1,1,53,139,2,0,small,False
624,0,12.0,0.09000921249389648,1,1,53,139,2,0,small,False
625,0,12.0,0.09359955787658691,1,1,53,139,2,0,small,False
626,0,12.0,0.08671164512634277,1,1,53,89,2,0,small,False
627,0,12.0,0.08999466896057129,1,1,53,125,2,0,small,False
628,0,12.0,0.09048271179199219,1,1,53,139,2,0,small,False
629,0,12.0,0.08999133110046387,1,1,53,89,2,0,small,False
630,0,12.0,0.09002470970153809,1,1,53,139,2,0,small,False
631,0,12.0,0.08994722366333008,1,1,53,139,2,0,small,False
632,0,12.0,0.09004330635070801,1,1,53,139,2,0,small,False
633,0,12.0,0.08999228477478027,1,1,53,79,2,0,small,False
634,0,12.0,0.0899956226348877,1,1,53,139,2,0,small,False
635,0,12.0,0.08995294570922852,1,1,53,139,2,0,small,False
636,0,12.0,0.09004640579223633,1,1,53,113,2,0,small,False
637,0,12.0,0.09000086784362793,1,1,53,139,2,0,small,False
638,0,12.0,0.0900113582611084,1,1,53,139,2,0,small,False
639,0,12.0,0.08998703956604004,1,1,53,139,2,0,small,False
640,0,12.0,0.09028124809265137,1,1,53,83,2,0,small,False
641,0,12.0,0.09010529518127441,1,1,53,137,2,0,small,False
642,0,12.0,0.09999632835388184,1,1,53,139,2,0,small,False
643,0,12.0,0.09099173545837402,1,1,53,139,2,0,small,False
644,0,12.0,0.08925747871398926,1,1,53,139,2,0,small,False
645,0,12.0,0.0900259017944336,1,1,53,89,2,0,small,False
646,0,12.0,0.08995962142944336,1,1,53,83,2,0,small,False
647,0,12.0,0.09998083114624023,1,1,53,139,2,0,small,False
648,0,12.0,0.09003520011901855,1,1,53,139,2,0,small,False
649,0,12.0,0.08999848365783691,1,1,53,139,2,0,small,False
650,0,12.0,0.07997679710388184,1,1,53,139,2,0,small,False
651,0,12.0,0.10029911994934082,1,1,53,125,2,0,small,False
652,0,12.0,0.08999276161193848,1,1,53,134,2,0,small,False
653,0,12.0,0.09110689163208008,1,1,53,139,2,0,small,False
654,0,12.0,0.08915448188781738,1,1,53,139,2,0,small,False
655,0,12.0,0.09378337860107422,1,1,53,79,2,0,small,False
656,0,12.0,0.08672022819519043,1,1,53,139,2,0,small,False
657,0,12.0,0.0900270938873291,1,1,53,139,2,0,small,False
658,0,12.0,0.09041166305541992,1,1,53,139,2,0,small,False
659,0,12.0,0.09999585151672363,1,1,53,139,2,0,small,False
660,0,12.0,0.08422160148620605,1,1,53,139,2,0,small,False
661,0,12.0,0.08999109268188477,1,1,53,139,2,0,small,False
662,0,12.0,0.0900123119354248,1,1,53,139,2,0,small,False
663,0,12.0,0.08999919891357422,1,1,53,139,2,0,small,False
664,0,12.0,0.09999370574951172,1,1,53,83,2,0,small,False
665,0,12.0,0.08999109268188477,1,1,53,139,2,0,small,False
666,0,12.0,0.10002684593200684,1,1,53,139,2,0,small,False
667,0,12.0,0.09002017974853516,1,1,53,139,2,0,small,False
668,0,12.0,0.08996796607971191,1,1,53,139,2,0,small,False
669,0,12.0,0.0899970531463623,1,1,53,139,2,0,small,False
670,0,12.0,0.09297060966491699,1,1,53,139,2,0,small,False
671,0,12.0,0.09723758697509766,1,1,53,139,2,0,small,False
672,0,12.0,0.09110617637634277,1,1,53,139,2,0,small,False
673,0,12.0,0.0892326831817627,1,1,53,139,2,0,small,False
674,0,12.0,0.09999918937683105,1,1,53,134,2,0,small,False
675,0,12.0,0.09004354476928711,1,1,53,139,2,0,small,False
676,0,12.0,0.08996868133544922,1,1,53,139,2,0,small,False
677,0,12.0,0.08999228477478027,1,1,53,139,2,0,small,False
678,0,12.0,0.08999371528625488,1,1,53,139,2,0,small,False
679,0,12.0,0.10001039505004883,1,1,53,139,2,0,small,False
680,0,12.0,0.08999061584472656,1,1,53,139,2,0,small,False
681,0,12.0,0.09002494812011719,1,1,53,139,2,0,small,False
682,0,12.0,0.08997917175292969,1,1,53,139,2,0,small,False
683,0,12.0,0.09000039100646973,1,1,53,139,2,0,small,False
684,0,12.0,0.0899968147277832,1,1,53,139,2,0,small,False
685,0,12.0,0.09055757522583008,1,1,53,139,2,0,small,False
686,0,12.0,0.08998990058898926,1,1,53,139,2,0,small,False
687,0,12.0,0.10026431083679199,1,1,53,139,2,0,small,False
688,0,12.0,0.08999061584472656,1,1,53,139,2,0,small,False
689,0,12.0,0.0899193286895752,1,1,53,139,2,0,small,False
690,0,12.0,0.09008336067199707,1,1,53,139,2,0,small,False
691,0,12.0,0.08997583389282227,1,1,53,96,2,0,small,False
692,0,12.0,0.08004999160766602,1,1,53,139,2,0,small,False
693,0,12.0,0.07991671562194824,1,1,53,139,2,0,small,False
694,0,12.0,0.08010506629943848,1,1,53,139,2,0,small,False
695,0,12.0,0.08998727798461914,1,1,53,139,2,0,small,False
696,0,12.0,0.0999903678894043,1,1,53,139,2,0,small,False
697,0,12.0,0.09001564979553223,1,1,53,139,2,0,small,False
698,0,12.0,0.0899953842163086,1,1,53,139,2,0,small,False
699,0,12.0,0.08999133110046387,1,1,53,139,2,0,small,False
700,0,12.0,0.09036946296691895,1,1,53,139,2,0,small,False
701,0,12.0,0.09011435508728027,1,1,53,139,2,0,small,False
702,0,12.0,0.09999537467956543,1,1,53,83,2,0,small,False
703,0,12.0,0.09110236167907715,1,1,53,139,2,0,small,False
704,0,12.0,0.08922505378723145,1,1,53,139,2,0,small,False
705,0,12.0,0.09000468254089355,1,1,53,139,2,0,small,False
706,0,12.0,0.09999680519104004,1,1,53,139,2,0,small,False
707,0,12.0,0.08531880378723145,1,1,53,139,2,0,small,False
708,0,12.0,0.10001063346862793,1,1,53,139,2,0,small,False
709,0,12.0,0.0909109115600586,1,1,53,139,2,0,small,False
710,0,12.0,0.08929181098937988,1,1,53,139,2,0,small,False
711,0,12.0,0.09000897407531738,1,1,53,139,2,0,small,False
712,0,12.0,0.09018945693969727,1,1,53,139,2,0,small,False
713,0,12.0,0.09010982513427734,1,1,53,139,2,0,small,False
714,0,12.0,0.1000056266784668,1,1,53,83,2,0,small,False
715,0,12.0,0.0900111198425293,1,1,53,139,2,0,small,False
716,0,12.0,0.09000110626220703,1,1,53,139,2,0,small,False
717,0,12.0,0.10029745101928711,1,1,53,139,2,0,small,False
718,0,12.0,0.08999252319335938,1,1,53,139,2,0,small,False
719,0,12.0,0.10001492500305176,1,1,53,139,2,0,small,False
720,0,12.0,0.08996939659118652,1,1,53,139,2,0,small,False
721,0,12.0,0.08999800682067871,1,1,53,139,2,0,small,False
722,0,12.0,0.09000682830810547,1,1,53,139,2,0,small,False
723,0,12.0,0.1000216007232666,1,1,53,139,2,0,small,False
724,0,12.0,0.09000158309936523,1,1,53,139,2,0,small,False
725,0,12.0,0.08997464179992676,1,1,53,139,2,0,small,False
726,0,12.0,0.09998297691345215,1,1,53,139,2,0,small,False
727,0,12.0,0.0900113582611084,1,1,53,139,2,0,small,False
728,0,12.0,0.09000253677368164,1,1,53,139,2,0,small,False
729,0,12.0,0.09316182136535645,1,1,53,139,2,0,small,False
730,0,12.0,0.09719276428222656,1,1,53,139,2,0,small,False
731,0,12.0,0.09114980697631836,1,1,53,139,2,0,small,False
732,0,12.0,0.09934592247009277,1,1,53,139,2,0,small,False
733,0,11.0,0.08998775482177734,1,1,52,139,2,0,small,False
734,0,12.0,0.08999776840209961,1,1,53,139,2,0,small,False
735,0,12.0,0.08999752998352051,1,1,53,139,2,0,small,False
736,0,12.0,0.08000302314758301,1,1,53,139,2,0,small,False
737,0,12.0,0.100128173828125,1,1,53,139,2,0,small,False
738,0,12.0,0.07991743087768555,1,1,53,139,2,0,small,False
739,0,12.0,0.09000277519226074,1,1,53,139,2,0,small,False
740,0,12.0,0.08999752998352051,1,1,53,139,2,0,small,False
741,0,12.0,0.08996844291687012,1,1,53,89,2,0,small,False
742,0,12.0,0.08000516891479492,1,1,53,139,2,0,small,False
743,0,12.0,0.10002875328063965,1,1,53,139,2,0,small,False
744,0,12.0,0.0839834213256836,1,1,53,139,2,0,small,False
745,0,12.0,0.09622430801391602,1,1,53,139,2,0,small,False
746,0,12.0,0.09097886085510254,1,1,53,139,2,0,small,False
747,0,12.0,0.07936263084411621,1,1,53,139,2,0,small,False
748,0,12.0,0.08997154235839844,1,1,53,139,2,0,small,False
749,0,12.0,0.09000587463378906,1,1,53,139,2,0,small,False
750,0,12.0,0.09000158309936523,1,1,53,139,2,0,small,False
751,0,12.0,0.08999443054199219,1,1,53,139,2,0,small,False
752,0,12.0,0.09000372886657715,1,1,53,139,2,0,small,False
753,0,12.0,0.09000229835510254,1,1,53,139,2,0,small,False
754,0,12.0,0.09002232551574707,1,1,53,139,2,0,small,False
755,0,12.0,0.08999180793762207,1,1,53,139,2,0,small,False
756,0,12.0,0.09998226165771484,1,1,53,83,2,0,small,False
757,0,12.0,0.09001016616821289,1,1,53,139,2,0,small,False
758,0,12.0,0.09001350402832031,1,1,53,139,2,0,small,False
759,0,12.0,0.10003471374511719,1,1,53,139,2,0,small,False
760,0,12.0,0.09006500244140625,1,1,53,139,2,0,small,False
761,0,12.0,0.09021568298339844,1,1,53,139,2,0,small,False
762,0,12.0,0.09012508392333984,1,1,53,139,2,0,small,False
763,0,12.0,0.09000134468078613,1,1,53,139,2,0,small,False
764,0,12.0,0.09998846054077148,1,1,53,139,2,0,small,False
765,0,12.0,0.09001040458679199,1,1,53,139,2,0,small,False
766,0,12.0,0.09000325202941895,1,1,53,139,2,0,small,False
767,0,12.0,0.0904080867767334,1,1,53,139,2,0,small,False
768,0,12.0,0.09003210067749023,1,1,53,139,2,0,small,False
769,0,12.0,0.09002017974853516,1,1,53,139,2,0,small,False
770,0,12.0,0.09030032157897949,1,1,53,139,2,0,small,False
771,0,12.0,0.09001994132995605,1,1,53,139,2,0,small,False
772,0,12.0,0.0899345874786377,1,1,53,139,2,0,small,False
773,0,12.0,0.09004473686218262,1,1,53,139,2,0,small,False
774,0,12.0,0.09320974349975586,1,1,53,139,2,0,small,False
775,0,12.0,0.08721137046813965,1,1,53,139,2,0,small,False
776,0,12.0,0.0910649299621582,1,1,53,139,2,0,small,False
777,0,12.0,0.08915257453918457,1,1,53,139,2,0,small,False
778,0,12.0,0.08990979194641113,1,1,53,79,2,0,small,False
779,0,12.0,0.09013485908508301,1,1,53,139,2,0,small,False
780,0,12.0,0.08991360664367676,1,1,53,139,2,0,small,False
781,0,12.0,0.09003949165344238,1,1,53,139,2,0,small,False
782,0,12.0,0.09000062942504883,1,1,53,139,2,0,small,False
783,0,12.0,0.09997773170471191,1,1,53,139,2,0,small,False
784,0,12.0,0.09002089500427246,1,1,53,139,2,0,small,False
785,0,12.0,0.09000205993652344,1,1,53,139,2,0,small,False
786,0,12.0,0.09001636505126953,1,1,53,139,2,0,small,False
787,0,12.0,0.0899817943572998,1,1,53,139,2,0,small,False
788,0,12.0,0.10000061988830566,1,1,53,139,2,0,small,False
789,0,12.0,0.09334611892700195,1,1,53,139,2,0,small,False
790,0,12.0,0.08725643157958984,1,1,53,139,2,0,small,False
791,0,12.0,0.09116911888122559,1,1,53,139,2,0,small,False
792,0,12.0,0.08913969993591309,1,1,53,139,2,0,small,False
793,0,12.0,0.09000706672668457,1,1,53,139,2,0,small,False
794,0,12.0,0.08999252319335938,1,1,53,139,2,0,small,False
795,0,12.0,0.08999776840209961,1,1,53,139,2,0,small,False
796,0,12.0,0.08995223045349121,1,1,53,139,2,0,small,False
797,0,12.0,0.08004474639892578,1,1,53,139,2,0,small,False
798,0,12.0,0.09999680519104004,1,1,53,139,2,0,small,False
799,0,12.0,0.09002089500427246,1,1,53,108,2,0,small,False
800,0,12.0,0.09034252166748047,1,1,53,139,2,0,small,False
801,0,12.0,0.0899972915649414,1,1,53,139,2,0,small,False
802,0,12.0,0.10000157356262207,1,1,53,139,2,0,small,False
803,0,12.0,0.0900270938873291,1,1,53,139,2,0,small,False
804,0,12.0,0.09036374092102051,1,1,53,139,2,0,small,False
805,0,12.0,0.09000682830810547,1,1,53,139,2,0,small,False
806,0,12.0,0.0903177261352539,1,1,53,139,2,0,small,False
807,0,12.0,0.08999776840209961,1,1,53,139,2,0,small,False
808,0,12.0,0.09001016616821289,1,1,53,139,2,0,small,False
809,0,12.0,0.09000110626220703,1,1,53,139,2,0,small,False
810,0,12.0,0.08998656272888184,1,1,53,139,2,0,small,False
811,0,12.0,0.09000015258789062,1,1,53,139,2,0,small,False
812,0,12.0,0.09002017974853516,1,1,53,139,2,0,small,False
813,0,12.0,0.08995556831359863,1,1,53,139,2,0,small,False
814,0,12.0,0.09003448486328125,1,1,53,139,2,0,small,False
815,0,12.0,0.08999013900756836,1,1,53,139,2,0,small,False
816,0,12.0,0.09000825881958008,1,1,53,139,2,0,small,False
817,0,12.0,0.09999227523803711,1,1,53,139,2,0,small,False
818,0,12.0,0.08999776840209961,1,1,53,139,2,0,small,False
819,0,12.0,0.0903787612915039,1,1,53,139,2,0,small,False
820,0,12.0,0.09012389183044434,1,1,53,139,2,0,small,False
821,0,11.0,0.10429215431213379,1,1,52,139,2,0,small,False
822,0,12.0,0.08611726760864258,1,1,53,139,2,0,small,False
823,0,12.0,0.09008955955505371,1,1,53,139,2,0,small,False
824,0,12.0,0.0917205810546875,1,1,53,139,2,0,small,False
825,0,12.0,0.08868241310119629,1,1,53,139,2,0,small,False
826,0,12.0,0.10000038146972656,1,1,53,139,2,0,small,False
827,0,12.0,0.09996366500854492,1,1,53,96,2,0,small,False
828,0,12.0,0.08000016212463379,1,1,53,139,2,0,small,False
829,0,12.0,0.09000253677368164,1,1,53,89,2,0,small,False
830,0,12.0,0.09000015258789062,1,1,53,139,2,0,small,False
831,0,12.0,0.10000038146972656,1,1,53,139,2,0,small,False
832,0,12.0,0.08999800682067871,1,1,53,139,2,0,small,False
833,0,12.0,0.09011673927307129,1,1,53,139,2,0,small,False
834,0,12.0,0.09010076522827148,1,1,53,139,2,0,small,False
835,0,12.0,0.10039329528808594,1,1,53,139,2,0,small,False
836,0,12.0,0.08912086486816406,1,1,53,139,2,0,small,False
837,0,12.0,0.07994771003723145,1,1,53,139,2,0,small,False
838,0,12.0,0.09002685546875,1,1,53,139,2,0,small,False
839,0,12.0,0.09000229835510254,1,1,53,139,2,0,small,False
840,0,12.0,0.09000349044799805,1,1,53,139,2,0,small,False
841,0,12.0,0.08999323844909668,1,1,53,139,2,0,small,False
842,0,12.0,0.09000277519226074,1,1,53,139,2,0,small,False
843,0,12.0,0.0899965763092041,1,1,53,139,2,0,small,False
844,0,12.0,0.09000968933105469,1,1,53,139,2,0,small,False
845,0,12.0,0.07998895645141602,1,1,53,139,2,0,small,False
846,0,12.0,0.09000062942504883,1,1,53,139,2,0,small,False
847,0,12.0,0.09999942779541016,1,1,53,139,2,0,small,False
848,0,12.0,0.08267784118652344,1,1,53,137,2,0,small,False
849,0,12.0,0.09752893447875977,1,1,53,139,2,0,small,False
850,0,12.0,0.0899958610534668,1,1,53,139,2,0,small,False
851,0,12.0,0.09028124809265137,1,1,53,139,2,0,small,False
852,0,12.0,0.10000061988830566,1,1,53,139,2,0,small,False
853,0,12.0,0.08999204635620117,1,1,53,139,2,0,small,False
854,0,12.0,0.07999753952026367,1,1,53,139,2,0,small,False
855,0,12.0,0.08999919891357422,1,1,53,139,2,0,small,False
856,0,12.0,0.09004426002502441,1,1,53,139,2,0,small,False
857,0,12.0,0.08995938301086426,1,1,53,139,2,0,small,False
858,0,12.0,0.0899968147277832,1,1,53,139,2,0,small,False
859,0,12.0,0.09002876281738281,1,1,53,139,2,0,small,False
860,0,12.0,0.08994221687316895,1,1,53,139,2,0,small,False
861,0,12.0,0.09001588821411133,1,1,53,139,2,0,small,False
862,0,12.0,0.09000205993652344,1,1,53,139,2,0,small,False
863,0,12.0,0.09317183494567871,1,1,53,139,2,0,small,False
864,0,12.0,0.0972449779510498,1,1,53,139,2,0,small,False
865,0,12.0,0.10109615325927734,1,1,53,139,2,0,small,False
866,0,12.0,0.09045100212097168,1,1,53,139,2,0,small,False
867,0,12.0,0.09215545654296875,1,1,53,139,2,0,small,False
868,0,12.0,0.09812188148498535,1,1,53,139,2,0,small,False
869,0,12.0,0.09000444412231445,1,1,53,132,2,0,small,False
870,0,12.0,0.08999967575073242,1,1,53,139,2,0,small,False
871,0,12.0,0.09001874923706055,1,1,53,139,2,0,small,False
872,0,12.0,0.09997892379760742,1,1,53,139,2,0,small,False
873,0,12.0,0.09000492095947266,1,1,53,139,2,0,small,False
874,0,12.0,0.08999443054199219,1,1,53,125,2,0,small,False
875,0,10.0,0.0900275707244873,1,1,51,79,2,0,small,False
876,0,12.0,0.08997249603271484,1,1,53,139,2,0,small,False
877,0,12.0,0.09001708030700684,1,1,53,129,2,0,small,False
878,0,12.0,0.0929105281829834,1,1,53,139,2,0,small,False
879,0,12.0,0.08773231506347656,1,1,53,139,2,0,small,False
880,0,12.0,0.09123516082763672,1,1,53,138,2,0,small,False
881,0,12.0,0.08920049667358398,1,1,53,139,2,0,small,False
882,0,12.0,0.09999632835388184,1,1,53,89,2,0,small,False
883,0,12.0,0.08026623725891113,1,1,53,139,2,0,small,False
884,0,12.0,0.0899965763092041,1,1,53,79,2,0,small,False
885,0,12.0,0.09017086029052734,1,1,53,139,2,0,small,False
886,0,12.0,0.09001398086547852,1,1,53,139,2,0,small,False
887,0,12.0,0.08998227119445801,1,1,53,108,2,0,small,False
888,0,12.0,0.09001708030700684,1,1,53,139,2,0,small,False
889,0,12.0,0.08994126319885254,1,1,53,139,2,0,small,False
890,0,12.0,0.10004496574401855,1,1,53,139,2,0,small,False
891,0,12.0,0.08999896049499512,1,1,53,88,2,0,small,False
892,0,12.0,0.0899953842163086,1,1,53,139,2,0,small,False
893,0,12.0,0.10019683837890625,1,1,53,139,2,0,small,False
894,0,12.0,0.09001660346984863,1,1,53,139,2,0,small,False
895,0,12.0,0.09807729721069336,1,1,53,139,2,0,small,False
896,0,12.0,0.0901179313659668,1,1,53,139,2,0,small,False
897,0,12.0,0.09996891021728516,1,1,53,139,2,0,small,False
898,0,12.0,0.10023999214172363,1,1,53,139,2,0,small,False
899,0,12.0,0.09000277519226074,1,1,53,139,2,0,small,False
900,0,12.0,0.0999135971069336,1,1,53,139,2,0,small,False
901,0,12.0,0.10007643699645996,1,1,53,139,2,0,small,False
902,0,12.0,0.08999991416931152,1,1,53,139,2,0,small,False
903,0,12.0,0.09002041816711426,1,1,53,79,2,0,small,False
904,0,12.0,0.09000158309936523,1,1,53,108,2,0,small,False
905,0,12.0,0.08988714218139648,1,1,53,139,2,0,small,False
906,0,12.0,0.09008908271789551,1,1,53,137,2,0,small,False
907,0,12.0,0.09299731254577637,1,1,53,132,2,0,small,False
908,0,12.0,0.09723663330078125,1,1,53,122,2,0,small,False
909,0,12.0,0.08999276161193848,1,1,53,117,2,0,small,False
910,0,12.0,0.09035420417785645,1,1,53,122,2,0,small,False
911,0,12.0,0.09000420570373535,1,1,53,139,2,0,small,False
912,0,12.0,0.07999825477600098,1,1,53,139,2,0,small,False
913,0,11.0,0.0899965763092041,1,1,52,139,2,0,small,False
914,0,12.0,0.08999919891357422,1,1,53,139,2,0,small,False
915,0,12.0,0.10000395774841309,1,1,53,139,2,0,small,False
916,0,11.0,0.09000253677368164,1,1,52,139,2,0,small,False
917,0,12.0,0.08989882469177246,1,1,53,108,2,0,small,False
918,0,12.0,0.09012460708618164,1,1,53,79,2,0,small,False
919,0,12.0,0.08997154235839844,1,1,53,139,2,0,small,False
920,0,12.0,0.09000277519226074,1,1,53,137,2,0,small,False
921,0,12.0,0.08997988700866699,1,1,53,139,2,0,small,False
0,0,6.0,0.8485565185546875,1,1,47,88,2,0,small,False
1,2,8.0,1.3598895072937012,1,1,49,79,2,0,small,False
2,1,5.0,1.9470264911651611,1,1,46,79,2,0,small,False
3,3,5.0,2.4248416423797607,1,1,46,79,2,0,small,False
4,4,1.0,2.9337847232818604,1,1,42,91,2,0,small,False
5,2,5.0,1.6464459896087646,1,1,46,104,2,0,small,False
6,1,3.0,1.1059808731079102,1,1,44,84,2,0,small,False
7,3,6.0,0.5590691566467285,1,1,47,79,2,0,small,False
8,4,-1.0,0.08994817733764648,1,1,40,91,2,0,small,False
9,2,6.0,0.0900716781616211,1,1,47,84,2,0,small,False
10,0,8.0,0.10004043579101562,1,1,49,79,2,0,small,False
11,3,2.0,0.09006547927856445,1,1,43,85,2,0,small,False
12,1,7.0,0.09006547927856445,1,1,48,81,2,0,small,False
13,4,6.0,0.08996319770812988,1,1,47,81,2,0,small,False
14,2,6.0,0.07992672920227051,1,1,47,79,2,0,small,False
15,0,3.0,0.08992767333984375,1,1,44,79,2,0,small,False
16,3,7.0,0.09997725486755371,1,1,48,89,2,0,small,False
17,1,8.0,0.0899956226348877,1,1,49,79,2,0,small,False
18,6,3.0,0.8104879856109619,1,1,44,79,2,0,small,False
19,7,5.0,1.3407361507415771,1,1,46,84,2,0,small,False
20,5,6.0,1.8805999755859375,1,1,47,89,2,0,small,False
21,4,2.0,1.7006886005401611,1,1,43,120,2,0,small,False
22,2,4.0,1.7005982398986816,1,1,45,101,2,0,small,False
23,0,8.0,1.6905972957611084,1,1,49,79,2,0,small,False
24,3,3.0,1.6805577278137207,1,1,44,93,2,0,small,False
25,1,0.0,1.6905584335327148,1,1,41,89,2,0,small,False
26,6,5.0,1.1100220680236816,1,1,46,89,2,0,small,False
27,7,8.0,0.5797739028930664,1,1,49,84,2,0,small,False
28,5,5.0,0.09260106086730957,1,1,46,79,2,0,small,False
29,2,6.0,0.09268927574157715,1,1,47,79,2,0,small,False
30,4,6.0,0.10259842872619629,1,1,47,81,2,0,small,False
31,0,5.0,0.10268974304199219,1,1,46,79,2,0,small,False
32,1,1.0,0.09268760681152344,1,1,42,79,2,0,small,False
33,6,-1.0,0.09020376205444336,1,1,40,119,2,0,small,False
34,3,4.0,0.12021970748901367,1,1,45,83,2,0,small,False
35,7,6.0,0.1002204418182373,1,1,47,101,2,0,small,False
36,2,7.0,0.08753347396850586,1,1,48,79,2,0,small,False
37,5,4.0,0.1075286865234375,1,1,45,96,2,0,small,False
38,4,-2.0,0.09753131866455078,1,1,39,93,2,0,small,False
39,1,1.0,0.09753012657165527,1,1,42,99,2,0,small,False
40,6,5.0,0.09001541137695312,1,1,46,79,2,0,small,False
41,7,-3.0,0.09004449844360352,1,1,38,86,2,0,small,False
42,0,2.0,0.12757134437561035,1,1,43,86,2,0,small,False
43,3,8.0,0.1100461483001709,1,1,49,79,2,0,small,False
44,2,5.0,0.10078668594360352,1,1,46,91,2,0,small,False
45,4,5.0,0.0907888412475586,1,1,46,113,2,0,small,False
46,5,5.0,0.10079073905944824,1,1,46,79,2,0,small,False
47,1,2.0,0.09082722663879395,1,1,43,86,2,0,small,False
48,6,4.0,0.090789794921875,1,1,45,79,2,0,small,False
49,7,3.0,0.10030388832092285,1,1,44,79,2,0,small,False
50,0,4.0,0.09030866622924805,1,1,45,89,2,0,small,False
51,3,1.0,0.10031771659851074,1,1,42,79,2,0,small,False
52,5,5.0,0.09957528114318848,1,1,46,79,2,0,small,False
53,6,5.0,0.08953142166137695,1,1,46,89,2,0,small,False
54,2,5.0,0.11957764625549316,1,1,46,89,2,0,small,False
55,4,2.0,0.11957454681396484,1,1,43,89,2,0,small,False
56,1,3.0,0.10953855514526367,1,1,44,84,2,0,small,False
57,0,6.0,0.10001778602600098,1,1,47,101,2,0,small,False
58,7,6.0,0.110015869140625,1,1,47,97,2,0,small,False
59,3,5.0,0.07999849319458008,1,1,46,91,2,0,small,False
60,6,3.0,0.08999848365783691,1,1,44,84,2,0,small,False
61,2,-1.0,0.09999775886535645,1,1,40,85,2,0,small,False
62,4,11.0,0.1000676155090332,1,1,52,79,2,0,small,False
63,5,3.0,0.13007307052612305,1,1,44,79,2,0,small,False
64,0,5.0,0.10007214546203613,1,1,46,93,2,0,small,False
65,7,2.0,0.10004138946533203,1,1,43,79,2,0,small,False
66,1,5.0,0.1200411319732666,1,1,46,83,2,0,small,False
67,3,3.0,0.1100001335144043,1,1,44,110,2,0,small,False
68,6,2.0,0.10000085830688477,1,1,43,85,2,0,small,False
69,4,4.0,0.08993220329284668,1,1,45,85,2,0,small,False
70,2,5.0,0.09993243217468262,1,1,46,79,2,0,small,False
71,5,5.0,0.08992624282836914,1,1,46,96,2,0,small,False
72,0,10.0,0.09992742538452148,1,1,51,89,2,0,small,False
73,3,8.0,0.09000062942504883,1,1,49,96,2,0,small,False
74,7,3.0,0.10995841026306152,1,1,44,99,2,0,small,False
75,1,-3.0,0.10995841026306152,1,1,38,84,2,0,small,False
76,6,3.0,0.10999941825866699,1,1,44,89,2,0,small,False
77,2,5.0,0.08999991416931152,1,1,46,79,2,0,small,False
78,4,7.0,0.1100006103515625,1,1,48,86,2,0,small,False
79,0,7.0,0.09999966621398926,1,1,48,89,2,0,small,False
80,5,2.0,0.1100008487701416,1,1,43,79,2,0,small,False
81,3,8.0,0.09999823570251465,1,1,49,83,2,0,small,False
82,1,3.0,0.10006284713745117,1,1,44,79,2,0,small,False
83,7,5.0,0.1100010871887207,1,1,46,79,2,0,small,False
84,6,3.0,0.08999919891357422,1,1,44,93,2,0,small,False
85,4,2.0,0.09003424644470215,1,1,43,79,2,0,small,False
86,2,2.0,0.11004233360290527,1,1,43,79,2,0,small,False
87,5,3.0,0.09999990463256836,1,1,44,79,2,0,small,False
88,1,7.0,0.0899803638458252,1,1,48,79,2,0,small,False
89,3,7.0,0.10004401206970215,1,1,48,79,2,0,small,False
90,0,6.0,0.12000036239624023,1,1,47,79,2,0,small,False
91,7,9.0,0.09999942779541016,1,1,50,88,2,0,small,False
92,6,5.0,0.10000038146972656,1,1,46,115,2,0,small,False
93,4,6.0,0.08995747566223145,1,1,47,89,2,0,small,False
94,2,5.0,0.09995794296264648,1,1,46,84,2,0,small,False
95,5,5.0,0.09999966621398926,1,1,46,79,2,0,small,False
96,1,8.0,0.08995771408081055,1,1,49,84,2,0,small,False
97,3,6.0,0.08999872207641602,1,1,47,102,2,0,small,False
98,0,3.0,0.09999918937683105,1,1,44,95,2,0,small,False
99,7,4.0,0.10000181198120117,1,1,45,83,2,0,small,False
100,6,6.0,0.10000157356262207,1,1,47,79,2,0,small,False
101,4,6.0,0.10000085830688477,1,1,47,99,2,0,small,False
102,1,2.0,0.08999943733215332,1,1,43,79,2,0,small,False
103,5,12.0,0.10000109672546387,1,1,53,79,2,0,small,False
104,2,6.0,0.1100013256072998,1,1,47,79,2,0,small,False
105,3,2.0,0.09999942779541016,1,1,43,79,2,0,small,False
106,0,7.0,0.09999942779541016,1,1,48,79,2,0,small,False
107,7,6.0,0.09999847412109375,1,1,47,79,2,0,small,False
108,6,6.0,0.10000729560852051,1,1,47,102,2,0,small,False
109,4,6.0,0.09000778198242188,1,1,47,89,2,0,small,False
110,1,4.0,0.11004066467285156,1,1,45,85,2,0,small,False
111,3,7.0,0.10000061988830566,1,1,48,89,2,0,small,False
112,5,7.0,0.10999846458435059,1,1,48,79,2,0,small,False
113,2,6.0,0.11999821662902832,1,1,47,88,2,0,small,False
114,0,0.0,0.10999941825866699,1,1,41,84,2,0,small,False
115,7,7.0,0.10999846458435059,1,1,48,79,2,0,small,False
116,6,2.0,0.0999908447265625,1,1,43,91,2,0,small,False
117,4,5.0,0.10999155044555664,1,1,46,84,2,0,small,False
118,1,3.0,0.08995914459228516,1,1,44,89,2,0,small,False
119,3,6.0,0.08999943733215332,1,1,47,79,2,0,small,False
120,5,8.0,0.11000943183898926,1,1,49,79,2,0,small,False
121,0,5.0,0.09001016616821289,1,1,46,93,2,0,small,False
122,2,5.0,0.1100003719329834,1,1,46,79,2,0,small,False
123,7,6.0,0.11000347137451172,1,1,47,79,2,0,small,False
124,4,5.0,0.09999942779541016,1,1,46,83,2,0,small,False
125,1,6.0,0.10001087188720703,1,1,47,86,2,0,small,False
126,6,1.0,0.1200113296508789,1,1,42,103,2,0,small,False
127,3,10.0,0.10000085830688477,1,1,51,84,2,0,small,False
128,0,6.0,0.08999013900756836,1,1,47,79,2,0,small,False
129,5,5.0,0.0999906063079834,1,1,46,86,2,0,small,False
130,2,5.0,0.08999991416931152,1,1,46,84,2,0,small,False
131,7,5.0,0.09999775886535645,1,1,46,89,2,0,small,False
132,1,7.0,0.07999014854431152,1,1,48,113,2,0,small,False
133,4,7.0,0.10000038146972656,1,1,48,89,2,0,small,False
134,6,4.0,0.09998869895935059,1,1,45,106,2,0,small,False
135,0,8.0,0.09394454956054688,1,1,49,79,2,0,small,False
136,3,7.0,0.1039438247680664,1,1,48,79,2,0,small,False
137,2,10.0,0.09395480155944824,1,1,51,85,2,0,small,False
138,5,6.0,0.11395406723022461,1,1,47,93,2,0,small,False
139,7,5.0,0.10395407676696777,1,1,46,85,2,0,small,False
140,1,-2.0,0.10395407676696777,1,1,39,85,2,0,small,False
141,6,4.0,0.09395480155944824,1,1,45,89,2,0,small,False
142,4,5.0,0.11395597457885742,1,1,46,83,2,0,small,False
143,3,4.0,0.09602570533752441,1,1,45,79,2,0,small,False
144,0,0.0,0.10604166984558105,1,1,41,85,2,0,small,False
145,2,1.0,0.10603141784667969,1,1,42,109,2,0,small,False
146,5,4.0,0.10603165626525879,1,1,45,91,2,0,small,False
147,7,3.0,0.1060323715209961,1,1,44,85,2,0,small,False
148,1,4.0,0.09603166580200195,1,1,45,96,2,0,small,False
149,6,6.0,0.10603117942810059,1,1,47,79,2,0,small,False
150,4,3.0,0.09602952003479004,1,1,44,86,2,0,small,False
151,0,2.0,0.08999943733215332,1,1,43,97,2,0,small,False
152,3,6.0,0.10001540184020996,1,1,47,79,2,0,small,False
153,2,9.0,0.10073184967041016,1,1,50,88,2,0,small,False
154,5,6.0,0.10073280334472656,1,1,47,81,2,0,small,False
155,7,5.0,0.09073209762573242,1,1,46,83,2,0,small,False
156,1,5.0,0.10073304176330566,1,1,46,79,2,0,small,False
157,0,3.0,0.09073400497436523,1,1,44,79,2,0,small,False
158,4,5.0,0.11024928092956543,1,1,46,79,2,0,small,False
159,6,-4.0,0.12026548385620117,1,1,37,91,2,0,small,False
160,3,2.0,0.09954643249511719,1,1,43,95,2,0,small,False
161,2,3.0,0.10953235626220703,1,1,44,79,2,0,small,False
162,5,8.0,0.0995340347290039,1,1,49,96,2,0,small,False
163,7,2.0,0.0995323657989502,1,1,43,86,2,0,small,False
164,1,6.0,0.09953093528747559,1,1,47,106,2,0,small,False
165,0,3.0,0.08953142166137695,1,1,44,93,2,0,small,False
166,4,9.0,0.09001612663269043,1,1,50,81,2,0,small,False
167,3,4.0,0.09000086784362793,1,1,45,81,2,0,small,False
168,6,7.0,0.10000085830688477,1,1,48,99,2,0,small,False
169,2,6.0,0.09000086784362793,1,1,47,79,2,0,small,False
170,5,3.0,0.10999870300292969,1,1,44,101,2,0,small,False
171,7,9.0,0.10000109672546387,1,1,50,85,2,0,small,False
172,0,1.0,0.10000061988830566,1,1,42,93,2,0,small,False
173,1,6.0,0.1100008487701416,1,1,47,79,2,0,small,False
174,3,1.0,0.10000109672546387,1,1,42,81,2,0,small,False
175,4,6.0,0.11000204086303711,1,1,47,101,2,0,small,False
176,6,0.0,0.09000110626220703,1,1,41,79,2,0,small,False
177,2,3.0,0.10000038146972656,1,1,44,79,2,0,small,False
178,5,6.0,0.08999967575073242,1,1,47,84,2,0,small,False
179,7,5.0,0.08999919891357422,1,1,46,79,2,0,small,False
180,0,8.0,0.08999967575073242,1,1,49,84,2,0,small,False
181,3,4.0,0.08999776840209961,1,1,45,89,2,0,small,False
182,6,-2.0,0.08999896049499512,1,1,39,79,2,0,small,False
183,1,4.0,0.11999869346618652,1,1,45,81,2,0,small,False
184,4,4.0,0.10999774932861328,1,1,45,79,2,0,small,False
185,2,5.0,0.09999895095825195,1,1,46,79,2,0,small,False
186,5,2.0,0.10000061988830566,1,1,43,99,2,0,small,False
187,7,7.0,0.1100003719329834,1,1,48,81,2,0,small,False
188,0,5.0,0.10000109672546387,1,1,46,94,2,0,small,False
189,3,9.0,0.10000205039978027,1,1,50,85,2,0,small,False
190,6,0.0,0.10000133514404297,1,1,41,84,2,0,small,False
191,4,5.0,0.11000180244445801,1,1,46,85,2,0,small,False
192,1,6.0,0.11000180244445801,1,1,47,79,2,0,small,False
193,2,-1.0,0.10000109672546387,1,1,40,79,2,0,small,False
194,5,5.0,0.09999918937683105,1,1,46,85,2,0,small,False
195,7,7.0,0.09357166290283203,1,1,48,79,2,0,small,False
196,0,6.0,0.09356951713562012,1,1,47,84,2,0,small,False
197,3,6.0,0.10357069969177246,1,1,47,83,2,0,small,False
198,6,5.0,0.10008645057678223,1,1,46,79,2,0,small,False
199,4,2.0,0.10010218620300293,1,1,43,105,2,0,small,False
200,1,5.0,0.10010218620300293,1,1,46,89,2,0,small,False
201,5,-1.0,0.08962535858154297,1,1,40,101,2,0,small,False
202,2,6.0,0.12010335922241211,1,1,47,79,2,0,small,False
203,7,2.0,0.10655903816223145,1,1,43,89,2,0,small,False
204,0,5.0,0.10654306411743164,1,1,46,86,2,0,small,False
205,3,8.0,0.09653019905090332,1,1,49,95,2,0,small,False
206,6,3.0,0.10001564025878906,1,1,44,79,2,0,small,False
207,4,5.0,0.09999942779541016,1,1,46,79,2,0,small,False
208,1,3.0,0.1099998950958252,1,1,44,101,2,0,small,False
209,2,8.0,0.08999872207641602,1,1,49,79,2,0,small,False
210,5,2.0,0.1099998950958252,1,1,43,83,2,0,small,False
211,7,3.0,0.09997129440307617,1,1,44,79,2,0,small,False
212,0,3.0,0.09998941421508789,1,1,44,81,2,0,small,False
213,3,5.0,0.10000038146972656,1,1,46,79,2,0,small,False
214,6,3.0,0.09999942779541016,1,1,44,79,2,0,small,False
215,4,4.0,0.09999990463256836,1,1,45,84,2,0,small,False
216,1,5.0,0.09999990463256836,1,1,46,89,2,0,small,False
217,2,4.0,0.10000038146972656,1,1,45,79,2,0,small,False
218,5,6.0,0.1099998950958252,1,1,47,91,2,0,small,False
219,7,5.0,0.09999918937683105,1,1,46,95,2,0,small,False
220,0,7.0,0.09999966621398926,1,1,48,79,2,0,small,False
221,3,11.0,0.10000014305114746,1,1,52,79,2,0,small,False
222,6,7.0,0.10023689270019531,1,1,48,79,2,0,small,False
223,4,8.0,0.09024953842163086,1,1,49,79,2,0,small,False
224,2,-4.0,0.09024977684020996,1,1,37,101,2,0,small,False
225,1,0.0,0.11025071144104004,1,1,41,79,2,0,small,False
226,5,-1.0,0.09025120735168457,1,1,40,79,2,0,small,False
227,7,4.0,0.11026239395141602,1,1,45,96,2,0,small,False
228,0,3.0,0.10026144981384277,1,1,44,81,2,0,small,False
229,3,8.0,0.10004544258117676,1,1,49,83,2,0,small,False
230,4,3.0,0.09000277519226074,1,1,44,79,2,0,small,False
231,6,4.0,0.11001372337341309,1,1,45,97,2,0,small,False
232,2,2.0,0.10999941825866699,1,1,43,79,2,0,small,False
233,1,1.0,0.09999847412109375,1,1,42,86,2,0,small,False
234,5,7.0,0.11999988555908203,1,1,48,84,2,0,small,False
235,7,7.0,0.09998893737792969,1,1,48,89,2,0,small,False
236,0,2.0,0.10998964309692383,1,1,43,85,2,0,small,False
237,3,0.0,0.1100003719329834,1,1,41,93,2,0,small,False
238,4,9.0,0.09999823570251465,1,1,50,86,2,0,small,False
239,6,1.0,0.10000061988830566,1,1,42,83,2,0,small,False
240,2,5.0,0.0904085636138916,1,1,46,83,2,0,small,False
241,1,3.0,0.10000085830688477,1,1,44,81,2,0,small,False
242,5,8.0,0.09999918937683105,1,1,49,79,2,0,small,False
243,7,4.0,0.08999991416931152,1,1,45,79,2,0,small,False
244,0,6.0,0.0929257869720459,1,1,47,86,2,0,small,False
245,3,4.0,0.09995603561401367,1,1,45,79,2,0,small,False
246,4,6.0,0.10997509956359863,1,1,47,79,2,0,small,False
247,6,6.0,0.10997414588928223,1,1,47,79,2,0,small,False
248,2,7.0,0.08956694602966309,1,1,48,79,2,0,small,False
249,1,-4.0,0.10997581481933594,1,1,37,79,2,0,small,False
250,5,6.0,0.0999753475189209,1,1,47,83,2,0,small,False
251,7,7.0,0.09997344017028809,1,1,48,79,2,0,small,False
252,0,2.0,0.10704803466796875,1,1,43,84,2,0,small,False
253,3,3.0,0.10001826286315918,1,1,44,79,2,0,small,False
254,4,7.0,0.09999966621398926,1,1,48,83,2,0,small,False
255,6,6.0,0.10000061988830566,1,1,47,79,2,0,small,False
256,2,6.0,0.10999941825866699,1,1,47,79,2,0,small,False
257,7,7.0,0.08000063896179199,1,1,48,89,2,0,small,False
258,1,5.0,0.1099998950958252,1,1,46,86,2,0,small,False
259,5,0.0,0.10000061988830566,1,1,41,79,2,0,small,False
260,0,4.0,0.10072612762451172,1,1,45,89,2,0,small,False
261,4,6.0,0.0902554988861084,1,1,47,79,2,0,small,False
262,3,5.0,0.11027336120605469,1,1,46,91,2,0,small,False
263,2,3.0,0.10027265548706055,1,1,44,79,2,0,small,False
264,6,3.0,0.12027192115783691,1,1,44,79,2,0,small,False
265,7,6.0,0.0902714729309082,1,1,47,89,2,0,small,False
266,5,7.0,0.09027290344238281,1,1,48,79,2,0,small,False
267,1,8.0,0.11027169227600098,1,1,49,89,2,0,small,False
268,0,4.0,0.09954833984375,1,1,45,79,2,0,small,False
269,4,8.0,0.10001659393310547,1,1,49,113,2,0,small,False
270,3,9.0,0.09999895095825195,1,1,50,96,2,0,small,False
271,2,2.0,0.09000062942504883,1,1,43,84,2,0,small,False
272,7,1.0,0.09999942779541016,1,1,42,79,2,0,small,False
273,6,7.0,0.1100010871887207,1,1,48,79,2,0,small,False
274,5,4.0,0.09999942779541016,1,1,45,79,2,0,small,False
275,1,7.0,0.09999847412109375,1,1,48,79,2,0,small,False
276,0,5.0,0.09999918937683105,1,1,46,84,2,0,small,False
277,4,5.0,0.09999990463256836,1,1,46,79,2,0,small,False
278,3,3.0,0.10000228881835938,1,1,44,83,2,0,small,False
279,2,6.0,0.09999918937683105,1,1,47,84,2,0,small,False
280,7,6.0,0.09000062942504883,1,1,47,97,2,0,small,False
281,6,6.0,0.08999848365783691,1,1,47,89,2,0,small,False
282,5,4.0,0.09999990463256836,1,1,45,99,2,0,small,False
283,1,-2.0,0.1100003719329834,1,1,39,81,2,0,small,False
284,0,9.0,0.10999941825866699,1,1,50,93,2,0,small,False
285,4,9.0,0.10000038146972656,1,1,50,79,2,0,small,False
286,3,6.0,0.09999918937683105,1,1,47,83,2,0,small,False
287,7,4.0,0.08999919891357422,1,1,45,79,2,0,small,False
288,2,5.0,0.1100003719329834,1,1,46,94,2,0,small,False
289,6,0.0,0.10000038146972656,1,1,41,79,2,0,small,False
290,5,5.0,0.1099996566772461,1,1,46,79,2,0,small,False
291,1,7.0,0.10000133514404297,1,1,48,79,2,0,small,False
292,0,8.0,0.09999942779541016,1,1,49,96,2,0,small,False
293,3,6.0,0.09999775886535645,1,1,47,79,2,0,small,False
294,4,7.0,0.10999870300292969,1,1,48,84,2,0,small,False
295,7,5.0,0.1100013256072998,1,1,46,79,2,0,small,False
296,2,5.0,0.10000085830688477,1,1,46,86,2,0,small,False
297,6,8.0,0.10000014305114746,1,1,49,79,2,0,small,False
298,5,8.0,0.10000038146972656,1,1,49,103,2,0,small,False
299,1,5.0,0.10000181198120117,1,1,46,79,2,0,small,False
300,0,5.0,0.09000253677368164,1,1,46,79,2,0,small,False
301,4,1.0,0.09000062942504883,1,1,42,91,2,0,small,False
302,2,8.0,0.08999824523925781,1,1,49,101,2,0,small,False
303,3,2.0,0.12001490592956543,1,1,43,79,2,0,small,False
304,6,7.0,0.09001350402832031,1,1,48,84,2,0,small,False
305,7,2.0,0.10999894142150879,1,1,43,79,2,0,small,False
306,0,5.0,0.09999656677246094,1,1,46,83,2,0,small,False
307,5,-5.0,0.10999870300292969,1,1,36,105,2,0,small,False
308,1,5.0,0.10999774932861328,1,1,46,79,2,0,small,False
309,4,2.0,0.10000085830688477,1,1,43,91,2,0,small,False
310,3,2.0,0.08998727798461914,1,1,43,81,2,0,small,False
311,2,3.0,0.1100010871887207,1,1,44,86,2,0,small,False
312,6,6.0,0.10998773574829102,1,1,47,85,2,0,small,False
313,7,3.0,0.1100010871887207,1,1,44,89,2,0,small,False
314,5,5.0,0.09000039100646973,1,1,46,79,2,0,small,False
315,0,0.0,0.1100013256072998,1,1,41,79,2,0,small,False
316,1,8.0,0.10999917984008789,1,1,49,81,2,0,small,False
317,4,2.0,0.09999895095825195,1,1,43,99,2,0,small,False
318,3,3.0,0.08999919891357422,1,1,44,89,2,0,small,False
319,2,7.0,0.09999918937683105,1,1,48,79,2,0,small,False
320,6,7.0,0.09999871253967285,1,1,48,86,2,0,small,False
321,7,5.0,0.09999895095825195,1,1,46,89,2,0,small,False
322,5,5.0,0.08999943733215332,1,1,46,105,2,0,small,False
323,0,5.0,0.09000086784362793,1,1,46,79,2,0,small,False
324,1,7.0,0.10000276565551758,1,1,48,99,2,0,small,False
325,4,1.0,0.1099998950958252,1,1,42,79,2,0,small,False
326,3,2.0,0.09999895095825195,1,1,43,83,2,0,small,False
327,2,6.0,0.10000181198120117,1,1,47,89,2,0,small,False
328,6,4.0,0.09999990463256836,1,1,45,79,2,0,small,False
329,7,4.0,0.10000014305114746,1,1,45,97,2,0,small,False
330,5,3.0,0.09000182151794434,1,1,44,79,2,0,small,False
331,0,1.0,0.1099998950958252,1,1,42,91,2,0,small,False
332,1,3.0,0.10003137588500977,1,1,44,83,2,0,small,False
333,4,3.0,0.10000109672546387,1,1,44,79,2,0,small,False
334,3,5.0,0.1100006103515625,1,1,46,79,2,0,small,False
335,2,9.0,0.10000038146972656,1,1,50,79,2,0,small,False
336,7,2.0,0.09999966621398926,1,1,43,83,2,0,small,False
337,5,8.0,0.08999824523925781,1,1,49,79,2,0,small,False
338,6,4.0,0.12000060081481934,1,1,45,89,2,0,small,False
339,0,5.0,0.08999872207641602,1,1,46,81,2,0,small,False
340,1,6.0,0.0899662971496582,1,1,47,85,2,0,small,False
341,4,3.0,0.09000086784362793,1,1,44,91,2,0,small,False
342,3,4.0,0.10000109672546387,1,1,45,88,2,0,small,False
343,2,8.0,0.09999942779541016,1,1,49,81,2,0,small,False
344,7,5.0,0.10000085830688477,1,1,46,93,2,0,small,False
345,5,1.0,0.1100013256072998,1,1,42,79,2,0,small,False
346,6,0.0,0.10000014305114746,1,1,41,79,2,0,small,False
347,0,4.0,0.10000038146972656,1,1,45,93,2,0,small,False
348,4,10.0,0.09000039100646973,1,1,51,79,2,0,small,False
349,1,4.0,0.12000179290771484,1,1,45,79,2,0,small,False
350,2,6.0,0.08999896049499512,1,1,47,81,2,0,small,False
351,3,10.0,0.09999895095825195,1,1,51,84,2,0,small,False
352,7,3.0,0.10392189025878906,1,1,44,89,2,0,small,False
353,5,5.0,0.10391974449157715,1,1,46,79,2,0,small,False
354,0,5.0,0.08392047882080078,1,1,46,79,2,0,small,False
355,6,4.0,0.11392021179199219,1,1,45,93,2,0,small,False
356,4,5.0,0.10995006561279297,1,1,46,84,2,0,small,False
357,3,2.0,0.0899500846862793,1,1,43,79,2,0,small,False
358,1,6.0,0.10994958877563477,1,1,47,79,2,0,small,False
359,2,4.0,0.10995125770568848,1,1,45,79,2,0,small,False
360,7,4.0,0.08602786064147949,1,1,45,101,2,0,small,False
361,6,5.0,0.0960385799407959,1,1,46,79,2,0,small,False
362,0,3.0,0.10603904724121094,1,1,44,79,2,0,small,False
363,5,1.0,0.11603045463562012,1,1,42,84,2,0,small,False
364,3,6.0,0.09999918937683105,1,1,47,79,2,0,small,False
365,4,4.0,0.1100001335144043,1,1,45,79,2,0,small,False
366,2,4.0,0.08999896049499512,1,1,45,84,2,0,small,False
367,1,4.0,0.11003494262695312,1,1,45,83,2,0,small,False
368,7,3.0,0.09086322784423828,1,1,44,101,2,0,small,False
369,6,1.0,0.09086751937866211,1,1,42,79,2,0,small,False
370,0,6.0,0.11087846755981445,1,1,47,113,2,0,small,False
371,5,5.0,0.10088706016540527,1,1,46,79,2,0,small,False
372,3,-1.0,0.08087682723999023,1,1,40,79,2,0,small,False
373,4,5.0,0.10347604751586914,1,1,46,79,2,0,small,False
374,2,8.0,0.10347604751586914,1,1,49,91,2,0,small,False
375,1,8.0,0.10344076156616211,1,1,49,96,2,0,small,False
376,7,2.0,0.10261249542236328,1,1,43,79,2,0,small,False
377,6,7.0,0.11259913444519043,1,1,48,81,2,0,small,False
378,0,0.0,0.10259056091308594,1,1,41,79,2,0,small,False
379,5,4.0,0.10914015769958496,1,1,45,101,2,0,small,False
380,3,4.0,0.10012531280517578,1,1,45,89,2,0,small,False
381,4,5.0,0.10655450820922852,1,1,46,83,2,0,small,False
382,2,3.0,0.10655450820922852,1,1,44,101,2,0,small,False
383,1,9.0,0.10655426979064941,1,1,50,81,2,0,small,False
384,7,5.0,0.10655498504638672,1,1,46,81,2,0,small,False
385,6,5.0,0.08655452728271484,1,1,46,79,2,0,small,False
386,0,7.0,0.09655308723449707,1,1,48,85,2,0,small,False
387,3,0.0,0.10001730918884277,1,1,41,101,2,0,small,False
388,5,3.0,0.11001467704772949,1,1,44,91,2,0,small,False
389,2,8.0,0.10073041915893555,1,1,49,86,2,0,small,False
390,4,11.0,0.10073041915893555,1,1,52,97,2,0,small,False
391,1,5.0,0.10073113441467285,1,1,46,96,2,0,small,False
392,7,5.0,0.10072970390319824,1,1,46,79,2,0,small,False
393,6,6.0,0.10073065757751465,1,1,47,83,2,0,small,False
394,0,2.0,0.11073088645935059,1,1,43,103,2,0,small,False
395,3,3.0,0.10024476051330566,1,1,44,84,2,0,small,False
396,5,4.0,0.10027194023132324,1,1,45,79,2,0,small,False
397,2,9.0,0.09954118728637695,1,1,50,83,2,0,small,False
398,4,7.0,0.09953856468200684,1,1,48,101,2,0,small,False
399,1,3.0,0.10954022407531738,1,1,44,89,2,0,small,False
400,7,8.0,0.09954094886779785,1,1,49,96,2,0,small,False
401,6,9.0,0.09954094886779785,1,1,50,79,2,0,small,False
402,0,5.0,0.08957028388977051,1,1,46,89,2,0,small,False
403,3,3.0,0.10002398490905762,1,1,44,89,2,0,small,False
404,5,6.0,0.09999990463256836,1,1,47,84,2,0,small,False
405,4,7.0,0.09000182151794434,1,1,48,79,2,0,small,False
406,2,6.0,0.10000038146972656,1,1,47,79,2,0,small,False
407,1,3.0,0.09000039100646973,1,1,44,79,2,0,small,False
408,7,2.0,0.09999966621398926,1,1,43,89,2,0,small,False
409,6,3.0,0.11005425453186035,1,1,44,85,2,0,small,False
410,0,5.0,0.10000944137573242,1,1,46,89,2,0,small,False
411,3,5.0,0.1100006103515625,1,1,46,89,2,0,small,False
412,5,4.0,0.10000014305114746,1,1,45,79,2,0,small,False
413,4,6.0,0.09000039100646973,1,1,47,96,2,0,small,False
414,2,4.0,0.1099998950958252,1,1,45,95,2,0,small,False
415,1,2.0,0.09999966621398926,1,1,43,93,2,0,small,False
416,7,5.0,0.11000180244445801,1,1,46,89,2,0,small,False
417,6,1.0,0.0999460220336914,1,1,42,89,2,0,small,False
418,0,6.0,0.10996150970458984,1,1,47,89,2,0,small,False
419,3,8.0,0.09000110626220703,1,1,49,88,2,0,small,False
420,5,1.0,0.09999871253967285,1,1,42,79,2,0,small,False
421,4,5.0,0.11003232002258301,1,1,46,86,2,0,small,False
422,2,9.0,0.09999942779541016,1,1,50,84,2,0,small,False
423,1,4.0,0.08999752998352051,1,1,45,95,2,0,small,False
424,7,4.0,0.08999991416931152,1,1,45,79,2,0,small,False
425,6,3.0,0.10000038146972656,1,1,44,79,2,0,small,False
426,0,5.0,0.09000039100646973,1,1,46,79,2,0,small,False
427,3,1.0,0.09999942779541016,1,1,42,91,2,0,small,False
428,5,-3.0,0.10000109672546387,1,1,38,101,2,0,small,False
429,2,6.0,0.09000062942504883,1,1,47,79,2,0,small,False
430,7,4.0,0.08999919891357422,1,1,45,89,2,0,small,False
431,1,6.0,0.11002898216247559,1,1,47,96,2,0,small,False
432,4,3.0,0.12999749183654785,1,1,44,79,2,0,small,False
433,6,3.0,0.09999918937683105,1,1,44,79,2,0,small,False
434,0,2.0,0.10004329681396484,1,1,43,83,2,0,small,False
435,3,4.0,0.09999990463256836,1,1,45,79,2,0,small,False
436,5,3.0,0.10999941825866699,1,1,44,81,2,0,small,False
437,2,-1.0,0.10000061988830566,1,1,40,88,2,0,small,False
438,7,2.0,0.09999942779541016,1,1,43,79,2,0,small,False
439,1,1.0,0.09996962547302246,1,1,42,79,2,0,small,False
440,4,4.0,0.1099708080291748,1,1,45,79,2,0,small,False
441,6,4.0,0.10000133514404297,1,1,45,84,2,0,small,False
442,0,6.0,0.09995484352111816,1,1,47,79,2,0,small,False
443,3,8.0,0.10999917984008789,1,1,49,84,2,0,small,False
444,5,3.0,0.10000085830688477,1,1,44,95,2,0,small,False
445,2,5.0,0.09999918937683105,1,1,46,86,2,0,small,False
446,7,5.0,0.1100008487701416,1,1,46,79,2,0,small,False
447,1,-1.0,0.09999918937683105,1,1,40,79,2,0,small,False
448,4,6.0,0.10004019737243652,1,1,47,79,2,0,small,False
449,6,2.0,0.0900413990020752,1,1,43,79,2,0,small,False
450,0,4.0,0.1100001335144043,1,1,45,79,2,0,small,False
451,3,0.0,0.09002995491027832,1,1,41,106,2,0,small,False
452,5,3.0,0.09999942779541016,1,1,44,84,2,0,small,False
453,7,7.0,0.0900413990020752,1,1,48,93,2,0,small,False
454,2,1.0,0.11999940872192383,1,1,42,86,2,0,small,False
455,1,5.0,0.10003066062927246,1,1,46,85,2,0,small,False
456,4,8.0,0.09995913505554199,1,1,49,81,2,0,small,False
457,0,3.0,0.08999991416931152,1,1,44,79,2,0,small,False
458,6,5.0,0.0999460220336914,1,1,46,81,2,0,small,False
459,3,6.0,0.09993481636047363,1,1,47,89,2,0,small,False
460,5,3.0,0.11001944541931152,1,1,44,89,2,0,small,False
461,7,8.0,0.09994316101074219,1,1,49,88,2,0,small,False
462,1,1.0,0.08995270729064941,1,1,42,79,2,0,small,False
463,2,5.0,0.1099853515625,1,1,46,79,2,0,small,False
464,4,3.0,0.10001063346862793,1,1,44,79,2,0,small,False
465,0,7.0,0.09998250007629395,1,1,48,96,2,0,small,False
466,6,7.0,0.10998320579528809,1,1,48,88,2,0,small,False
467,3,7.0,0.11001825332641602,1,1,48,103,2,0,small,False
468,5,4.0,0.07999825477600098,1,1,45,89,2,0,small,False
469,7,5.0,0.09999704360961914,1,1,46,79,2,0,small,False
470,1,7.0,0.10000085830688477,1,1,48,79,2,0,small,False
471,4,4.0,0.0799722671508789,1,1,45,99,2,0,small,False
472,2,6.0,0.09999942779541016,1,1,47,83,2,0,small,False
473,6,6.0,0.09000015258789062,1,1,47,79,2,0,small,False
474,0,5.0,0.1100006103515625,1,1,46,83,2,0,small,False
475,3,3.0,0.1100013256072998,1,1,44,79,2,0,small,False
476,5,5.0,0.10999870300292969,1,1,46,84,2,0,small,False
477,7,6.0,0.10000205039978027,1,1,47,79,2,0,small,False
478,4,8.0,0.10000061988830566,1,1,49,79,2,0,small,False
479,1,8.0,0.11002826690673828,1,1,49,79,2,0,small,False
480,2,7.0,0.10002756118774414,1,1,48,79,2,0,small,False
481,6,4.0,0.10003137588500977,1,1,45,96,2,0,small,False
482,0,4.0,0.1100611686706543,1,1,45,79,2,0,small,False
483,3,3.0,0.09006142616271973,1,1,44,84,2,0,small,False
484,5,7.0,0.0800633430480957,1,1,48,93,2,0,small,False
485,7,8.0,0.09006738662719727,1,1,49,89,2,0,small,False
0,0,7.0,0.7082371711730957,1,1,48,79,2,0,small,False
1,0,5.0,0.054006338119506836,1,1,46,79,2,0,small,False
2,0,6.0,0.05056953430175781,1,1,47,89,2,0,small,False
3,0,-2.0,0.0574803352355957,1,1,39,79,2,0,small,False
4,0,7.0,0.04122018814086914,1,1,48,79,2,0,small,False
5,0,4.0,0.05059051513671875,1,1,45,79,2,0,small,False
6,0,4.0,0.04853963851928711,1,1,45,85,2,0,small,False
7,0,5.0,0.0560152530670166,1,1,46,79,2,0,small,False
8,0,-1.0,0.04416465759277344,1,1,40,94,2,0,small,False
9,0,4.0,0.05153393745422363,1,1,45,79,2,0,small,False
10,0,1.0,0.0473790168762207,1,1,42,79,2,0,small,False
11,0,3.0,0.058867454528808594,1,1,44,84,2,0,small,False
12,0,5.0,0.05163884162902832,1,1,46,79,2,0,small,False
13,0,2.0,0.056748151779174805,1,1,43,79,2,0,small,False
14,0,4.0,0.05573391914367676,1,1,45,79,2,0,small,False
15,1,6.0,0.7225956916809082,1,1,47,84,2,0,small,False
16,0,7.0,0.5674693584442139,1,1,48,79,2,0,small,False
17,1,7.0,0.06018352508544922,1,1,48,79,2,0,small,False
18,0,5.0,0.06488275527954102,1,1,46,84,2,0,small,False
19,1,7.0,0.060089826583862305,1,1,48,79,2,0,small,False
20,0,2.0,0.05539059638977051,1,1,43,79,2,0,small,False
21,1,5.0,0.061585187911987305,1,1,46,79,2,0,small,False
22,0,6.0,0.07164955139160156,1,1,47,83,2,0,small,False
23,1,6.0,0.06621742248535156,1,1,47,103,2,0,small,False
24,0,4.0,0.056153059005737305,1,1,45,89,2,0,small,False
25,1,6.0,0.0594325065612793,1,1,47,79,2,0,small,False
26,0,3.0,0.06891822814941406,1,1,44,89,2,0,small,False
27,1,7.0,0.06641197204589844,1,1,48,83,2,0,small,False
28,0,6.0,0.06274986267089844,1,1,47,84,2,0,small,False
29,1,5.0,0.06647968292236328,1,1,46,81,2,0,small,False
30,0,7.0,0.06851744651794434,1,1,48,96,2,0,small,False
31,1,1.0,0.06735587120056152,1,1,42,79,2,0,small,False
32,0,5.0,0.06382870674133301,1,1,46,79,2,0,small,False
33,1,5.0,0.05637192726135254,1,1,46,84,2,0,small,False
34,0,-2.0,0.059262752532958984,1,1,39,96,2,0,small,False
35,1,4.0,0.07381582260131836,1,1,45,110,2,0,small,False
36,0,3.0,0.06369185447692871,1,1,44,79,2,0,small,False
37,1,6.0,0.06005239486694336,1,1,47,84,2,0,small,False
38,0,2.0,0.07471275329589844,1,1,43,79,2,0,small,False
39,1,7.0,0.06639742851257324,1,1,48,79,2,0,small,False
40,0,4.0,0.06070852279663086,1,1,45,89,2,0,small,False
41,1,7.0,0.06909060478210449,1,1,48,79,2,0,small,False
42,0,2.0,0.06904435157775879,1,1,43,91,2,0,small,False
43,2,4.0,0.7565963268280029,1,1,45,79,2,0,small,False
44,1,0.0,0.5887839794158936,1,1,41,79,2,0,small,False
45,0,7.0,0.5848474502563477,1,1,48,106,2,0,small,False
46,2,3.0,0.06815600395202637,1,1,44,85,2,0,small,False
47,1,3.0,0.07448530197143555,1,1,44,84,2,0,small,False
48,0,2.0,0.06206512451171875,1,1,43,84,2,0,small,False
49,2,8.0,0.0661776065826416,1,1,49,79,2,0,small,False
50,1,3.0,0.07119631767272949,1,1,44,84,2,0,small,False
51,0,3.0,0.07518982887268066,1,1,44,101,2,0,small,False
52,2,2.0,0.06179332733154297,1,1,43,84,2,0,small,False
53,1,7.0,0.06379866600036621,1,1,48,79,2,0,small,False
54,0,5.0,0.0678706169128418,1,1,46,84,2,0,small,False
55,2,3.0,0.06775832176208496,1,1,44,84,2,0,small,False
56,1,6.0,0.06866312026977539,1,1,47,79,2,0,small,False
57,0,6.0,0.0655357837677002,1,1,47,84,2,0,small,False
58,2,1.0,0.06751751899719238,1,1,42,79,2,0,small,False
59,1,8.0,0.06753420829772949,1,1,49,79,2,0,small,False
60,0,3.0,0.06657004356384277,1,1,44,91,2,0,small,False
61,2,8.0,0.06592631340026855,1,1,49,79,2,0,small,False
62,1,6.0,0.07094144821166992,1,1,47,93,2,0,small,False
63,0,5.0,0.07307553291320801,1,1,46,89,2,0,small,False
64,2,2.0,0.08140993118286133,1,1,43,89,2,0,small,False
65,1,2.0,0.06827759742736816,1,1,43,79,2,0,small,False
66,0,-1.0,0.07521843910217285,1,1,40,108,2,0,small,False
67,2,5.0,0.06660342216491699,1,1,46,79,2,0,small,False
68,1,10.0,0.06660342216491699,1,1,51,83,2,0,small,False
69,0,-1.0,0.06912851333618164,1,1,40,79,2,0,small,False
70,2,4.0,0.06647896766662598,1,1,45,86,2,0,small,False
71,1,3.0,0.07654213905334473,1,1,44,89,2,0,small,False
72,0,4.0,0.06862211227416992,1,1,45,91,2,0,small,False
73,2,5.0,0.06656980514526367,1,1,46,79,2,0,small,False
74,1,7.0,0.06940293312072754,1,1,48,93,2,0,small,False
75,0,7.0,0.07065010070800781,1,1,48,89,2,0,small,False
0,0,3.0,1.3748443126678467,1,1,44,89,2,0,small,False
1,0,6.0,0.05073380470275879,1,1,47,79,2,0,small,False
2,0,5.0,0.05068349838256836,1,1,46,84,2,0,small,False
3,0,9.0,0.04676675796508789,1,1,50,89,2,0,small,False
4,0,5.0,0.04852414131164551,1,1,46,85,2,0,small,False
5,0,-3.0,0.04815959930419922,1,1,38,79,2,0,small,False
6,0,5.0,0.048781633377075195,1,1,46,89,2,0,small,False
7,0,0.0,0.049237728118896484,1,1,41,103,2,0,small,False
8,0,3.0,0.04964494705200195,1,1,44,79,2,0,small,False
9,0,8.0,0.05247974395751953,1,1,49,81,2,0,small,False
10,0,5.0,0.045841217041015625,1,1,46,91,2,0,small,False
11,0,5.0,0.05143904685974121,1,1,46,79,2,0,small,False
12,0,7.0,0.0504915714263916,1,1,48,84,2,0,small,False
13,0,5.0,0.05156087875366211,1,1,46,79,2,0,small,False
14,0,3.0,0.05004692077636719,1,1,44,79,2,0,small,False
15,0,4.0,0.046018362045288086,1,1,45,79,2,0,small,False
16,0,6.0,0.055359601974487305,1,1,47,79,2,0,small,False
17,0,10.0,0.049581050872802734,1,1,51,79,2,0,small,False
18,0,4.0,0.040201663970947266,1,1,45,84,2,0,small,False
19,0,7.0,0.05969715118408203,1,1,48,81,2,0,small,False
20,0,8.0,0.049567222595214844,1,1,49,84,2,0,small,False
21,0,8.0,0.05047440528869629,1,1,49,89,2,0,small,False
22,0,4.0,0.04839038848876953,1,1,45,79,2,0,small,False
23,0,4.0,0.05443930625915527,1,1,45,83,2,0,small,False
24,0,6.0,0.04450869560241699,1,1,47,97,2,0,small,False
25,0,4.0,0.0513310432434082,1,1,45,79,2,0,small,False
26,0,7.0,0.04958009719848633,1,1,48,79,2,0,small,False
27,0,6.0,0.047905921936035156,1,1,47,79,2,0,small,False
28,0,2.0,0.04998421669006348,1,1,43,79,2,0,small,False
29,0,5.0,0.04912829399108887,1,1,46,86,2,0,small,False
30,0,8.0,0.04885697364807129,1,1,49,79,2,0,small,False
31,0,7.0,0.048102617263793945,1,1,48,81,2,0,small,False
32,0,9.0,0.044634342193603516,1,1,50,84,2,0,small,False
33,0,2.0,0.05448007583618164,1,1,43,89,2,0,small,False
34,0,9.0,0.04562783241271973,1,1,50,96,2,0,small,False
35,0,3.0,0.044983863830566406,1,1,44,88,2,0,small,False
36,0,8.0,0.057569265365600586,1,1,49,88,2,0,small,False
37,0,9.0,0.042372703552246094,1,1,50,94,2,0,small,False
38,0,8.0,0.05750441551208496,1,1,49,79,2,0,small,False
39,0,4.0,0.04281425476074219,1,1,45,79,2,0,small,False
40,0,5.0,0.05709028244018555,1,1,46,93,2,0,small,False
41,0,5.0,0.04232621192932129,1,1,46,79,2,0,small,False
42,0,9.0,0.05424308776855469,1,1,50,79,2,0,small,False
43,0,7.0,0.0460813045501709,1,1,48,79,2,0,small,False
44,0,5.0,0.055047035217285156,1,1,46,79,2,0,small,False
45,0,8.0,0.04419207572937012,1,1,49,84,2,0,small,False
46,0,9.0,0.05356025695800781,1,1,50,113,2,0,small,False
47,0,9.0,0.046671152114868164,1,1,50,88,2,0,small,False
48,0,9.0,0.05217146873474121,1,1,50,79,2,0,small,False
49,0,4.0,0.05328941345214844,1,1,45,94,2,0,small,False
50,0,10.0,0.05167436599731445,1,1,51,96,2,0,small,False
51,0,10.0,0.04912614822387695,1,1,51,89,2,0,small,False
52,0,9.0,0.04862833023071289,1,1,50,79,2,0,small,False
53,0,5.0,0.05000901222229004,1,1,46,79,2,0,small,False
54,0,9.0,0.05015373229980469,1,1,50,83,2,0,small,False
55,0,10.0,0.04869532585144043,1,1,51,83,2,0,small,False
56,0,0.0,0.049094438552856445,1,1,41,85,2,0,small,False
57,0,10.0,0.048815250396728516,1,1,51,79,2,0,small,False
58,0,7.0,0.04812788963317871,1,1,48,83,2,0,small,False
59,0,4.0,0.04443550109863281,1,1,45,79,2,0,small,False
60,0,7.0,0.0513150691986084,1,1,48,79,2,0,small,False
61,0,10.0,0.04769253730773926,1,1,51,89,2,0,small,False
62,0,8.0,0.04816293716430664,1,1,49,86,2,0,small,False
63,0,9.0,0.04447197914123535,1,1,50,88,2,0,small,False
64,0,10.0,0.04922342300415039,1,1,51,79,2,0,small,False
65,0,8.0,0.0507044792175293,1,1,49,117,2,0,small,False
66,0,14.0,0.04831576347351074,1,1,55,81,2,0,small,False
67,0,11.0,0.044786930084228516,1,1,52,89,2,0,small,False
68,0,8.0,0.05448484420776367,1,1,49,79,2,0,small,False
69,0,8.0,0.0446321964263916,1,1,49,79,2,0,small,False
70,0,9.0,0.05241131782531738,1,1,50,96,2,0,small,False
71,0,10.0,0.04656362533569336,1,1,51,79,2,0,small,False
72,0,11.0,0.05046486854553223,1,1,52,79,2,0,small,False
73,0,11.0,0.048570871353149414,1,1,52,101,2,0,small,False
74,0,11.0,0.0503692626953125,1,1,52,88,2,0,small,False
75,0,8.0,0.03843212127685547,1,1,49,79,2,0,small,False
76,0,14.0,0.050331830978393555,1,1,55,88,2,0,small,False
77,0,14.0,0.03941488265991211,1,1,55,79,2,0,small,False
78,0,11.0,0.050560712814331055,1,1,52,125,2,0,small,False
79,0,11.0,0.04901885986328125,1,1,52,117,2,0,small,False
80,0,12.0,0.04960966110229492,1,1,53,113,2,0,small,False
81,0,9.0,0.05127692222595215,1,1,50,83,2,0,small,False
82,0,12.0,0.051839351654052734,1,1,53,117,2,0,small,False
83,0,12.0,0.05001187324523926,1,1,53,108,2,0,small,False
84,0,12.0,0.050739288330078125,1,1,53,137,2,0,small,False
85,0,12.0,0.04697251319885254,1,1,53,139,2,0,small,False
86,0,11.0,0.05589652061462402,1,1,52,132,2,0,small,False
0,0,6.0,0.718897819519043,1,1,47,83,2,0,small,False
1,0,5.0,0.053359031677246094,1,1,46,79,2,0,small,False
2,0,4.0,0.051836252212524414,1,1,45,89,2,0,small,False
3,0,2.0,0.05099678039550781,1,1,43,79,2,0,small,False
4,0,6.0,0.0522007942199707,1,1,47,122,2,0,small,False
5,0,6.0,0.04639863967895508,1,1,47,84,2,0,small,False
6,0,5.0,0.0500035285949707,1,1,46,99,2,0,small,False
7,0,0.0,0.060761213302612305,1,1,41,81,2,0,small,False
8,0,3.0,0.04504990577697754,1,1,44,79,2,0,small,False
9,0,4.0,0.05930829048156738,1,1,45,79,2,0,small,False
10,0,7.0,0.05758786201477051,1,1,48,79,2,0,small,False
11,0,8.0,0.051505327224731445,1,1,49,79,2,0,small,False
12,0,-7.0,0.057785749435424805,1,1,34,79,2,0,small,False
13,0,6.0,0.055936336517333984,1,1,47,79,2,0,small,False
14,0,7.0,0.05011630058288574,1,1,48,79,2,0,small,False
15,1,5.0,0.7471084594726562,1,1,46,79,2,0,small,False
16,0,2.0,0.5696372985839844,1,1,43,88,2,0,small,False
17,1,2.0,0.06311655044555664,1,1,43,79,2,0,small,False
18,0,9.0,0.06311655044555664,1,1,50,79,2,0,small,False
19,1,9.0,0.059549808502197266,1,1,50,84,2,0,small,False
20,0,6.0,0.06679153442382812,1,1,47,79,2,0,small,False
21,1,8.0,0.056719064712524414,1,1,49,84,2,0,small,False
22,0,5.0,0.05855560302734375,1,1,46,79,2,0,small,False
23,1,2.0,0.0663900375366211,1,1,43,101,2,0,small,False
24,0,5.0,0.05633139610290527,1,1,46,93,2,0,small,False
25,1,9.0,0.059703826904296875,1,1,50,86,2,0,small,False
26,0,2.0,0.06607174873352051,1,1,43,85,2,0,small,False
27,1,3.0,0.05624580383300781,1,1,44,89,2,0,small,False
28,0,0.0,0.04987788200378418,1,1,41,79,2,0,small,False
29,1,3.0,0.06755542755126953,1,1,44,79,2,0,small,False
30,0,8.0,0.07454729080200195,1,1,49,88,2,0,small,False
31,1,3.0,0.061983346939086914,1,1,44,81,2,0,small,False
32,0,3.0,0.05908393859863281,1,1,44,99,2,0,small,False
33,1,5.0,0.05215334892272949,1,1,46,79,2,0,small,False
34,0,3.0,0.06628274917602539,1,1,44,79,2,0,small,False
35,1,6.0,0.06668329238891602,1,1,47,108,2,0,small,False
