Episode,Time,Reward,World,Stage,X Position,Y Position,Life,Score,Status,Reached Flag
0,158.35751271247864,354.0,1,1,594,101,2,0,small,False
1,7.324707984924316,241.0,1,1,40,79,1,0,small,False
2,166.57579851150513,354.0,1,1,594,79,2,100,small,False
3,168.19232368469238,354.0,1,1,594,93,2,0,small,False
4,161.186115026474,354.0,1,1,594,101,2,100,small,False
5,162.47828030586243,354.0,1,1,594,106,2,0,small,False
6,161.7767629623413,354.0,1,1,594,93,2,0,small,False
7,164.07056593894958,482.0,1,1,722,89,2,100,small,False
8,164.4753873348236,354.0,1,1,594,93,2,100,small,False
9,6.856531143188477,229.0,1,1,40,79,1,0,small,False
10,174.92874932289124,354.0,1,1,594,103,2,100,small,False
11,82.34851694107056,354.0,1,1,594,79,2,0,small,False
12,82.5423264503479,480.0,1,1,720,102,2,100,small,False
13,81.22969603538513,353.0,1,1,593,103,2,100,small,False
14,65.88751769065857,482.0,1,1,40,79,1,0,small,False
15,3.5221915245056152,232.0,1,1,40,79,1,0,small,False
16,81.36627960205078,353.0,1,1,593,79,2,100,small,False
17,3.3363394737243652,239.0,1,1,40,79,1,0,small,False
18,82.75254535675049,354.0,1,1,594,93,2,0,small,False
19,29.875096321105957,597.0,1,1,40,79,1,0,small,False
20,51.53483843803406,505.0,1,1,40,79,1,0,small,False
21,83.1908586025238,481.0,1,1,721,96,2,200,small,False
22,83.07162141799927,354.0,1,1,594,104,2,100,small,False
23,81.61827397346497,354.0,1,1,594,79,2,0,small,False
24,81.57104229927063,354.0,1,1,594,102,2,100,small,False
25,81.75658822059631,482.0,1,1,722,89,2,100,small,False
26,82.03611087799072,354.0,1,1,594,101,2,0,small,False
27,81.71808767318726,482.0,1,1,722,101,2,100,small,False
28,82.01956462860107,482.0,1,1,722,79,2,300,small,False
29,82.17181992530823,482.0,1,1,722,93,2,200,small,False
30,3.30975604057312,240.0,1,1,40,79,1,0,small,False
31,82.40527319908142,482.0,1,1,722,108,2,100,small,False
32,82.10924696922302,482.0,1,1,722,96,2,100,small,False
33,82.27439022064209,482.0,1,1,722,101,2,100,small,False
34,82.34901356697083,354.0,1,1,594,113,2,100,small,False
35,11.971867084503174,638.0,1,1,40,79,1,0,small,False
36,82.3820652961731,354.0,1,1,594,104,2,100,small,False
37,3.352494716644287,231.0,1,1,40,79,1,0,small,False
38,3.3150219917297363,242.0,1,1,40,79,1,0,small,False
39,82.57987356185913,482.0,1,1,722,103,2,200,small,False
40,3.959249973297119,234.0,1,1,40,79,1,0,small,False
41,83.07199311256409,482.0,1,1,722,79,2,100,small,False
42,84.64978551864624,542.0,1,1,40,79,1,400,small,False
43,3.3250370025634766,242.0,1,1,40,79,1,0,small,False
44,86.22213172912598,482.0,1,1,722,79,2,200,small,False
45,86.27322673797607,658.0,1,1,898,105,2,300,small,False
46,3.694530487060547,228.0,1,1,40,79,1,0,small,False
47,86.19829678535461,482.0,1,1,722,104,2,400,small,False
48,36.649189472198486,540.0,1,1,40,79,1,200,small,False
49,82.3894739151001,653.0,1,1,40,79,1,300,small,False
50,2.7848427295684814,246.0,1,1,40,79,1,0,small,False
51,22.19131064414978,556.0,1,1,40,79,1,0,small,False
52,16.15160822868347,586.0,1,1,40,79,1,0,small,False
53,22.97823715209961,614.0,1,1,40,79,1,100,small,False
54,32.67915463447571,544.0,1,1,40,79,1,100,small,False
55,90.71248269081116,658.0,1,1,898,79,2,800,small,False
56,92.3292179107666,482.0,1,1,722,79,2,100,small,False
57,3.2768170833587646,245.0,1,1,40,79,1,200,small,False
58,90.84140872955322,658.0,1,1,898,98,2,400,small,False
59,87.19698190689087,482.0,1,1,722,117,2,200,small,False
60,14.65123462677002,611.0,1,1,40,79,1,100,small,False
61,3.1381800174713135,235.0,1,1,40,79,1,200,small,False
62,2.8770341873168945,244.0,1,1,40,79,1,0,small,False
63,85.66483688354492,482.0,1,1,722,79,2,200,small,False
64,86.03253316879272,482.0,1,1,722,79,2,100,small,False
65,2.609318733215332,245.0,1,1,40,79,1,0,small,False
66,2.8262698650360107,248.0,1,1,40,79,1,0,small,False
67,3.0040054321289062,242.0,1,1,40,79,1,0,small,False
68,17.678619384765625,568.0,1,1,40,79,1,100,small,False
69,9.642463684082031,630.0,1,1,40,79,1,200,small,False
70,46.95866680145264,658.0,1,1,40,79,1,400,small,False
71,86.1742012500763,354.0,1,1,594,79,2,0,small,False
72,64.53924345970154,1204.0,1,1,1320,79,1,1600,small,False
73,3.0618813037872314,236.0,1,1,40,79,1,0,small,False
74,2.31826114654541,250.0,1,1,40,79,1,0,small,False
75,35.80325531959534,994.0,1,1,40,79,1,1400,small,False
76,17.066527366638184,611.0,1,1,40,79,1,0,small,False
77,37.16797924041748,662.0,1,1,40,79,1,1300,small,False
78,86.46893954277039,658.0,1,1,898,89,2,300,small,False
79,2.7080249786376953,248.0,1,1,40,79,1,0,small,False
80,4.3100152015686035,218.0,1,1,40,79,1,0,small,False
81,2.8342409133911133,241.0,1,1,40,79,1,0,small,False
82,24.674856424331665,742.0,1,1,40,79,1,100,small,False
83,10.147303104400635,628.0,1,1,40,79,1,100,small,False
84,3.6430327892303467,229.0,1,1,40,79,1,0,small,False
85,77.22129106521606,2237.0,1,1,1320,79,1,700,small,False
86,26.510202169418335,782.0,1,1,40,79,1,100,small,False
87,3.1589596271514893,243.0,1,1,40,79,1,0,small,False
88,59.99065542221069,939.0,1,1,40,79,1,1350,small,False
89,73.31268572807312,675.0,1,1,40,79,1,200,small,False
90,2.7294890880584717,244.0,1,1,40,79,1,0,small,False
91,2.9251821041107178,244.0,1,1,40,79,1,200,small,False
92,24.400449514389038,787.0,1,1,40,79,1,200,small,False
93,3.1738319396972656,236.0,1,1,40,79,1,0,small,False
94,39.65598964691162,752.0,1,1,40,79,1,200,small,False
95,2.902194023132324,246.0,1,1,40,79,1,0,small,False
96,2.912933111190796,248.0,1,1,40,79,1,0,small,False
97,12.777857542037964,589.0,1,1,40,79,1,200,small,False
98,58.034441232681274,961.0,1,1,40,79,1,300,small,False
99,3.4547646045684814,233.0,1,1,40,79,1,0,small,False
100,3.1251823902130127,239.0,1,1,40,79,1,0,small,False
101,2.812786817550659,240.0,1,1,40,79,1,0,small,False
102,24.28193736076355,707.0,1,1,40,79,1,100,small,False
103,2.8447563648223877,249.0,1,1,40,79,1,0,small,False
104,32.30926585197449,689.0,1,1,40,79,1,300,small,False
105,18.821107625961304,589.0,1,1,40,79,1,200,small,False
106,42.33711624145508,1278.0,1,1,1320,79,1,200,small,False
107,86.6257872581482,658.0,1,1,898,125,2,400,small,False
108,28.780388593673706,777.0,1,1,40,79,1,500,small,False
109,15.064780235290527,588.0,1,1,40,79,1,100,small,False
110,2.906235694885254,250.0,1,1,40,79,1,0,small,False
111,3.796295166015625,230.0,1,1,40,79,1,0,small,False
112,3.6981570720672607,236.0,1,1,40,79,1,200,small,False
113,27.980682373046875,685.0,1,1,40,79,1,100,small,False
114,86.54967594146729,411.0,1,1,652,89,2,300,small,False
115,2.7980148792266846,249.0,1,1,40,79,1,0,small,False
116,2.890334367752075,242.0,1,1,40,79,1,200,small,False
117,3.030489206314087,246.0,1,1,40,79,1,0,small,False
118,4.641841888427734,230.0,1,1,40,79,1,0,small,False
119,27.58256983757019,734.0,1,1,40,79,1,200,small,False
120,2.8985114097595215,241.0,1,1,40,79,1,0,small,False
121,23.171724319458008,738.0,1,1,40,79,1,100,small,False
122,63.79465126991272,929.0,1,1,40,79,1,300,small,False
123,2.7445173263549805,250.0,1,1,40,79,1,0,small,False
124,4.32293963432312,205.0,1,1,40,79,1,200,small,False
125,2.522967576980591,249.0,1,1,40,79,1,0,small,False
126,2.916050910949707,250.0,1,1,40,79,1,0,small,False
127,2.8934812545776367,240.0,1,1,40,79,1,200,small,False
128,13.870761394500732,727.0,1,1,40,79,1,100,small,False
129,28.12726330757141,1315.0,1,1,1320,79,1,400,small,False
130,3.68719482421875,250.0,1,1,40,79,1,0,small,False
131,41.20477318763733,652.0,1,1,40,79,1,200,small,False
132,8.471009254455566,584.0,1,1,40,79,1,0,small,False
133,78.04394245147705,1288.0,1,1,1320,79,1,400,small,False
134,21.888404607772827,696.0,1,1,40,79,1,200,small,False
135,8.55714225769043,588.0,1,1,40,79,1,0,small,False
136,86.6024763584137,60.0,1,1,296,104,2,1150,tall,False
137,13.511436939239502,566.0,1,1,40,79,1,200,small,False
138,13.050060033798218,578.0,1,1,40,79,1,0,small,False
139,43.49215769767761,973.0,1,1,40,79,1,300,small,False
140,3.755108594894409,229.0,1,1,40,79,1,0,small,False
141,10.946293592453003,619.0,1,1,40,79,1,0,small,False
142,10.22821569442749,619.0,1,1,40,79,1,100,small,False
143,47.18280100822449,1254.0,1,1,1320,79,1,200,small,False
144,3.3900387287139893,242.0,1,1,40,79,1,0,small,False
145,48.79801893234253,662.0,1,1,40,79,1,1350,small,False
146,4.137042045593262,228.0,1,1,40,79,1,0,small,False
147,2.833341121673584,243.0,1,1,40,79,1,0,small,False
148,37.15640902519226,987.0,1,1,40,79,1,700,small,False
149,4.591343879699707,241.0,1,1,40,79,1,200,small,False
150,17.904967546463013,749.0,1,1,40,79,1,200,small,False
151,2.7582874298095703,244.0,1,1,40,79,1,0,small,False
152,3.0183663368225098,249.0,1,1,40,79,1,0,small,False
153,18.165786504745483,568.0,1,1,40,79,1,100,small,False
154,15.44277834892273,757.0,1,1,40,79,1,300,small,False
155,3.2673327922821045,243.0,1,1,40,79,1,0,small,False
156,4.871002197265625,205.0,1,1,40,79,1,200,small,False
157,4.785281419754028,215.0,1,1,40,79,1,0,small,False
158,12.847506999969482,587.0,1,1,40,79,1,100,small,False
159,25.753743410110474,737.0,1,1,40,79,1,200,small,False
160,6.898681402206421,240.0,1,1,40,79,1,0,small,False
161,5.138921499252319,236.0,1,1,40,79,1,0,small,False
162,3.578815460205078,235.0,1,1,40,79,1,200,small,False
163,5.160610675811768,228.0,1,1,40,79,1,0,small,False
164,3.752835750579834,237.0,1,1,40,79,1,200,small,False
165,3.8840854167938232,236.0,1,1,40,79,1,0,small,False
166,10.88951826095581,558.0,1,1,40,79,1,300,small,False
167,3.214604139328003,233.0,1,1,40,79,1,0,small,False
168,18.469273805618286,624.0,1,1,40,79,1,100,small,False
169,3.206935167312622,239.0,1,1,40,79,1,0,small,False
170,4.758673429489136,238.0,1,1,40,79,1,0,small,False
171,86.57289099693298,288.0,1,1,528,98,2,100,small,False
172,3.1837613582611084,245.0,1,1,40,79,1,0,small,False
173,2.8883094787597656,250.0,1,1,40,79,1,0,small,False
174,3.5712730884552,228.0,1,1,40,79,1,0,small,False
175,3.409146785736084,247.0,1,1,40,79,1,0,small,False
176,2.898057699203491,247.0,1,1,40,79,1,200,small,False
177,78.69411826133728,891.0,1,1,40,79,1,500,small,False
178,14.891676902770996,572.0,1,1,40,79,1,0,small,False
179,17.235169410705566,774.0,1,1,40,79,1,100,small,False
180,14.943010568618774,796.0,1,1,40,79,1,200,small,False
181,8.381344079971313,607.0,1,1,40,79,1,0,small,False
182,2.9802145957946777,252.0,1,1,40,79,1,0,small,False
183,4.1689300537109375,231.0,1,1,40,79,1,0,small,False
184,59.286378383636475,616.0,1,1,40,79,1,200,small,False
185,6.885097026824951,638.0,1,1,40,79,1,100,small,False
186,19.21242594718933,539.0,1,1,40,79,1,100,small,False
187,4.411010980606079,234.0,1,1,40,79,1,0,small,False
188,3.48858380317688,246.0,1,1,40,79,1,0,small,False
189,12.506527662277222,580.0,1,1,40,79,1,100,small,False
190,3.5434587001800537,235.0,1,1,40,79,1,0,small,False
191,3.630901336669922,237.0,1,1,40,79,1,0,small,False
192,3.806919813156128,246.0,1,1,40,79,1,0,small,False
193,11.403786897659302,581.0,1,1,40,79,1,0,small,False
194,21.473471879959106,726.0,1,1,40,79,1,200,small,False
195,8.14525842666626,623.0,1,1,40,79,1,100,small,False
196,4.274313926696777,229.0,1,1,40,79,1,0,small,False
197,16.529265880584717,545.0,1,1,40,79,1,100,small,False
198,10.483550071716309,559.0,1,1,40,79,1,100,small,False
199,3.778749942779541,247.0,1,1,40,79,1,0,small,False
200,9.546814918518066,599.0,1,1,40,79,1,0,small,False
201,10.025876760482788,588.0,1,1,40,79,1,100,small,False
202,9.917394876480103,623.0,1,1,40,79,1,100,small,False
203,3.1502115726470947,246.0,1,1,40,79,1,0,small,False
204,3.437682867050171,239.0,1,1,40,79,1,0,small,False
205,18.715885162353516,1115.0,1,1,40,79,1,200,small,False
206,2.800043821334839,252.0,1,1,40,79,1,200,small,False
207,3.3536670207977295,239.0,1,1,40,79,1,0,small,False
208,75.96110701560974,895.0,1,1,40,79,1,200,small,False
209,3.1803903579711914,241.0,1,1,40,79,1,0,small,False
210,2.7178568840026855,248.0,1,1,40,79,1,0,small,False
211,2.8035409450531006,241.0,1,1,40,79,1,0,small,False
212,53.09424686431885,1249.0,1,1,1320,79,1,400,small,False
213,4.1330952644348145,235.0,1,1,40,79,1,0,small,False
214,56.44998216629028,1237.0,1,1,1320,79,1,400,small,False
215,3.631696939468384,228.0,1,1,40,79,1,200,small,False
216,3.0638489723205566,242.0,1,1,40,79,1,200,small,False
217,2.953521728515625,249.0,1,1,40,79,1,0,small,False
218,3.8701441287994385,212.0,1,1,40,79,1,200,small,False
219,19.228179693222046,1312.0,1,1,1320,79,1,400,small,False
220,3.2801108360290527,228.0,1,1,40,79,1,200,small,False
221,10.210462093353271,586.0,1,1,40,79,1,300,small,False
222,86.47535848617554,658.0,1,1,898,79,2,400,small,False
223,13.01117467880249,624.0,1,1,40,79,1,300,small,False
224,3.4072582721710205,244.0,1,1,40,79,1,0,small,False
225,2.5826075077056885,250.0,1,1,40,79,1,200,small,False
226,3.2697196006774902,245.0,1,1,40,79,1,0,small,False
227,45.11471652984619,970.0,1,1,40,79,1,200,small,False
228,15.89372444152832,567.0,1,1,40,79,1,100,small,False
229,4.227626085281372,228.0,1,1,40,79,1,0,small,False
230,3.568570137023926,229.0,1,1,40,79,1,200,small,False
231,54.01908016204834,943.0,1,1,40,79,1,100,small,False
232,2.9225754737854004,235.0,1,1,40,79,1,0,small,False
233,3.748577356338501,234.0,1,1,40,79,1,0,small,False
234,4.390329837799072,229.0,1,1,40,79,1,200,small,False
235,14.053695678710938,608.0,1,1,40,79,1,0,small,False
236,3.059772491455078,241.0,1,1,40,79,1,200,small,False
237,4.078857183456421,234.0,1,1,40,79,1,0,small,False
238,11.101698875427246,558.0,1,1,40,79,1,100,small,False
239,3.229156017303467,236.0,1,1,40,79,1,200,small,False
240,22.259910106658936,792.0,1,1,40,79,1,200,small,False
241,4.2288658618927,231.0,1,1,40,79,1,0,small,False
242,3.7832329273223877,230.0,1,1,40,79,1,0,small,False
243,17.431615352630615,193.0,1,1,40,79,1,0,small,False
244,3.4664063453674316,243.0,1,1,40,79,1,200,small,False
245,3.2987515926361084,241.0,1,1,40,79,1,0,small,False
246,3.2443342208862305,235.0,1,1,40,79,1,200,small,False
247,2.88934588432312,249.0,1,1,40,79,1,0,small,False
248,2.957228899002075,246.0,1,1,40,79,1,0,small,False
249,35.27641177177429,999.0,1,1,40,79,1,500,small,False
250,47.08041715621948,686.0,1,1,40,79,1,200,small,False
251,3.248769760131836,242.0,1,1,40,79,1,0,small,False
252,2.9260056018829346,243.0,1,1,40,79,1,0,small,False
253,9.270701169967651,614.0,1,1,40,79,1,100,small,False
254,2.9333696365356445,251.0,1,1,40,79,1,0,small,False
255,4.06843113899231,228.0,1,1,40,79,1,0,small,False
256,14.316011428833008,607.0,1,1,40,79,1,200,small,False
257,13.211368799209595,626.0,1,1,40,79,1,200,small,False
258,3.6149818897247314,241.0,1,1,40,79,1,0,small,False
259,15.619558572769165,691.0,1,1,40,79,1,100,small,False
260,4.290909767150879,229.0,1,1,40,79,1,0,small,False
261,3.046947717666626,242.0,1,1,40,79,1,0,small,False
262,3.526444435119629,235.0,1,1,40,79,1,200,small,False
263,3.0539493560791016,246.0,1,1,40,79,1,0,small,False
264,11.434922218322754,-14.0,1,1,40,79,1,0,small,False
265,3.3412160873413086,231.0,1,1,40,79,1,0,small,False
266,7.320951700210571,621.0,1,1,40,79,1,300,small,False
267,3.0235726833343506,237.0,1,1,40,79,1,0,small,False
268,23.807183980941772,1019.0,1,1,40,79,1,500,small,False
269,3.358389139175415,236.0,1,1,40,79,1,200,small,False
270,3.2614893913269043,240.0,1,1,40,79,1,200,small,False
271,3.2191572189331055,241.0,1,1,40,79,1,200,small,False
272,7.370317697525024,633.0,1,1,40,79,1,100,small,False
273,25.170432567596436,576.0,1,1,40,79,1,100,small,False
274,43.956456422805786,513.0,1,1,40,79,1,100,small,False
275,3.0626800060272217,245.0,1,1,40,79,1,0,small,False
276,3.0183329582214355,251.0,1,1,40,79,1,0,small,False
277,12.751529216766357,624.0,1,1,40,79,1,100,small,False
278,3.253523588180542,240.0,1,1,40,79,1,0,small,False
279,2.8841726779937744,248.0,1,1,40,79,1,200,small,False
280,22.475892066955566,584.0,1,1,40,79,1,0,small,False
281,96.6952178478241,583.0,1,1,40,79,1,300,small,False
282,12.158201932907104,-20.0,1,1,40,79,1,0,small,False
283,58.05374622344971,647.0,1,1,40,79,1,200,small,False
284,4.395433664321899,212.0,1,1,40,79,1,200,small,False
285,3.060871124267578,246.0,1,1,40,79,1,0,small,False
286,26.485140323638916,1008.0,1,1,40,79,1,100,small,False
287,4.474535703659058,228.0,1,1,40,79,1,0,small,False
288,5.3415398597717285,216.0,1,1,40,79,1,200,small,False
289,8.67909026145935,609.0,1,1,40,79,1,100,small,False
290,4.468722105026245,224.0,1,1,40,79,1,0,small,False
291,3.827986240386963,238.0,1,1,40,79,1,0,small,False
292,3.1217005252838135,239.0,1,1,40,79,1,0,small,False
293,3.574629545211792,232.0,1,1,40,79,1,0,small,False
294,16.024434804916382,1041.0,1,1,40,79,1,0,small,False
295,4.1404924392700195,221.0,1,1,40,79,1,200,small,False
296,4.664579391479492,213.0,1,1,40,79,1,0,small,False
297,4.732397556304932,230.0,1,1,40,79,1,0,small,False
298,7.723909616470337,135.0,1,1,40,79,1,0,small,False
299,6.181888103485107,153.0,1,1,40,79,1,0,small,False
300,24.02265501022339,980.0,1,1,40,79,1,0,small,False
301,11.721306562423706,712.0,1,1,40,79,1,200,small,False
302,6.834810972213745,146.0,1,1,40,79,1,0,small,False
303,4.019927740097046,228.0,1,1,40,79,1,0,small,False
304,3.918875217437744,226.0,1,1,40,79,1,0,small,False
305,38.26855778694153,944.0,1,1,40,79,1,500,small,False
306,25.764292001724243,783.0,1,1,40,79,1,100,small,False
307,4.665591478347778,218.0,1,1,40,79,1,200,small,False
308,3.030531406402588,236.0,1,1,40,79,1,200,small,False
309,4.61596417427063,223.0,1,1,40,79,1,200,small,False
310,89.23530793190002,589.0,1,1,40,79,1,300,small,False
311,2.8720648288726807,248.0,1,1,40,79,1,200,small,False
312,3.139522075653076,237.0,1,1,40,79,1,0,small,False
313,3.2962679862976074,238.0,1,1,40,79,1,0,small,False
314,13.458561182022095,603.0,1,1,40,79,1,300,small,False
315,62.789748191833496,930.0,1,1,40,79,1,400,small,False
316,51.538941621780396,723.0,1,1,40,79,1,400,small,False
317,11.604437828063965,713.0,1,1,40,79,1,0,small,False
318,20.196534633636475,1035.0,1,1,40,79,1,300,small,False
319,3.932732582092285,214.0,1,1,40,79,1,0,small,False
320,3.4240427017211914,231.0,1,1,40,79,1,0,small,False
321,16.568332195281982,1056.0,1,1,40,79,1,400,small,False
322,3.5057334899902344,243.0,1,1,40,79,1,0,small,False
323,4.022897243499756,225.0,1,1,40,79,1,200,small,False
324,21.057947397232056,1046.0,1,1,40,79,1,300,small,False
325,19.17629051208496,799.0,1,1,40,79,1,300,small,False
326,5.902134895324707,171.0,1,1,40,79,1,0,small,False
327,15.721324443817139,1034.0,1,1,40,79,1,200,small,False
328,5.861057281494141,164.0,1,1,40,79,1,0,small,False
329,2.5729990005493164,252.0,1,1,40,79,1,200,small,False
330,3.0877468585968018,233.0,1,1,40,79,1,0,small,False
331,12.883028507232666,741.0,1,1,40,79,1,100,small,False
332,24.10721778869629,1026.0,1,1,40,79,1,300,small,False
333,29.406367778778076,999.0,1,1,40,79,1,300,small,False
334,8.708751916885376,600.0,1,1,40,79,1,200,small,False
335,4.3346757888793945,226.0,1,1,40,79,1,200,small,False
336,43.88604998588562,978.0,1,1,40,79,1,400,small,False
337,20.804779767990112,726.0,1,1,40,79,1,400,small,False
338,3.274759531021118,237.0,1,1,40,79,1,0,small,False
339,4.196178913116455,235.0,1,1,40,79,1,0,small,False
340,5.714250326156616,190.0,1,1,40,79,1,0,small,False
341,2.7395341396331787,247.0,1,1,40,79,1,200,small,False
342,21.091028213500977,1020.0,1,1,40,79,1,300,small,False
343,7.599201202392578,618.0,1,1,40,79,1,200,small,False
344,3.000718116760254,236.0,1,1,40,79,1,0,small,False
345,3.646771192550659,234.0,1,1,40,79,1,200,small,False
346,3.166499376296997,249.0,1,1,40,79,1,200,small,False
347,6.4320807456970215,175.0,1,1,40,79,1,0,small,False
348,3.594632625579834,234.0,1,1,40,79,1,0,small,False
349,5.050883054733276,226.0,1,1,40,79,1,200,small,False
350,18.269551038742065,689.0,1,1,40,79,1,300,small,False
351,3.644418239593506,232.0,1,1,40,79,1,200,small,False
352,4.994703769683838,239.0,1,1,40,79,1,200,small,False
353,31.09710955619812,771.0,1,1,40,79,1,200,small,False
354,3.398989200592041,243.0,1,1,40,79,1,0,small,False
355,19.371626138687134,764.0,1,1,40,79,1,200,small,False
356,3.6004984378814697,228.0,1,1,40,79,1,0,small,False
357,3.341431140899658,248.0,1,1,40,79,1,0,small,False
358,3.7141194343566895,244.0,1,1,40,79,1,200,small,False
359,14.034151315689087,734.0,1,1,40,79,1,200,small,False
360,3.9836013317108154,230.0,1,1,40,79,1,0,small,False
361,3.3407304286956787,241.0,1,1,40,79,1,0,small,False
362,31.346269369125366,543.0,1,1,40,79,1,100,small,False
363,2.65786075592041,246.0,1,1,40,79,1,0,small,False
364,3.389073371887207,232.0,1,1,40,79,1,200,small,False
365,3.288498878479004,246.0,1,1,40,79,1,0,small,False
366,3.817862033843994,234.0,1,1,40,79,1,0,small,False
367,3.4397661685943604,247.0,1,1,40,79,1,0,small,False
368,2.9139010906219482,239.0,1,1,40,79,1,200,small,False
369,3.5662519931793213,230.0,1,1,40,79,1,200,small,False
370,23.678383111953735,789.0,1,1,40,79,1,200,small,False
371,4.039087772369385,227.0,1,1,40,79,1,200,small,False
372,84.64453959465027,860.0,1,1,40,79,1,300,small,False
373,4.561499357223511,216.0,1,1,40,79,1,0,small,False
374,3.1737170219421387,242.0,1,1,40,79,1,0,small,False
375,4.4291911125183105,225.0,1,1,40,79,1,200,small,False
376,2.6297833919525146,247.0,1,1,40,79,1,0,small,False
377,57.42275142669678,936.0,1,1,40,79,1,300,small,False
378,19.851897954940796,1024.0,1,1,40,79,1,200,small,False
379,3.224473714828491,240.0,1,1,40,79,1,0,small,False
380,16.840614795684814,758.0,1,1,40,79,1,400,small,False
381,14.40976095199585,574.0,1,1,40,79,1,0,small,False
382,3.607187271118164,244.0,1,1,40,79,1,200,small,False
383,3.387322187423706,241.0,1,1,40,79,1,0,small,False
384,3.3161778450012207,246.0,1,1,40,79,1,0,small,False
385,3.2667481899261475,245.0,1,1,40,79,1,0,small,False
386,3.773066520690918,230.0,1,1,40,79,1,0,small,False
387,39.63046836853027,979.0,1,1,40,79,1,500,small,False
388,3.85522723197937,231.0,1,1,40,79,1,200,small,False
389,9.191777467727661,623.0,1,1,40,79,1,100,small,False
390,27.46770477294922,1007.0,1,1,40,79,1,200,small,False
391,14.260935306549072,1035.0,1,1,40,79,1,200,small,False
392,3.73673677444458,240.0,1,1,40,79,1,0,small,False
393,3.048262357711792,242.0,1,1,40,79,1,0,small,False
394,3.468474864959717,243.0,1,1,40,79,1,0,small,False
395,3.570744037628174,229.0,1,1,40,79,1,0,small,False
396,3.8855743408203125,226.0,1,1,40,79,1,0,small,False
397,3.559329032897949,238.0,1,1,40,79,1,200,small,False
398,3.6808266639709473,238.0,1,1,40,79,1,200,small,False
399,2.953293561935425,241.0,1,1,40,79,1,0,small,False
400,3.909928798675537,229.0,1,1,40,79,1,200,small,False
401,3.0936458110809326,249.0,1,1,40,79,1,200,small,False
402,29.83778214454651,1002.0,1,1,40,79,1,300,small,False
403,3.2979648113250732,241.0,1,1,40,79,1,0,small,False
404,4.36661696434021,229.0,1,1,40,79,1,200,small,False
405,3.6707916259765625,238.0,1,1,40,79,1,200,small,False
406,3.7393417358398438,234.0,1,1,40,79,1,200,small,False
407,4.379270792007446,230.0,1,1,40,79,1,200,small,False
408,3.6452460289001465,232.0,1,1,40,79,1,0,small,False
409,4.264682292938232,227.0,1,1,40,79,1,200,small,False
410,3.956199884414673,233.0,1,1,40,79,1,200,small,False
411,3.6988043785095215,231.0,1,1,40,79,1,200,small,False
412,3.2215256690979004,243.0,1,1,40,79,1,0,small,False
413,4.295839309692383,235.0,1,1,40,79,1,0,small,False
414,3.604919672012329,235.0,1,1,40,79,1,0,small,False
415,3.6475470066070557,242.0,1,1,40,79,1,0,small,False
416,3.7394015789031982,235.0,1,1,40,79,1,200,small,False
417,3.3981707096099854,236.0,1,1,40,79,1,0,small,False
418,3.2637510299682617,245.0,1,1,40,79,1,0,small,False
419,3.958357572555542,249.0,1,1,40,79,1,0,small,False
420,4.079921007156372,226.0,1,1,40,79,1,0,small,False
421,5.539523124694824,224.0,1,1,40,79,1,0,small,False
422,3.675330877304077,231.0,1,1,40,79,1,0,small,False
423,3.102118968963623,247.0,1,1,40,79,1,0,small,False
424,4.02708101272583,231.0,1,1,40,79,1,0,small,False
425,2.953346014022827,235.0,1,1,40,79,1,0,small,False
426,3.5638439655303955,230.0,1,1,40,79,1,200,small,False
427,3.9128739833831787,229.0,1,1,40,79,1,0,small,False
428,2.9234373569488525,246.0,1,1,40,79,1,0,small,False
429,3.6204686164855957,243.0,1,1,40,79,1,200,small,False
430,3.5705368518829346,231.0,1,1,40,79,1,0,small,False
431,3.91951847076416,222.0,1,1,40,79,1,0,small,False
432,3.824000835418701,229.0,1,1,40,79,1,0,small,False
433,3.734297752380371,230.0,1,1,40,79,1,200,small,False
434,17.80222749710083,582.0,1,1,40,79,1,300,small,False
435,3.1610496044158936,244.0,1,1,40,79,1,0,small,False
436,2.6159942150115967,248.0,1,1,40,79,1,0,small,False
437,24.497344732284546,787.0,1,1,40,79,1,300,small,False
438,3.4019103050231934,246.0,1,1,40,79,1,0,small,False
439,23.727309942245483,788.0,1,1,40,79,1,400,small,False
440,4.041867017745972,233.0,1,1,40,79,1,200,small,False
441,3.130125045776367,235.0,1,1,40,79,1,200,small,False
442,4.0255348682403564,227.0,1,1,40,79,1,0,small,False
443,3.7362070083618164,226.0,1,1,40,79,1,0,small,False
444,3.8304030895233154,232.0,1,1,40,79,1,0,small,False
445,33.61189794540405,766.0,1,1,40,79,1,300,small,False
446,3.319037437438965,246.0,1,1,40,79,1,200,small,False
447,7.4411232471466064,219.0,1,1,40,79,1,0,small,False
448,3.3858156204223633,242.0,1,1,40,79,1,200,small,False
449,3.391541004180908,237.0,1,1,40,79,1,200,small,False
450,13.015924453735352,631.0,1,1,40,79,1,300,small,False
451,74.0366461277008,898.0,1,1,40,79,1,400,small,False
452,3.535952091217041,232.0,1,1,40,79,1,0,small,False
453,130.25196933746338,558.0,1,1,898,79,2,500,small,False
454,129.2729320526123,557.0,1,1,897,102,2,600,small,False
455,2.689955234527588,246.0,1,1,40,79,1,0,small,False
456,4.007193326950073,234.0,1,1,40,79,1,200,small,False
457,3.4927144050598145,239.0,1,1,40,79,1,0,small,False
458,3.699033498764038,245.0,1,1,40,79,1,200,small,False
459,18.55943274497986,623.0,1,1,40,79,1,100,small,False
460,3.778209686279297,243.0,1,1,40,79,1,200,small,False
461,3.4821202754974365,236.0,1,1,40,79,1,200,small,False
462,3.4397170543670654,242.0,1,1,40,79,1,0,small,False
463,3.3466060161590576,239.0,1,1,40,79,1,0,small,False
464,3.2160933017730713,243.0,1,1,40,79,1,0,small,False
465,23.200679302215576,561.0,1,1,40,79,1,100,small,False
466,3.5669262409210205,246.0,1,1,40,79,1,0,small,False
467,3.564359664916992,240.0,1,1,40,79,1,0,small,False
468,3.292943239212036,242.0,1,1,40,79,1,0,small,False
469,4.24065637588501,234.0,1,1,40,79,1,0,small,False
470,2.911071300506592,250.0,1,1,40,79,1,200,small,False
471,3.8499808311462402,246.0,1,1,40,79,1,0,small,False
472,4.1910622119903564,231.0,1,1,40,79,1,200,small,False
473,2.7420194149017334,251.0,1,1,40,79,1,0,small,False
474,3.2210443019866943,240.0,1,1,40,79,1,200,small,False
475,3.737792730331421,239.0,1,1,40,79,1,200,small,False
476,3.083232879638672,244.0,1,1,40,79,1,200,small,False
477,3.8154563903808594,240.0,1,1,40,79,1,0,small,False
478,3.173776388168335,247.0,1,1,40,79,1,0,small,False
479,26.800008535385132,781.0,1,1,40,79,1,300,small,False
480,2.875761032104492,250.0,1,1,40,79,1,200,small,False
481,3.5251076221466064,239.0,1,1,40,79,1,0,small,False
482,4.6664512157440186,239.0,1,1,40,79,1,0,small,False
483,3.466769218444824,230.0,1,1,40,79,1,0,small,False
484,5.431352853775024,244.0,1,1,40,79,1,200,small,False
485,2.9996140003204346,246.0,1,1,40,79,1,0,small,False
486,6.914766311645508,609.0,1,1,40,79,1,100,small,False
487,3.1300504207611084,244.0,1,1,40,79,1,0,small,False
488,3.4349024295806885,242.0,1,1,40,79,1,0,small,False
489,4.048868894577026,231.0,1,1,40,79,1,200,small,False
490,3.2191519737243652,243.0,1,1,40,79,1,0,small,False
491,129.4812469482422,382.0,1,1,722,100,2,200,small,False
492,3.6437125205993652,246.0,1,1,40,79,1,0,small,False
493,2.654913902282715,248.0,1,1,40,79,1,0,small,False
494,15.301927089691162,632.0,1,1,40,79,1,100,small,False
495,25.29567527770996,1091.0,1,1,40,79,1,200,small,False
496,19.700982332229614,608.0,1,1,40,79,1,0,small,False
497,129.88686752319336,558.0,1,1,898,79,2,700,small,False
498,3.0149383544921875,247.0,1,1,40,79,1,0,small,False
499,3.7043449878692627,230.0,1,1,40,79,1,200,small,False
500,4.87980842590332,231.0,1,1,40,79,1,0,small,False
501,5.659882545471191,241.0,1,1,40,79,1,200,small,False
502,4.690475702285767,225.0,1,1,40,79,1,0,small,False
503,4.099610090255737,238.0,1,1,40,79,1,0,small,False
504,3.131751298904419,245.0,1,1,40,79,1,0,small,False
505,3.089156150817871,243.0,1,1,40,79,1,0,small,False
506,3.48675799369812,234.0,1,1,40,79,1,0,small,False
507,3.9007248878479004,244.0,1,1,40,79,1,200,small,False
508,3.213778257369995,234.0,1,1,40,79,1,0,small,False
509,8.444522380828857,602.0,1,1,40,79,1,300,small,False
510,3.775909900665283,235.0,1,1,40,79,1,0,small,False
511,4.473289966583252,221.0,1,1,40,79,1,200,small,False
512,3.5231916904449463,231.0,1,1,40,79,1,0,small,False
513,4.2834367752075195,230.0,1,1,40,79,1,200,small,False
514,2.797170400619507,245.0,1,1,40,79,1,0,small,False
515,9.318517923355103,588.0,1,1,40,79,1,100,small,False
516,4.4179627895355225,243.0,1,1,40,79,1,200,small,False
517,3.3049049377441406,245.0,1,1,40,79,1,200,small,False
518,3.311173439025879,243.0,1,1,40,79,1,0,small,False
519,2.968489170074463,248.0,1,1,40,79,1,0,small,False
520,2.916273355484009,246.0,1,1,40,79,1,0,small,False
521,4.14814019203186,231.0,1,1,40,79,1,0,small,False
522,3.909114360809326,230.0,1,1,40,79,1,0,small,False
523,3.2696895599365234,241.0,1,1,40,79,1,0,small,False
524,3.580456018447876,241.0,1,1,40,79,1,0,small,False
525,117.00118732452393,571.0,1,1,40,79,1,100,small,False
526,3.534398317337036,234.0,1,1,40,79,1,0,small,False
527,3.7399752140045166,240.0,1,1,40,79,1,0,small,False
528,3.055771589279175,244.0,1,1,40,79,1,0,small,False
529,27.40653705596924,1008.0,1,1,40,79,1,300,small,False
530,3.7001876831054688,233.0,1,1,40,79,1,200,small,False
531,3.0570333003997803,234.0,1,1,40,79,1,0,small,False
532,89.5524742603302,887.0,1,1,40,79,1,300,small,False
533,3.7935283184051514,247.0,1,1,40,79,1,0,small,False
534,129.79076433181763,382.0,1,1,722,101,2,200,small,False
535,3.2561047077178955,240.0,1,1,40,79,1,0,small,False
536,3.2282025814056396,236.0,1,1,40,79,1,0,small,False
537,3.987865924835205,222.0,1,1,40,79,1,0,small,False
538,3.6186373233795166,237.0,1,1,40,79,1,0,small,False
539,3.4328532218933105,248.0,1,1,40,79,1,0,small,False
540,3.351402997970581,240.0,1,1,40,79,1,0,small,False
541,3.6946916580200195,240.0,1,1,40,79,1,0,small,False
542,29.53709387779236,1044.0,1,1,40,79,1,200,small,False
543,3.991926670074463,227.0,1,1,40,79,1,0,small,False
544,4.353234529495239,233.0,1,1,40,79,1,0,small,False
545,3.657648801803589,237.0,1,1,40,79,1,200,small,False
546,2.9256632328033447,245.0,1,1,40,79,1,200,small,False
547,3.390073537826538,235.0,1,1,40,79,1,200,small,False
548,20.4316463470459,723.0,1,1,40,79,1,100,small,False
549,3.5561981201171875,246.0,1,1,40,79,1,200,small,False
550,3.356444835662842,236.0,1,1,40,79,1,200,small,False
551,3.6166903972625732,235.0,1,1,40,79,1,200,small,False
552,3.5919671058654785,237.0,1,1,40,79,1,0,small,False
553,3.483442544937134,234.0,1,1,40,79,1,0,small,False
554,4.353029251098633,238.0,1,1,40,79,1,200,small,False
555,3.686204433441162,238.0,1,1,40,79,1,0,small,False
556,4.678606033325195,235.0,1,1,40,79,1,0,small,False
557,140.12612771987915,378.0,1,1,718,79,2,100,small,False
558,4.381187677383423,241.0,1,1,40,79,1,200,small,False
559,4.394083261489868,233.0,1,1,40,79,1,0,small,False
560,3.5683252811431885,238.0,1,1,40,79,1,0,small,False
561,4.082451343536377,248.0,1,1,40,79,1,0,small,False
562,3.888091564178467,233.0,1,1,40,79,1,0,small,False
563,129.80386328697205,1102.0,1,1,1320,79,1,400,small,False
564,7.568541049957275,226.0,1,1,40,79,1,0,small,False
565,142.4045970439911,378.0,1,1,718,119,2,100,small,False
566,7.37069296836853,151.0,1,1,40,79,1,0,small,False
567,7.089452266693115,172.0,1,1,40,79,1,0,small,False
568,7.9344329833984375,156.0,1,1,40,79,1,0,small,False
569,155.82627964019775,382.0,1,1,722,79,2,200,small,False
570,4.172750473022461,231.0,1,1,40,79,1,0,small,False
571,151.36975359916687,382.0,1,1,722,111,2,200,small,False
572,15.478566884994507,780.0,1,1,40,79,1,100,small,False
573,146.90598392486572,382.0,1,1,722,89,2,100,small,False
574,4.016129970550537,232.0,1,1,40,79,1,0,small,False
575,16.98076367378235,633.0,1,1,40,79,1,0,small,False
576,148.53928804397583,378.0,1,1,718,105,2,300,small,False
577,4.553284406661987,228.0,1,1,40,79,1,0,small,False
578,5.270242929458618,242.0,1,1,40,79,1,0,small,False
579,10.401468753814697,63.0,1,1,40,79,1,0,small,False
580,15.045661687850952,29.0,1,1,40,79,1,0,small,False
581,3.645556926727295,237.0,1,1,40,79,1,0,small,False
582,9.94629192352295,75.0,1,1,40,79,1,0,small,False
583,124.89459013938904,397.0,1,1,40,79,1,300,small,False
584,7.471385955810547,121.0,1,1,40,79,1,0,small,False
585,98.42642712593079,615.0,1,1,40,79,1,300,small,False
586,9.734905481338501,46.0,1,1,40,79,1,0,small,False
587,68.47249221801758,509.0,1,1,40,79,1,300,small,False
588,28.846186876296997,777.0,1,1,40,79,1,400,small,False
589,19.021234035491943,603.0,1,1,40,79,1,0,small,False
590,28.252840995788574,557.0,1,1,40,79,1,0,small,False
591,8.060222864151001,103.0,1,1,40,79,1,0,small,False
592,30.972345113754272,661.0,1,1,40,79,1,200,small,False
593,8.293450832366943,80.0,1,1,40,79,1,0,small,False
594,16.40251851081848,591.0,1,1,40,79,1,0,small,False
595,34.67093467712402,1084.0,1,1,40,79,1,300,small,False
596,8.867542505264282,71.0,1,1,40,79,1,0,small,False
597,3.35211443901062,223.0,1,1,40,79,1,0,small,False
598,38.96425414085388,979.0,1,1,40,79,1,300,small,False
599,33.506797552108765,698.0,1,1,40,79,1,0,small,False
600,18.106009244918823,701.0,1,1,40,79,1,100,small,False601,24.393173933029175,1292.0,1,1,1320,79,1,0,small,False
602,47.948134899139404,730.0,1,1,40,79,1,0,small,False
603,18.20045018196106,1039.0,1,1,40,79,1,200,small,False
604,53.53735709190369,662.0,1,1,40,79,1,200,small,False
605,8.82647156715393,590.0,1,1,40,79,1,0,small,False
606,27.063605546951294,700.0,1,1,40,79,1,200,small,False
607,3.1734743118286133,239.0,1,1,40,79,1,0,small,False
608,34.576661348342896,685.0,1,1,40,79,1,200,small,False
609,67.40042567253113,1196.0,1,1,1320,79,1,400,small,False
610,6.5960001945495605,155.0,1,1,40,79,1,0,small,False
611,54.974867820739746,717.0,1,1,40,79,1,200,small,False
612,45.94018530845642,972.0,1,1,40,79,1,500,small,False
613,3.289999008178711,235.0,1,1,40,79,1,0,small,False
614,33.07467198371887,767.0,1,1,40,79,1,300,small,False
615,18.482998371124268,612.0,1,1,40,79,1,100,small,False
616,41.99033737182617,687.0,1,1,40,79,1,100,small,False
617,108.1330497264862,832.0,1,1,40,79,1,400,small,False
618,55.207083225250244,715.0,1,1,40,79,1,300,small,False
619,35.93014740943909,689.0,1,1,40,79,1,400,small,False
620,20.32765555381775,620.0,1,1,40,79,1,100,small,False
621,3.3892428874969482,239.0,1,1,40,79,1,0,small,False
622,49.077773332595825,961.0,1,1,40,79,1,1200,small,False
623,83.11427593231201,886.0,1,1,40,79,1,300,small,False
624,4.4671173095703125,191.0,1,1,40,79,1,0,small,False
625,2.6679532527923584,248.0,1,1,40,79,1,0,small,False
626,97.75643634796143,844.0,1,1,40,79,1,400,small,False
627,3.177720785140991,250.0,1,1,40,79,1,200,small,False
628,26.63836359977722,606.0,1,1,40,79,1,300,small,False
629,21.994001150131226,599.0,1,1,40,79,1,0,small,False
630,34.50519371032715,546.0,1,1,40,79,1,100,small,False
631,49.28862547874451,652.0,1,1,40,79,1,200,small,False
632,23.56418800354004,613.0,1,1,40,79,1,200,small,False
633,22.04308295249939,792.0,1,1,40,79,1,0,small,False
634,58.173643589019775,946.0,1,1,40,79,1,400,small,False
635,50.11388325691223,954.0,1,1,40,79,1,200,small,False
636,25.037660121917725,785.0,1,1,40,79,1,100,small,False
637,20.2158043384552,621.0,1,1,40,79,1,100,small,False
638,17.791983604431152,626.0,1,1,40,79,1,0,small,False
639,30.241817951202393,718.0,1,1,40,79,1,100,small,False
640,12.91867733001709,597.0,1,1,40,79,1,100,small,False
641,7.385665416717529,95.0,1,1,40,79,1,0,small,False
642,4.923649311065674,176.0,1,1,40,79,1,0,small,False
643,129.29736948013306,193.0,1,1,533,89,2,0,small,False
644,51.23460030555725,548.0,1,1,40,79,1,0,small,False
645,2.708867311477661,246.0,1,1,40,79,1,0,small,False
646,7.648237943649292,99.0,1,1,40,79,1,0,small,False
647,129.43206691741943,558.0,1,1,898,113,2,300,small,False
648,22.091817140579224,1009.0,1,1,40,79,1,400,small,False
649,61.80346918106079,684.0,1,1,40,79,1,300,small,False
650,3.1386353969573975,229.0,1,1,40,79,1,0,small,False
651,2.796269178390503,238.0,1,1,40,79,1,0,small,False
652,129.23199892044067,554.0,1,1,894,101,2,500,small,False
653,129.5155725479126,382.0,1,1,722,88,2,200,small,False
654,129.17862391471863,254.0,1,1,594,93,2,300,small,False
655,49.99489712715149,1244.0,1,1,1320,79,1,400,small,False
656,83.8676860332489,650.0,1,1,40,79,1,300,small,False
657,10.287020206451416,3.0,1,1,40,79,1,0,small,False
658,42.59131741523743,970.0,1,1,40,79,1,400,small,False
659,2.5758044719696045,247.0,1,1,40,79,1,0,small,False
660,22.17865753173828,564.0,1,1,40,79,1,100,small,False
661,2.5804474353790283,247.0,1,1,40,79,1,0,small,False
662,2.6178884506225586,248.0,1,1,40,79,1,0,small,False
663,6.319269418716431,150.0,1,1,40,79,1,0,small,False
664,129.484601020813,558.0,1,1,898,97,2,300,small,False
665,17.36539101600647,764.0,1,1,40,79,1,200,small,False
666,58.105801582336426,707.0,1,1,40,79,1,400,small,False
667,2.9843173027038574,249.0,1,1,40,79,1,0,small,False
668,2.9890897274017334,232.0,1,1,40,79,1,0,small,False
669,3.213287830352783,245.0,1,1,40,79,1,0,small,False
670,129.04026198387146,382.0,1,1,722,108,2,200,small,False
671,129.04304456710815,381.0,1,1,722,79,2,100,small,False
672,18.29214119911194,206.0,1,1,40,79,1,0,small,False
673,28.377334594726562,735.0,1,1,40,79,1,300,small,False
674,12.867359638214111,638.0,1,1,40,79,1,0,small,False
675,67.96006751060486,910.0,1,1,40,79,1,500,small,False
676,11.536426067352295,575.0,1,1,40,79,1,300,small,False
677,32.14843463897705,666.0,1,1,40,79,1,200,small,False
678,129.26444935798645,378.0,1,1,718,79,2,100,small,False
679,129.49433159828186,382.0,1,1,722,114,2,100,small,False
680,128.4192533493042,379.0,1,1,720,89,2,100,small,False
681,129.37515950202942,382.0,1,1,722,102,2,100,small,False
682,95.3942244052887,837.0,1,1,40,79,1,500,small,False
683,110.36389374732971,480.0,1,1,40,79,1,100,small,False
684,3.9996531009674072,245.0,1,1,40,79,1,0,small,False
685,128.66295647621155,385.0,1,1,722,83,2,1400,tall,False
686,69.59217238426208,477.0,1,1,40,79,1,100,small,False
687,42.778544187545776,633.0,1,1,40,79,1,0,small,False
688,82.5178325176239,1153.0,1,1,1320,79,1,400,small,False
689,129.28871607780457,378.0,1,1,718,84,2,100,small,False
690,129.29688620567322,382.0,1,1,722,79,2,0,small,False
691,129.6034712791443,382.0,1,1,722,118,2,0,small,False
692,129.61172223091125,374.0,1,1,714,84,2,100,small,False
693,129.638432264328,208.0,1,1,545,79,2,1400,tall,False
694,30.83891487121582,577.0,1,1,40,79,1,200,small,False
695,18.56978726387024,624.0,1,1,40,79,1,100,small,False
696,15.329508781433105,585.0,1,1,40,79,1,0,small,False
697,129.5385639667511,382.0,1,1,722,127,2,200,small,False
698,2.882848024368286,249.0,1,1,40,79,1,0,small,False
699,52.82130789756775,654.0,1,1,40,79,1,0,small,False
700,2.834226369857788,241.0,1,1,40,79,1,0,small,False
701,2.5777628421783447,249.0,1,1,40,79,1,0,small,False
702,129.69839811325073,382.0,1,1,722,79,2,300,small,False
703,2.7401926517486572,247.0,1,1,40,79,1,0,small,False
704,2.7818496227264404,248.0,1,1,40,79,1,0,small,False
705,129.5954303741455,558.0,1,1,898,117,2,400,small,False
706,129.92554378509521,382.0,1,1,722,108,2,300,small,False
707,2.7820866107940674,251.0,1,1,40,79,1,0,small,False
708,129.80674195289612,380.0,1,1,720,79,2,500,small,False
709,129.92845010757446,380.0,1,1,720,119,2,100,small,False
710,129.93920183181763,382.0,1,1,722,93,2,300,small,False
711,3.438154697418213,228.0,1,1,40,79,1,0,small,False
712,129.76670670509338,382.0,1,1,722,89,2,100,small,False
713,2.8290274143218994,250.0,1,1,40,79,1,0,small,False
714,129.8811342716217,381.0,1,1,722,101,2,100,small,False
715,2.7479989528656006,247.0,1,1,40,79,1,0,small,False
716,10.721216917037964,591.0,1,1,40,79,1,100,small,False
717,129.88242936134338,382.0,1,1,721,79,2,0,small,False
718,2.796030044555664,244.0,1,1,40,79,1,200,small,False
719,129.83157658576965,382.0,1,1,722,98,2,0,small,False
720,84.36732411384583,648.0,1,1,40,79,1,500,small,False
721,129.55460023880005,534.0,1,1,873,79,2,300,small,False
722,2.8783750534057617,245.0,1,1,40,79,1,0,small,False
723,108.32198214530945,822.0,1,1,40,79,1,100,small,False
724,2.977820634841919,246.0,1,1,40,79,1,0,small,False
725,129.7042715549469,558.0,1,1,898,79,2,800,small,False
726,47.688061475753784,697.0,1,1,40,79,1,100,small,False
727,76.69764471054077,895.0,1,1,40,79,1,300,small,False
728,130.14461612701416,382.0,1,1,722,79,2,100,small,False
729,106.20734882354736,530.0,1,1,40,79,1,100,small,False
730,32.88877511024475,673.0,1,1,40,79,1,0,small,False
731,128.49181032180786,547.0,1,1,40,79,1,200,small,False
732,130.08022785186768,382.0,1,1,722,98,2,100,small,False
733,129.90086936950684,382.0,1,1,722,82,2,300,small,False
734,130.1382122039795,558.0,1,1,898,93,2,500,small,False
735,129.6913161277771,334.0,1,1,673,93,2,0,small,False
736,3.9362680912017822,215.0,1,1,40,79,1,0,small,False
737,4.505629777908325,206.0,1,1,40,79,1,200,small,False
738,129.82233810424805,558.0,1,1,898,89,2,400,small,False
739,129.927983045578,382.0,1,1,722,101,2,100,small,False
740,121.22093939781189,793.0,1,1,40,79,1,300,small,False
741,27.222214698791504,604.0,1,1,40,79,1,100,small,False
742,98.22515964508057,1129.0,1,1,1320,79,1,400,small,False
743,4.66571569442749,198.0,1,1,40,79,1,200,small,False
744,2.930959463119507,243.0,1,1,40,79,1,0,small,False
745,69.33950543403625,609.0,1,1,40,79,1,200,small,False
746,129.6163513660431,382.0,1,1,722,132,2,0,small,False
747,2.9119174480438232,246.0,1,1,40,79,1,0,small,False
748,3.847668170928955,221.0,1,1,40,79,1,0,small,False
749,129.3127522468567,380.0,1,1,721,79,2,100,small,False
750,3.290062189102173,244.0,1,1,40,79,1,0,small,False
751,3.2736148834228516,240.0,1,1,40,79,1,0,small,False
752,129.31746411323547,382.0,1,1,722,92,2,100,small,False
753,82.4685492515564,1170.0,1,1,1320,79,1,100,small,False
754,129.02740931510925,250.0,1,1,590,84,2,100,small,False
755,2.9045944213867188,252.0,1,1,40,79,1,0,small,False
756,122.96323680877686,558.0,1,1,40,79,1,300,small,False
757,2.9845383167266846,247.0,1,1,40,79,1,0,small,False
758,129.38036966323853,382.0,1,1,722,79,2,0,small,False
759,72.05330038070679,909.0,1,1,40,79,1,1300,small,False
760,19.459567546844482,622.0,1,1,40,79,1,100,small,False
761,129.31452989578247,382.0,1,1,722,85,2,100,small,False
762,129.3587007522583,379.0,1,1,719,79,2,300,small,False
763,129.37333393096924,380.0,1,1,720,101,2,100,small,False
764,129.04514694213867,247.0,1,1,586,89,2,300,small,False
765,129.54237031936646,385.0,1,1,722,105,2,1250,tall,False
766,129.25007462501526,381.0,1,1,721,93,2,200,small,False
767,129.28472113609314,97.0,1,1,434,79,2,1150,tall,False
768,129.45534801483154,382.0,1,1,722,79,2,200,small,False
769,3.038337469100952,244.0,1,1,40,79,1,0,small,False
770,129.75069952011108,381.0,1,1,721,99,2,0,small,False
771,9.983627557754517,596.0,1,1,40,79,1,0,small,False
772,11.731287956237793,640.0,1,1,40,79,1,0,small,False
773,129.43769001960754,382.0,1,1,722,108,2,100,small,False
774,129.40139412879944,302.0,1,1,640,125,2,1000,tall,False
775,3.6437389850616455,228.0,1,1,40,79,1,0,small,False
776,5.548541784286499,170.0,1,1,40,79,1,0,small,False
777,2.977736473083496,239.0,1,1,40,79,1,0,small,False
778,3.010438919067383,243.0,1,1,40,79,1,0,small,False
779,129.92692351341248,382.0,1,1,722,79,2,300,small,False
780,129.49422812461853,382.0,1,1,722,79,2,100,small,False
781,129.58607721328735,558.0,1,1,898,115,2,200,small,False
782,129.82755661010742,366.0,1,1,706,115,2,0,small,False
783,8.028095006942749,609.0,1,1,40,79,1,100,small,False
784,129.77852821350098,253.0,1,1,590,111,2,1400,tall,False
785,2.535095453262329,249.0,1,1,40,79,1,0,small,False
786,2.889599084854126,250.0,1,1,40,79,1,200,small,False
787,3.574946403503418,231.0,1,1,40,79,1,200,small,False
788,129.67146968841553,378.0,1,1,718,89,2,100,small,False
789,2.6130833625793457,246.0,1,1,40,79,1,0,small,False
790,2.543208122253418,248.0,1,1,40,79,1,0,small,False
791,3.549736261367798,234.0,1,1,40,79,1,0,small,False
792,176.64659714698792,379.0,1,1,718,79,2,200,small,False
793,3.608231544494629,246.0,1,1,40,79,1,0,small,False
794,130.29165077209473,382.0,1,1,722,84,2,100,small,False
795,129.5504891872406,107.0,1,1,445,141,2,400,small,False
796,129.55496668815613,382.0,1,1,722,96,2,100,small,False
797,129.57230043411255,44.0,1,1,381,79,2,1350,tall,False
798,129.69869375228882,106.0,1,1,446,141,2,300,small,False
799,3.5196704864501953,230.0,1,1,40,79,1,0,small,False
800,129.75977849960327,385.0,1,1,722,79,2,1350,tall,False
801,129.763569355011,174.0,1,1,515,104,2,200,small,False
802,129.83994102478027,126.0,1,1,463,111,2,1550,tall,False
803,129.757807970047,382.0,1,1,722,104,2,100,small,False
804,111.81741237640381,1119.0,1,1,1320,79,1,400,small,False
805,85.33855319023132,873.0,1,1,40,79,1,300,small,False
806,125.39504432678223,1169.0,1,1,1320,79,1,400,small,False
807,129.85670709609985,382.0,1,1,722,100,2,100,small,False
808,129.7888216972351,382.0,1,1,722,79,2,300,small,False
809,7.256792306900024,219.0,1,1,40,79,1,0,small,False
810,95.9025547504425,608.0,1,1,40,79,1,0,small,False
811,129.682035446167,384.0,1,1,721,99,2,1350,tall,False
812,129.53485083580017,4.0,1,1,344,79,2,400,small,False
813,129.7214593887329,382.0,1,1,722,116,2,100,small,False
814,129.50586581230164,126.0,1,1,466,111,2,0,small,False
815,129.65180730819702,548.0,1,1,882,79,2,1300,small,False
816,4.107989549636841,202.0,1,1,40,79,1,0,small,False
817,70.64312148094177,604.0,1,1,40,79,1,400,small,False
818,49.68243861198425,648.0,1,1,40,79,1,100,small,False
819,129.66486406326294,924.0,1,1,1266,102,2,400,small,False
820,128.04661393165588,499.0,1,1,40,79,1,0,small,False
821,129.80047702789307,453.0,1,1,792,104,2,400,small,False
822,73.50714874267578,898.0,1,1,40,79,1,400,small,False
823,129.96328139305115,97.0,1,1,434,93,2,1300,tall,False
824,75.43442392349243,623.0,1,1,40,79,1,0,small,False
825,129.9321939945221,122.0,1,1,459,111,2,1200,tall,False
826,3.0665109157562256,244.0,1,1,40,79,1,0,small,False
827,129.865327835083,26.0,1,1,363,79,2,1350,tall,False
828,129.67202758789062,34.0,1,1,371,79,2,1450,tall,False
829,3.483665704727173,230.0,1,1,40,79,1,0,small,False
830,2.7991302013397217,250.0,1,1,40,79,1,0,small,False
831,3.502775192260742,245.0,1,1,40,79,1,0,small,False
832,129.9807848930359,373.0,1,1,713,127,2,0,small,False
833,129.6528136730194,382.0,1,1,722,120,2,0,small,False
834,69.58353114128113,676.0,1,1,40,79,1,200,small,False
835,130.00789999961853,375.0,1,1,716,84,2,200,small,False
836,129.74021553993225,558.0,1,1,898,112,2,400,small,False
837,129.8356535434723,381.0,1,1,721,112,2,0,small,False
838,129.63817381858826,298.0,1,1,638,79,2,0,small,False
839,129.5715024471283,252.0,1,1,592,101,2,100,small,False
840,129.6775918006897,491.0,1,1,832,112,2,600,small,False
841,3.0497820377349854,245.0,1,1,40,79,1,0,small,False
842,129.57335996627808,253.0,1,1,593,79,2,500,small,False
843,129.80806040763855,434.0,1,1,776,117,2,0,small,False
844,129.61079239845276,380.0,1,1,720,115,2,0,small,False
845,130.11640691757202,375.0,1,1,715,96,2,100,small,False
846,129.6429045200348,113.0,1,1,453,130,2,200,small,False
847,4.9246580600738525,204.0,1,1,40,79,1,0,small,False
848,129.6084806919098,254.0,1,1,594,106,2,100,small,False
849,3.541139602661133,235.0,1,1,40,79,1,0,small,False
850,129.71463584899902,198.0,1,1,537,106,2,400,small,False
851,129.6757128238678,115.0,1,1,454,111,2,400,small,False
852,130.01635670661926,94.0,1,1,434,102,2,200,small,False
853,74.85991835594177,920.0,1,1,40,79,1,500,small,False
854,4.097543716430664,234.0,1,1,40,79,1,0,small,False
855,67.57165169715881,633.0,1,1,40,79,1,400,small,False
856,82.53484535217285,649.0,1,1,40,79,1,300,small,False
857,74.35858130455017,599.0,1,1,40,79,1,400,small,False
858,58.34429168701172,960.0,1,1,40,79,1,200,small,False
859,129.57258129119873,558.0,1,1,898,98,2,500,small,False
860,8.325145483016968,158.0,1,1,40,79,1,0,small,False
861,59.664299726486206,661.0,1,1,40,79,1,0,small,False
862,2.6678545475006104,248.0,1,1,40,79,1,0,small,False
863,4.5726776123046875,185.0,1,1,40,79,1,0,small,False
864,129.89904689788818,219.0,1,1,556,79,2,1250,tall,False
865,119.72853469848633,566.0,1,1,40,79,1,300,small,False
866,129.66595220565796,564.0,1,1,898,79,2,1500,small,False
867,129.69594860076904,254.0,1,1,594,79,2,100,small,False
868,76.84104013442993,601.0,1,1,40,79,1,200,small,False
869,2.9677183628082275,248.0,1,1,40,79,1,200,small,False
870,100.54089546203613,1122.0,1,1,1320,79,1,100,small,False
871,66.13244128227234,1015.0,1,1,40,79,1,300,small,False
872,5.012687921524048,210.0,1,1,40,79,1,0,small,False
873,58.329970598220825,1224.0,1,1,1320,79,1,1250,small,False
874,88.13247299194336,607.0,1,1,40,79,1,100,small,False
875,44.71902370452881,1069.0,1,1,40,79,1,500,small,False
876,125.54051566123962,494.0,1,1,40,79,1,100,small,False
877,5.372250556945801,169.0,1,1,40,79,1,0,small,False
878,4.629190683364868,190.0,1,1,40,79,1,0,small,False
879,5.593423843383789,166.0,1,1,40,79,1,0,small,False
880,119.89919567108154,471.0,1,1,40,79,1,200,small,False
881,5.9923255443573,140.0,1,1,40,79,1,0,small,False
882,60.149401903152466,949.0,1,1,40,79,1,300,small,False
883,7.941023349761963,95.0,1,1,40,79,1,0,small,False
884,129.90633821487427,558.0,1,1,898,79,2,300,small,False
885,80.5556538105011,658.0,1,1,40,79,1,200,small,False
886,106.93864011764526,815.0,1,1,40,79,1,0,small,False
887,72.57863736152649,919.0,1,1,40,79,1,200,small,False
888,56.57404804229736,932.0,1,1,40,79,1,400,small,False
889,90.07848072052002,618.0,1,1,40,79,1,300,small,False
890,4.235622882843018,199.0,1,1,40,79,1,0,small,False
891,96.14992618560791,1131.0,1,1,1320,79,1,400,small,False
892,56.61179566383362,1817.0,1,1,1320,79,1,800,small,False
893,129.81746530532837,253.0,1,1,592,99,2,0,small,False
894,4.088312864303589,201.0,1,1,40,79,1,0,small,False
895,5.86043119430542,150.0,1,1,40,79,1,0,small,False
896,97.66539335250854,843.0,1,1,40,79,1,100,small,False
897,85.76263618469238,1178.0,1,1,1320,79,1,300,small,False
898,108.1122374534607,824.0,1,1,40,79,1,100,small,False
899,3.190622329711914,243.0,1,1,40,79,1,0,small,False
900,3.7454309463500977,230.0,1,1,40,79,1,0,small,False
901,86.85740160942078,639.0,1,1,40,79,1,200,small,False
902,85.4570689201355,1157.0,1,1,1320,79,1,100,small,False
903,129.7957112789154,177.0,1,1,517,89,2,200,small,False
904,73.20233583450317,656.0,1,1,40,79,1,100,small,False
905,129.6630527973175,239.0,1,1,579,130,2,200,small,False
906,129.83437728881836,91.0,1,1,431,98,2,300,small,False
907,121.00032186508179,514.0,1,1,40,79,1,200,small,False
908,4.028263330459595,234.0,1,1,40,79,1,200,small,False
909,6.4010231494903564,226.0,1,1,40,79,1,0,small,False
910,3.089479923248291,244.0,1,1,40,79,1,0,small,False
911,2.777343988418579,245.0,1,1,40,79,1,0,small,False
912,3.1652772426605225,246.0,1,1,40,79,1,0,small,False
913,3.119793653488159,243.0,1,1,40,79,1,200,small,False
914,3.5938477516174316,232.0,1,1,40,79,1,0,small,False
915,3.017894744873047,248.0,1,1,40,79,1,0,small,False
916,3.6472697257995605,237.0,1,1,40,79,1,0,small,False
917,81.54145956039429,661.0,1,1,40,79,1,1450,small,False
918,3.4829280376434326,246.0,1,1,40,79,1,0,small,False
919,129.81786608695984,89.0,1,1,430,79,2,100,small,False
920,120.38210940361023,565.0,1,1,40,79,1,400,small,False
921,4.138784170150757,224.0,1,1,40,79,1,0,small,False
922,62.44301080703735,1221.0,1,1,1320,79,1,400,small,False
923,3.1258275508880615,239.0,1,1,40,79,1,0,small,False
924,80.07745718955994,910.0,1,1,40,79,1,0,small,False
925,42.47120118141174,569.0,1,1,40,79,1,400,small,False
926,107.38469791412354,819.0,1,1,40,79,1,0,small,False
927,3.4795420169830322,238.0,1,1,40,79,1,0,small,False
928,3.3856046199798584,239.0,1,1,40,79,1,200,small,False
929,11.444437980651855,607.0,1,1,40,79,1,100,small,False
930,3.279197931289673,241.0,1,1,40,79,1,0,small,False
931,129.84310388565063,550.0,1,1,893,96,2,600,small,False
932,3.930751323699951,227.0,1,1,40,79,1,0,small,False
933,129.7581033706665,499.0,1,1,839,141,2,100,small,False
934,7.9965150356292725,227.0,1,1,40,79,1,0,small,False
935,3.6610300540924072,234.0,1,1,40,79,1,0,small,False
936,129.64265871047974,254.0,1,1,594,93,2,200,small,False
937,129.74745678901672,255.0,1,1,595,125,2,100,small,False
938,4.704178810119629,201.0,1,1,40,79,1,0,small,False
939,129.8873279094696,88.0,1,1,428,79,2,300,small,False
940,6.2561585903167725,147.0,1,1,40,79,1,0,small,False
941,3.0647494792938232,235.0,1,1,40,79,1,0,small,False
942,2.7227020263671875,251.0,1,1,40,79,1,0,small,False
943,129.6784279346466,97.0,1,1,434,99,2,1650,tall,False
944,129.86316537857056,157.0,1,1,497,106,2,0,small,False
945,3.0554516315460205,240.0,1,1,40,79,1,0,small,False
946,2.892606258392334,235.0,1,1,40,79,1,0,small,False
947,3.0505051612854004,237.0,1,1,40,79,1,0,small,False
948,4.258298635482788,209.0,1,1,40,79,1,0,small,False
949,129.71102356910706,94.0,1,1,434,101,2,100,small,False
950,4.760317087173462,197.0,1,1,40,79,1,0,small,False
951,2.8092050552368164,242.0,1,1,40,79,1,0,small,False
952,3.251793622970581,231.0,1,1,40,79,1,0,small,False
953,3.324105739593506,239.0,1,1,40,79,1,0,small,False
954,3.212738275527954,238.0,1,1,40,79,1,0,small,False
955,129.68168377876282,97.0,1,1,434,79,2,1400,tall,False
956,6.585013151168823,143.0,1,1,40,79,1,0,small,False
957,3.3250675201416016,248.0,1,1,40,79,1,0,small,False
958,7.263437509536743,132.0,1,1,40,79,1,0,small,False
959,129.68734192848206,96.0,1,1,433,79,2,1450,tall,False
960,108.4574966430664,556.0,1,1,40,79,1,0,small,False
961,129.57811093330383,112.0,1,1,449,144,2,1300,tall,False
962,129.86537170410156,93.0,1,1,431,79,2,1450,tall,False
963,4.70503568649292,191.0,1,1,40,79,1,0,small,False
964,87.09119176864624,871.0,1,1,40,79,1,400,small,False
965,129.66223859786987,104.0,1,1,444,111,2,100,small,False
966,4.2713141441345215,216.0,1,1,40,79,1,200,small,False
967,17.15288805961609,168.0,1,1,40,79,1,0,small,False
968,3.32795786857605,237.0,1,1,40,79,1,0,small,False
969,3.6225602626800537,229.0,1,1,40,79,1,0,small,False
970,108.23798274993896,830.0,1,1,40,79,1,300,small,False
971,42.448586225509644,978.0,1,1,40,79,1,0,small,False
972,74.37567687034607,1181.0,1,1,1320,79,1,200,small,False
973,62.947391748428345,936.0,1,1,40,79,1,100,small,False
974,3.2836151123046875,246.0,1,1,40,79,1,0,small,False
975,60.86252164840698,940.0,1,1,40,79,1,300,small,False
976,4.157460927963257,225.0,1,1,40,79,1,0,small,False
977,4.0694420337677,232.0,1,1,40,79,1,0,small,False
978,126.45298337936401,515.0,1,1,40,79,1,500,small,False
979,80.96976685523987,625.0,1,1,40,79,1,300,small,False
980,13.77638578414917,182.0,1,1,40,79,1,0,small,False
981,5.172632217407227,203.0,1,1,40,79,1,0,small,False
982,81.83287692070007,869.0,1,1,40,79,1,500,small,False
983,129.62640571594238,382.0,1,1,722,127,2,300,small,False
984,5.79095196723938,205.0,1,1,40,79,1,0,small,False
985,94.1661765575409,922.0,1,1,40,79,1,300,small,False
986,93.11634731292725,551.0,1,1,40,79,1,1500,small,False
987,4.999115943908691,192.0,1,1,40,79,1,0,small,False
988,95.3764340877533,858.0,1,1,40,79,1,100,small,False
989,42.7544150352478,703.0,1,1,40,79,1,100,small,False
990,33.972678899765015,990.0,1,1,40,79,1,300,small,False
991,49.88977384567261,675.0,1,1,40,79,1,200,small,False
992,44.03367280960083,1037.0,1,1,40,79,1,1600,small,False
993,43.29214000701904,1252.0,1,1,1320,79,1,100,small,False
994,91.78049540519714,902.0,1,1,40,79,1,300,small,False
995,129.7966046333313,558.0,1,1,898,113,2,400,small,False
996,111.00982737541199,593.0,1,1,40,79,1,1500,small,False
997,82.91666746139526,886.0,1,1,40,79,1,1200,small,False
998,129.64802360534668,254.0,1,1,594,109,2,300,small,False
999,120.22708487510681,797.0,1,1,40,79,1,100,small,False
1000,113.91736817359924,1089.0,1,1,1320,79,1,500,small,False
1001,30.04696822166443,553.0,1,1,40,79,1,0,small,False
1002,39.210747480392456,538.0,1,1,40,79,1,300,small,False
1003,2.4161787033081055,243.0,1,1,40,79,1,0,small,False
1004,64.9810733795166,645.0,1,1,40,79,1,200,small,False
1005,59.712541341781616,704.0,1,1,40,79,1,400,small,False
1006,84.80014371871948,616.0,1,1,40,79,1,200,small,False
1007,4.616631269454956,224.0,1,1,40,79,1,0,small,False
1008,3.5729143619537354,240.0,1,1,40,79,1,0,small,False
1009,2.927351713180542,244.0,1,1,40,79,1,0,small,False
1010,59.19125485420227,615.0,1,1,40,79,1,100,small,False
1011,104.76073503494263,828.0,1,1,40,79,1,500,small,False
1012,74.87499380111694,979.0,1,1,40,79,1,300,small,False
1013,45.0635941028595,975.0,1,1,40,79,1,300,small,False
1014,123.51157402992249,1064.0,1,1,1320,79,1,1900,small,False
1015,82.65397095680237,651.0,1,1,40,79,1,400,small,False
1016,68.62396311759949,604.0,1,1,40,79,1,0,small,False
1017,63.97912287712097,657.0,1,1,40,79,1,0,small,False
1018,71.90121793746948,676.0,1,1,40,79,1,300,small,False
1019,4.172096014022827,212.0,1,1,40,79,1,200,small,False
1020,54.95630478858948,682.0,1,1,40,79,1,100,small,False
1021,56.43731999397278,948.0,1,1,40,79,1,600,small,False
1022,4.0986456871032715,227.0,1,1,40,79,1,0,small,False
1023,37.894755363464355,756.0,1,1,40,79,1,100,small,False
1024,3.9890120029449463,228.0,1,1,40,79,1,0,small,False
1025,68.2889232635498,908.0,1,1,40,79,1,500,small,False
1026,41.24277353286743,975.0,1,1,40,79,1,200,small,False
1027,54.88264799118042,940.0,1,1,40,79,1,100,small,False
1028,59.31078743934631,926.0,1,1,40,79,1,300,small,False
1029,5.513313055038452,179.0,1,1,40,79,1,0,small,False
1030,7.953403472900391,233.0,1,1,40,79,1,0,small,False
1031,99.53121209144592,1146.0,1,1,1320,79,1,600,small,False
1032,3.4408814907073975,232.0,1,1,40,79,1,0,small,False
1033,5.281306028366089,184.0,1,1,40,79,1,0,small,False
1034,6.453251600265503,136.0,1,1,40,79,1,0,small,False
1035,4.602290391921997,220.0,1,1,40,79,1,0,small,False
1036,66.81220173835754,913.0,1,1,40,79,1,600,small,False
1037,5.248572111129761,194.0,1,1,40,79,1,0,small,False
1038,7.9988627433776855,155.0,1,1,40,79,1,0,small,False
1039,129.3693926334381,543.0,1,1,877,79,2,1200,small,False
1040,45.65519690513611,738.0,1,1,40,79,1,400,small,False
1041,5.7252819538116455,171.0,1,1,40,79,1,0,small,False
1042,5.645129442214966,215.0,1,1,40,79,1,200,small,False
1043,5.263980150222778,218.0,1,1,40,79,1,0,small,False
1044,111.64622163772583,585.0,1,1,40,79,1,200,small,False
1045,5.011188745498657,200.0,1,1,40,79,1,0,small,False
1046,4.580481290817261,215.0,1,1,40,79,1,0,small,False
1047,129.3245828151703,877.0,1,1,1213,86,2,1450,small,False
1048,4.528050422668457,208.0,1,1,40,79,1,0,small,False
1049,127.824955701828,462.0,1,1,40,79,1,100,small,False
1050,5.865597724914551,158.0,1,1,40,79,1,0,small,False
1051,102.09923911094666,606.0,1,1,40,79,1,300,small,False
1052,56.80387091636658,674.0,1,1,40,79,1,100,small,False
1053,4.390331029891968,210.0,1,1,40,79,1,0,small,False
1054,66.84981393814087,688.0,1,1,40,79,1,0,small,False
1055,61.29373621940613,667.0,1,1,40,79,1,300,small,False
1056,129.5204405784607,102.0,1,1,440,116,2,1500,tall,False
1057,127.41226649284363,862.0,1,1,40,79,1,0,small,False
1058,4.8298180103302,184.0,1,1,40,79,1,0,small,False
1059,5.863377332687378,168.0,1,1,40,79,1,0,small,False
1060,82.33452844619751,880.0,1,1,40,79,1,500,small,False
1061,48.61206936836243,689.0,1,1,40,79,1,300,small,False
1062,5.909728765487671,163.0,1,1,40,79,1,0,small,False
1063,118.58613872528076,1098.0,1,1,1320,79,1,1200,small,False
1064,129.44836258888245,100.0,1,1,438,134,2,1350,tall,False
1065,84.12389421463013,881.0,1,1,40,79,1,600,small,False
1066,6.6442272663116455,138.0,1,1,40,79,1,0,small,False
1067,50.884782552719116,673.0,1,1,40,79,1,100,small,False
1068,54.80891013145447,703.0,1,1,40,79,1,0,small,False
1069,6.038555145263672,155.0,1,1,40,79,1,0,small,False
1070,6.781843185424805,133.0,1,1,40,79,1,0,small,False
1071,5.691247463226318,171.0,1,1,40,79,1,0,small,False
1072,5.222964763641357,178.0,1,1,40,79,1,0,small,False
1073,7.136688947677612,142.0,1,1,40,79,1,0,small,False
1074,5.229325294494629,178.0,1,1,40,79,1,0,small,False
1075,27.4947612285614,733.0,1,1,40,79,1,300,small,False
1076,4.9699273109436035,197.0,1,1,40,79,1,0,small,False
1077,66.86556124687195,931.0,1,1,40,79,1,1100,small,False
1078,6.088120460510254,199.0,1,1,40,79,1,0,small,False
1079,5.046813249588013,195.0,1,1,40,79,1,0,small,False
1080,5.097001791000366,192.0,1,1,40,79,1,0,small,False
1081,5.177143096923828,188.0,1,1,40,79,1,0,small,False
1082,7.228278398513794,143.0,1,1,40,79,1,0,small,False
1083,3.5725812911987305,229.0,1,1,40,79,1,0,small,False
1084,5.800439834594727,193.0,1,1,40,79,1,0,small,False
1085,4.988283634185791,203.0,1,1,40,79,1,0,small,False
1086,4.3392722606658936,219.0,1,1,40,79,1,0,small,False
1087,61.15990161895752,940.0,1,1,40,79,1,100,small,False
1088,62.07817101478577,617.0,1,1,40,79,1,400,small,False
1089,53.95891189575195,949.0,1,1,40,79,1,300,small,False
1090,37.27727293968201,985.0,1,1,40,79,1,200,small,False
1091,3.8246467113494873,228.0,1,1,40,79,1,200,small,False
1092,5.668195009231567,194.0,1,1,40,79,1,0,small,False
1093,5.025284767150879,188.0,1,1,40,79,1,0,small,False
1094,42.18335461616516,746.0,1,1,40,79,1,0,small,False
1095,54.36255717277527,656.0,1,1,40,79,1,200,small,False
1096,2.638096570968628,246.0,1,1,40,79,1,0,small,False
1097,41.0518581867218,680.0,1,1,40,79,1,100,small,False
1098,43.657458782196045,970.0,1,1,40,79,1,100,small,False
1099,41.220887422561646,748.0,1,1,40,79,1,300,small,False
1100,62.0049729347229,928.0,1,1,40,79,1,200,small,False
1101,21.707671880722046,1023.0,1,1,40,79,1,500,small,False
1102,88.67020392417908,1172.0,1,1,1320,79,1,600,small,False
1103,39.28854823112488,649.0,1,1,40,79,1,0,small,False
1104,3.528289318084717,223.0,1,1,40,79,1,0,small,False
1105,6.012454986572266,149.0,1,1,40,79,1,0,small,False
1106,3.5494344234466553,223.0,1,1,40,79,1,200,small,False
1107,5.22662091255188,179.0,1,1,40,79,1,0,small,False
1108,5.706780433654785,165.0,1,1,40,79,1,0,small,False
1109,4.532294988632202,207.0,1,1,40,79,1,200,small,False
1110,129.68110346794128,-167.0,1,1,173,79,2,100,small,False
1111,4.06019139289856,219.0,1,1,40,79,1,0,small,False
1112,3.981095314025879,220.0,1,1,40,79,1,0,small,False
1113,43.43912363052368,650.0,1,1,40,79,1,300,small,False
1114,43.356712341308594,747.0,1,1,40,79,1,1450,small,False
1115,5.102182149887085,186.0,1,1,40,79,1,0,small,False
1116,60.30389881134033,611.0,1,1,40,79,1,300,small,False
1117,4.3465471267700195,214.0,1,1,40,79,1,200,small,False
1118,53.53404259681702,660.0,1,1,40,79,1,400,small,False
1119,10.41147756576538,42.0,1,1,40,79,1,0,small,False
1120,9.681510925292969,44.0,1,1,40,79,1,0,small,False
1121,4.982393741607666,181.0,1,1,40,79,1,0,small,False
1122,4.44771146774292,198.0,1,1,40,79,1,0,small,False
1123,7.6236677169799805,119.0,1,1,40,79,1,0,small,False
1124,4.2745091915130615,206.0,1,1,40,79,1,0,small,False
1125,33.48773670196533,1001.0,1,1,40,79,1,1400,small,False
1126,5.876632213592529,158.0,1,1,40,79,1,0,small,False
1127,6.085918188095093,152.0,1,1,40,79,1,0,small,False
1128,3.8636412620544434,217.0,1,1,40,79,1,0,small,False
1129,3.707453966140747,221.0,1,1,40,79,1,0,small,False
1130,23.296358823776245,696.0,1,1,40,79,1,200,small,False
1131,3.6281747817993164,226.0,1,1,40,79,1,0,small,False
1132,3.3944528102874756,227.0,1,1,40,79,1,0,small,False
1133,3.5964174270629883,224.0,1,1,40,79,1,200,small,False
1134,66.81256175041199,919.0,1,1,40,79,1,600,small,False
1135,4.912769556045532,185.0,1,1,40,79,1,0,small,False
1136,101.25813698768616,1137.0,1,1,1320,79,1,600,small,False
1137,3.544283628463745,228.0,1,1,40,79,1,0,small,False
1138,70.12791848182678,1214.0,1,1,1320,79,1,400,small,False
1139,27.837746620178223,1317.0,1,1,1320,79,1,1300,small,False
1140,42.59186124801636,683.0,1,1,40,79,1,400,small,False
1141,30.37379264831543,1304.0,1,1,1320,79,1,300,small,False
1142,26.532963037490845,1010.0,1,1,40,79,1,300,small,False
1143,3.242666244506836,232.0,1,1,40,79,1,0,small,False
1144,15.44022822380066,591.0,1,1,40,79,1,100,small,False
1145,4.805260896682739,191.0,1,1,40,79,1,200,small,False
1146,44.19808483123779,970.0,1,1,40,79,1,100,small,False
1147,4.486207008361816,203.0,1,1,40,79,1,0,small,False
1148,99.1224377155304,614.0,1,1,40,79,1,400,small,False
1149,45.28075075149536,663.0,1,1,40,79,1,400,small,False
1150,38.038909673690796,755.0,1,1,40,79,1,300,small,False
1151,5.085659027099609,197.0,1,1,40,79,1,0,small,False
1152,5.865242004394531,224.0,1,1,40,79,1,0,small,False
1153,37.57987570762634,986.0,1,1,40,79,1,300,small,False
1154,32.994792222976685,1020.0,1,1,40,79,1,400,small,False
1155,53.13509154319763,657.0,1,1,40,79,1,200,small,False
1156,4.825909376144409,216.0,1,1,40,79,1,0,small,False
1157,4.309269905090332,235.0,1,1,40,79,1,0,small,False
1158,9.893749237060547,201.0,1,1,40,79,1,0,small,False
1159,80.22058939933777,887.0,1,1,40,79,1,600,small,False
1160,7.073948860168457,160.0,1,1,40,79,1,200,small,False
1161,116.62743020057678,810.0,1,1,40,79,1,200,small,False
1162,40.10622978210449,1047.0,1,1,40,79,1,1200,small,False
1163,6.043726682662964,161.0,1,1,40,79,1,0,small,False
1164,4.787850379943848,214.0,1,1,40,79,1,200,small,False
1165,66.6051173210144,927.0,1,1,40,79,1,1450,small,False
1166,4.830903053283691,196.0,1,1,40,79,1,200,small,False
1167,4.870062828063965,224.0,1,1,40,79,1,0,small,False
1168,3.453615427017212,224.0,1,1,40,79,1,0,small,False
1169,5.083029508590698,192.0,1,1,40,79,1,0,small,False
1170,7.289134740829468,131.0,1,1,40,79,1,0,small,False
1171,3.7390987873077393,229.0,1,1,40,79,1,0,small,False
1172,129.64273476600647,93.0,1,1,429,79,2,1300,tall,False
1173,5.452345371246338,201.0,1,1,40,79,1,0,small,False
1174,66.68279361724854,597.0,1,1,40,79,1,100,small,False
1175,116.62108874320984,490.0,1,1,40,79,1,300,small,False
1176,49.09946823120117,730.0,1,1,40,79,1,200,small,False
1177,9.105817556381226,64.0,1,1,40,79,1,200,small,False
1178,59.20120286941528,707.0,1,1,40,79,1,0,small,False
1179,5.242435455322266,207.0,1,1,40,79,1,0,small,False
1180,4.84190559387207,192.0,1,1,40,79,1,0,small,False
1181,6.390474081039429,208.0,1,1,40,79,1,0,small,False
1182,5.447862863540649,175.0,1,1,40,79,1,0,small,False
1183,6.292228698730469,146.0,1,1,40,79,1,0,small,False
1184,6.101515293121338,207.0,1,1,40,79,1,0,small,False
1185,6.363146066665649,142.0,1,1,40,79,1,0,small,False
1186,129.72841882705688,87.0,1,1,428,114,2,300,small,False
1187,7.216295957565308,110.0,1,1,40,79,1,0,small,False
1188,129.70205950737,382.0,1,1,722,110,2,500,small,False
1189,88.4998242855072,893.0,1,1,40,79,1,1300,small,False
1190,129.6840341091156,706.0,1,1,1042,112,2,1400,small,False
1191,129.87340807914734,567.0,1,1,907,143,2,400,small,False
1192,10.48663854598999,90.0,1,1,40,79,1,0,small,False
1193,124.83556294441223,759.0,1,1,40,79,1,400,small,False
1194,75.03161311149597,868.0,1,1,40,79,1,1750,small,False
1195,4.43178129196167,192.0,1,1,40,79,1,0,small,False
1196,30.47813367843628,701.0,1,1,40,79,1,200,small,False
1197,129.76568365097046,558.0,1,1,898,79,2,600,small,False
1198,82.83802151679993,658.0,1,1,40,79,1,1100,small,False
1199,121.56794500350952,563.0,1,1,40,79,1,400,small,False
1200,19.010924100875854,147.0,1,1,40,79,1,0,small,False
1201,46.787856101989746,954.0,1,1,40,79,1,200,small,False
1202,5.096923589706421,189.0,1,1,40,79,1,0,small,False
